21-11-2018 16:31:26 - ################################################################
21-11-2018 16:31:26 - Procesando ID Canal Movimineto :1232A3BA-D4ED-E811-810E-00505686417C
21-11-2018 16:31:26 - Actualiza estado de Canal Moviminetos 61 :1232A3BA-D4ED-E811-810E-00505686417C
21-11-2018 16:31:26 - Tipo de transaccion:REVERSO CON BANDA.MAGNETICA
21-11-2018 16:31:26 - Actualiza estado de Requerimineto 61 :34006
21-11-2018 16:31:26 - Secuencia Transaccion: ufs5WyU/EcW5q71yc+8+K7q7A42ovafSObVvoWD444WSyojKhCvEpzheAsowB34rXwAf4EUIg+Ng2y/LJ/oqJO7SvTYgJLjU+zJuuEpcb55V4OuH8HAmhSmu/s651KuSChsLB7b7Hfzc1T0NnzJXZ4+0fYPVbpKPbWWCSE9TtEPzQr6AU2+D38WXTKpYKGL0jwiIds7lVvT9Zk/MQQ55M7zVZAic8ukrSl+M8LI9vda56J/6aVRBH7zVZAic8ukrvNVkCJzy6SsEOJmQvvNRZmgEVLm1r7r6aARUubWvuvpoBFS5ta+6+mgEVLm1r7r6hWqQG6pjzUph6LUXhDB6nKiaA0QQ870cQ1sWNrgwQ4U4icrcBkP/tJIKHLnIHk0r5vViIRBNHHt6WSQhJJbAx21lgkhPU7RD41WKrZCJKbwB3jZA7Alqeo+IC9kRd1hQHkYHbj0ssiPp1bow7FhuOxYAzJNDd5/uS1IW6MG/eGxoBFS5ta+6+mgEVLm1r7r6aARUubWvuvpoBFS5ta+6+mgEVLm1r7r6VU12X+IBx2M=
21-11-2018 16:31:27 - Respuesta obtenida: exhlGwj6CG53QiB1RQaDI2tf3XIojVZu9//+JK8CvIqet0UtMzGCPSL5g2UTh3JUR4eUljO6bTSRr5/F7mwPPGgEVLm1r7r6aARUubWvuvpoBFS5ta+6+mgEVLm1r7r6aARUubWvuvpoBFS5ta+6+mgEVLm1r7r6aARUubWvuvpoBFS5ta+6+mgEVLm1r7r6aARUubWvuvpoBFS5ta+6+mgEVLm1r7r6aARUubWvuvpoBFS5ta+6+mgEVLm1r7r6aARUubWvuvpoBFS5ta+6+mgEVLm1r7r6aARUubWvuvpoBFS5ta+6+mgEVLm1r7r6aARUubWvuvpoBFS5ta+6+mgEVLm1r7r6aARUubWvuvpoBFS5ta+6+mgEVLm1r7r6aARUubWvuvpoBFS5ta+6+vYBvdnYYtzXXE8PQ+Sb7GKM8XXy2+OkyGgEVLm1r7r6zaLbpIbgpANFVt8Ecd33CLRTbA4qudAN60UzYEUeojJoBFS5ta+6+jjLqzYYOn2T
21-11-2018 16:31:27 - [Mensaje de respuesta]  Codigo:  76, Mensaje:  CUENTA INVALIDA ,   Secuencia:  INSERTAR 
21-11-2018 16:31:27 - Actualizar a estado 42 ID: 1232A3BA-D4ED-E811-810E-00505686417C
21-11-2018 16:31:40 - ################################################################
21-11-2018 16:31:40 - Procesando ID Canal Movimineto :3CE97AD0-D4ED-E811-810E-00505686417C
21-11-2018 16:31:40 - Actualiza estado de Canal Moviminetos 61 :3CE97AD0-D4ED-E811-810E-00505686417C
21-11-2018 16:31:40 - Tipo de transaccion:ENVIO CON BANDA.MAGNETICA
21-11-2018 16:31:40 - Actualiza estado de Requerimineto 61 :34007
21-11-2018 16:31:40 - Secuencia Transaccion: ufs5WyU/EcW5q71yc+8+K7q7A42ovafSObVvoWD444WSyojKhCvEpzheAsowB34rXwAf4EUIg+Ng2y/LJ/oqJO7SvTYgJLjU+zJuuEpcb55V4OuH8HAmhSmu/s651KuSChsLB7b7HfzezGk8rMzYmY+0fYPVbpKPbWWCSE9TtEPzQr6AU2+D38WXTKpYKGL0jwiIds7lVvT9Zk/MQQ55M7zVZAic8ukrSl+M8LI9vda56J/6aVRBH7zVZAic8ukrvNVkCJzy6SsEOJmQvvNRZmgEVLm1r7r6aARUubWvuvpoBFS5ta+6+mgEVLm1r7r6hWqQG6pjzUquBHgzTFv/26iaA0QQ870cQ1sWNrgwQ4U4icrcBkP/tJIKHLnIHk0r5vViIRBNHHt6WSQhJJbAx21lgkhPU7RD41WKrZCJKbwB3jZA7Alqeo+IC9kRd1hQHkYHbj0ssiPp1bow7FhuOxYAzJNDd5/uS1IW6MG/eGxoBFS5ta+6+mgEVLm1r7r6aARUubWvuvpoBFS5ta+6+mgEVLm1r7r6VU12X+IBx2M=
21-11-2018 16:31:40 - Respuesta obtenida: ZBPUaTp1vDFJD4ZYAZsBSGgEVLm1r7r688WPhGTKiMAT0rqUAmO2LEN71ehwP8nEUwzAM8OyyPaRr5/F7mwPPGgEVLm1r7r6aARUubWvuvpoBFS5ta+6+mgEVLm1r7r6aARUubWvuvpoBFS5ta+6+mgEVLm1r7r6aARUubWvuvpoBFS5ta+6+mgEVLm1r7r6aARUubWvuvpoBFS5ta+6+my332JB3Sd7Vxbq3PJ0wDMert6ypVXGgWgEVLm1r7r6aARUubWvuvpoBFS5ta+6+mgEVLm1r7r6N4CSRGxpDnjNTX69/NKFJwNvtWn5UHIqaARUubWvuvpoBFS5ta+6+mgEVLm1r7r6aARUubWvuvpoBFS5ta+6+khNk7AzCg0kYmDNmw+mHU7Gpw8zqH39s0ViROXGzzfQXE8PQ+Sb7GKM8XXy2+OkyGgEVLm1r7r6zaLbpIbgpANFVt8Ecd33CLRTbA4qudAN60UzYEUeojJoBFS5ta+6+jjLqzYYOn2T
21-11-2018 16:31:40 - [Mensaje de respuesta]  Codigo:  00, Mensaje:  Transaccion Aprobada Banda Magnetica ,   Secuencia:  APROBADA 
21-11-2018 16:31:40 - Actualizar a estado 42 ID: 3CE97AD0-D4ED-E811-810E-00505686417C
21-11-2018 16:32:38 - ################################################################
21-11-2018 16:32:38 - Procesando ID Canal Movimineto :D74DE0F5-D4ED-E811-810E-00505686417C
21-11-2018 16:32:38 - Actualiza estado de Canal Moviminetos 61 :D74DE0F5-D4ED-E811-810E-00505686417C
21-11-2018 16:32:38 - Tipo de transaccion:ANULACION CON BANDA.MAGNETICA
21-11-2018 16:32:38 - Actualiza estado de Requerimineto 61 :34008
21-11-2018 16:32:38 - Secuencia Transaccion: ufs5WyU/EcW5q71yc+8+K7q7A42ovafSObVvoWD444WSyojKhCvEpzheAsowB34rXwAf4EUIg+Ng2y/LJ/oqJO7SvTYgJLjU+zJuuEpcb55V4OuH8HAmhSmu/s651KuSChsLB7b7HfxPaWaoIl8JzI+0fYPVbpKPbWWCSE9TtEPzQr6AU2+D38WXTKpYKGL0jwiIds7lVvT9Zk/MQQ55M7zVZAic8ukrSl+M8LI9vda56J/6aVRBH7zVZAic8ukrvNVkCJzy6SsEOJmQvvNRZmgEVLm1r7r6aARUubWvuvpoBFS5ta+6+mgEVLm1r7r6hWqQG6pjzUr6g01Pk76mAmTDiB7fR7FigP63/GtBfFc4icrcBkP/tJIKHLnIHk0r5vViIRBNHHt6WSQhJJbAx21lgkhPU7RD41WKrZCJKbwB3jZA7Alqeo+IC9kRd1hQHkYHbj0ssiPp1bow7FhuOxYAzJNDd5/uS1IW6MG/eGxoBFS5ta+6+mgEVLm1r7r6aARUubWvuvpoBFS5ta+6+mgEVLm1r7r6VU12X+IBx2M=
21-11-2018 16:32:39 - Respuesta obtenida: 6nauiddCKQ1JD4ZYAZsBSGgEVLm1r7r688WPhGTKiMCYv3rI/cVkvEN71ehwP8nEUwzAM8OyyPaRr5/F7mwPPGgEVLm1r7r6aARUubWvuvpoBFS5ta+6+mgEVLm1r7r6aARUubWvuvpoBFS5ta+6+mgEVLm1r7r6aARUubWvuvpoBFS5ta+6+mgEVLm1r7r6aARUubWvuvpoBFS5ta+6+my332JB3Sd7Vxbq3PJ0wDMert6ypVXGgWgEVLm1r7r6aARUubWvuvpoBFS5ta+6+mgEVLm1r7r6N4CSRGxpDnjNTX69/NKFJwNvtWn5UHIqaARUubWvuvpoBFS5ta+6+mgEVLm1r7r6aARUubWvuvpoBFS5ta+6+khNk7AzCg0kYmDNmw+mHU7Gpw8zqH39s0ViROXGzzfQXE8PQ+Sb7GKM8XXy2+OkyGgEVLm1r7r6zaLbpIbgpANFVt8Ecd33CLRTbA4qudAN60UzYEUeojJoBFS5ta+6+jjLqzYYOn2T
21-11-2018 16:32:39 - [Mensaje de respuesta]  Codigo:  00, Mensaje:  Transaccion Aprobada Banda Magnetica ,   Secuencia:  APROBADA 
21-11-2018 16:32:39 - Actualizar a estado 42 ID: D74DE0F5-D4ED-E811-810E-00505686417C
