14-08-2018 11:59:09 - ################################################################
14-08-2018 11:59:09 - Procesando ID Canal Movimineto :F3EA0F57-E39F-E811-8109-00505686417C
14-08-2018 11:59:09 - Actualiza estado de Canal Moviminetos 61 :F3EA0F57-E39F-E811-8109-00505686417C
14-08-2018 11:59:09 - Actualiza estado de Requerimineto 61 :174
14-08-2018 11:59:09 - Secuencia Transaccion: obtieneClase(com.credibanco.tef.controller.param.TefParameters)->ejecutaMetodo([0]>[]>getInstance>[])->ejecutaMetodo([0]>[]>instanceDataManager>[])->ejecutaMetodo([0]>[]>instanceAuthorizationManager>[])->obtieneClase(com.credibanco.tef.controller.TEFTransactionManager)->ejecutaMetodo([4]>[*00*&[2]&[3]]>getTEFAuthorization>[01,4000,296,PRB00000,542,0,0,amaxpoint,0,0,02])
14-08-2018 11:59:22 - Respuesta obtenida: 02,      ,000000004000,000000000296,PRB00000  ,000000,000000,00000000,000000,0000,XX,VISA G    ,  ,00,5209,400558,2112,012304481              ,ECUADOR                ,00,000000000000,000000000000,61
14-08-2018 11:59:22 - [Mensaje de respuesta]  Codigo:  02, Mensaje:  Transaccion Negada Online DATAFONO ,   Secuencia:  insertar 
14-08-2018 11:59:22 - si cumple longitud - Trama insertada mediante ejecución normal: 02,      ,000000004000,000000000296,PRB00000  ,000000,000000,00000000,000000,0000,XX,VISA G    ,  ,00,5209,400558,2112,012304481              ,ECUADOR                ,00,000000000000,000000000000,61
14-08-2018 11:59:22 - Actualizar a estado 42 ID: F3EA0F57-E39F-E811-8109-00505686417C
14-08-2018 12:00:23 - ################################################################
14-08-2018 12:00:23 - Procesando ID Canal Movimineto :58BD7286-E39F-E811-8109-00505686417C
14-08-2018 12:00:23 - Actualiza estado de Canal Moviminetos 61 :58BD7286-E39F-E811-8109-00505686417C
14-08-2018 12:00:23 - Actualiza estado de Requerimineto 61 :175
14-08-2018 12:00:23 - Secuencia Transaccion: obtieneClase(com.credibanco.tef.controller.param.TefParameters)->ejecutaMetodo([0]>[]>getInstance>[])->ejecutaMetodo([0]>[]>instanceDataManager>[])->ejecutaMetodo([0]>[]>instanceAuthorizationManager>[])->obtieneClase(com.credibanco.tef.controller.TEFTransactionManager)->ejecutaMetodo([4]>[*00*&[2]&[3]]>getTEFAuthorization>[01,4000,296,PRB00000,543,0,0,amaxpoint,0,0,03])
14-08-2018 12:02:02 - Respuesta obtenida: 03,,000000004000,000000000296,PRB00000  ,,,,,,,,,,,,,,,,,,7a
14-08-2018 12:02:02 - [Mensaje de respuesta]  Codigo:  03, Mensaje:  Transaccion sin respuesta final del datafono DATAFONO ,   Secuencia:  obtieneClase(com.credibanco.tef.controller.param.TefParameters)->ejecutaMetodo([0]>[]>getInstance>[])->ejecutaMetodo([0]>[]>instanceDataManager>[])->ejecutaMetodo([0]>[]>instanceAuthorizationManager>[])->obtieneClase(com.credibanco.tef.controller.TEFTransactionManager)->ejecutaMetodo([4]>[*00*&[2]&[3]]>checkLastTransaction>[]) 
14-08-2018 12:02:02 - Ejecion recursiva iniciada.
14-08-2018 12:02:02 - Ejecutando secuencia segun mensajes de respuesta  intentos> 2 falntantes: : obtieneClase(com.credibanco.tef.controller.param.TefParameters)->ejecutaMetodo([0]>[]>getInstance>[])->ejecutaMetodo([0]>[]>instanceDataManager>[])->ejecutaMetodo([0]>[]>instanceAuthorizationManager>[])->obtieneClase(com.credibanco.tef.controller.TEFTransactionManager)->ejecutaMetodo([4]>[*00*&[2]&[3]]>checkLastTransaction>[])
14-08-2018 12:02:13 - Nueva Trama respuesta: 03
14-08-2018 12:02:13 - [Mensaje de respuesta RC]  Codigo:  03, Mensaje:  Transaccion sin respuesta final del datafono DATAFONO ,   Secuencia:  obtieneClase(com.credibanco.tef.controller.param.TefParameters)->ejecutaMetodo([0]>[]>getInstance>[])->ejecutaMetodo([0]>[]>instanceDataManager>[])->ejecutaMetodo([0]>[]>instanceAuthorizationManager>[])->obtieneClase(com.credibanco.tef.controller.TEFTransactionManager)->ejecutaMetodo([4]>[*00*&[2]&[3]]>checkLastTransaction>[]) 
14-08-2018 12:02:13 - Ejecion recursiva terminada.
14-08-2018 12:02:13 - Actualizar a estado 42 ID: 58BD7286-E39F-E811-8109-00505686417C
14-08-2018 12:06:10 - ################################################################
14-08-2018 12:06:10 - Procesando ID Canal Movimineto :8AAA1455-E49F-E811-8109-00505686417C
14-08-2018 12:06:10 - Actualiza estado de Canal Moviminetos 61 :8AAA1455-E49F-E811-8109-00505686417C
14-08-2018 12:06:10 - Actualiza estado de Requerimineto 61 :176
14-08-2018 12:06:10 - Secuencia Transaccion: obtieneClase(com.credibanco.tef.controller.param.TefParameters)->ejecutaMetodo([0]>[]>getInstance>[])->ejecutaMetodo([0]>[]>instanceDataManager>[])->ejecutaMetodo([0]>[]>instanceAuthorizationManager>[])->obtieneClase(com.credibanco.tef.controller.TEFTransactionManager)->ejecutaMetodo([4]>[*00*&[2]&[3]]>getTEFAuthorization>[01,4000,296,PRB00000,544,0,0,amaxpoint,0,0,04])
14-08-2018 12:06:24 - Respuesta obtenida: 02,      ,000000004000,000000000296,PRB00000  ,000000,000000,00000000,000000,0000,XX,VISA G    ,  ,00,5209,400558,2112,012304481              ,ECUADOR                ,00,000000000000,000000000000,61
14-08-2018 12:06:24 - [Mensaje de respuesta]  Codigo:  02, Mensaje:  Transaccion Negada Online DATAFONO ,   Secuencia:  insertar 
14-08-2018 12:06:24 - si cumple longitud - Trama insertada mediante ejecución normal: 02,      ,000000004000,000000000296,PRB00000  ,000000,000000,00000000,000000,0000,XX,VISA G    ,  ,00,5209,400558,2112,012304481              ,ECUADOR                ,00,000000000000,000000000000,61
14-08-2018 12:06:24 - Actualizar a estado 42 ID: 8AAA1455-E49F-E811-8109-00505686417C
14-08-2018 12:07:03 - ################################################################
14-08-2018 12:07:03 - Procesando ID Canal Movimineto :E6BB0976-E49F-E811-8109-00505686417C
14-08-2018 12:07:03 - Actualiza estado de Canal Moviminetos 61 :E6BB0976-E49F-E811-8109-00505686417C
14-08-2018 12:07:03 - Actualiza estado de Requerimineto 61 :177
14-08-2018 12:07:03 - Secuencia Transaccion: obtieneClase(com.credibanco.tef.controller.param.TefParameters)->ejecutaMetodo([0]>[]>getInstance>[])->ejecutaMetodo([0]>[]>instanceDataManager>[])->ejecutaMetodo([0]>[]>instanceAuthorizationManager>[])->obtieneClase(com.credibanco.tef.controller.TEFTransactionManager)->ejecutaMetodo([4]>[*00*&[2]&[3]]>getTEFAuthorization>[01,4000,296,PRB00000,545,0,0,amaxpoint,0,0,05])
14-08-2018 12:08:47 - Respuesta obtenida: 03,,000000004000,000000000296,PRB00000  ,,,,,,,,,,,,,,,,,,7a
14-08-2018 12:08:48 - [Mensaje de respuesta]  Codigo:  03, Mensaje:  Transaccion sin respuesta final del datafono DATAFONO ,   Secuencia:  obtieneClase(com.credibanco.tef.controller.param.TefParameters)->ejecutaMetodo([0]>[]>getInstance>[])->ejecutaMetodo([0]>[]>instanceDataManager>[])->ejecutaMetodo([0]>[]>instanceAuthorizationManager>[])->obtieneClase(com.credibanco.tef.controller.TEFTransactionManager)->ejecutaMetodo([4]>[*00*&[2]&[3]]>checkLastTransaction>[]) 
14-08-2018 12:08:48 - Ejecion recursiva iniciada.
14-08-2018 12:08:48 - Ejecutando secuencia segun mensajes de respuesta  intentos> 2 falntantes: : obtieneClase(com.credibanco.tef.controller.param.TefParameters)->ejecutaMetodo([0]>[]>getInstance>[])->ejecutaMetodo([0]>[]>instanceDataManager>[])->ejecutaMetodo([0]>[]>instanceAuthorizationManager>[])->obtieneClase(com.credibanco.tef.controller.TEFTransactionManager)->ejecutaMetodo([4]>[*00*&[2]&[3]]>checkLastTransaction>[])
14-08-2018 12:09:23 - Nueva Trama respuesta: 00,468550,000000004000,000000000296,,000112,000113,00018487,000814,1207,00,VISA G    ,CR,01,5209,400558,2112,012304481              ,ECUADOR                ,00,000000000000,000000000000,03
14-08-2018 12:09:54 - [Mensaje de respuesta RC]  Codigo:  00, Mensaje:  Transaccion Aprobada DATAFONO ,   Secuencia:  insertar 
14-08-2018 12:10:03 - RC - Se auto completo la trama: 00,468550,000000004000,000000000296,          ,000112,000113,00018487,000814,1207,00,VISA G    ,CR,01,5209,400558,2112,012304481              ,ECUADOR                ,00,000000000000,000000000000,03
14-08-2018 12:10:05 - Ejecion recursiva terminada.
14-08-2018 12:10:05 - Actualizar a estado 42 ID: E6BB0976-E49F-E811-8109-00505686417C
14-08-2018 12:20:37 - ################################################################
14-08-2018 12:20:37 - Procesando ID Canal Movimineto :EC5D5E5B-E69F-E811-8109-00505686417C
14-08-2018 12:20:37 - Actualiza estado de Canal Moviminetos 61 :EC5D5E5B-E69F-E811-8109-00505686417C
14-08-2018 12:20:37 - Actualiza estado de Requerimineto 61 :178
14-08-2018 12:20:37 - Secuencia Transaccion: obtieneClase(com.credibanco.tef.controller.param.TefParameters)->ejecutaMetodo([0]>[]>getInstance>[])->ejecutaMetodo([0]>[]>instanceDataManager>[])->ejecutaMetodo([0]>[]>instanceAuthorizationManager>[])->obtieneClase(com.credibanco.tef.controller.TEFTransactionManager)->ejecutaMetodo([4]>[*00*&[2]&[3]]>getTEFAuthorization>[01,4000,296,PRB00000,546,0,0,amaxpoint,0,0,06])
14-08-2018 12:21:13 - Respuesta obtenida: 02,      ,000000004000,000000000296,PRB00000  ,000000,000000,00000000,000000,0000,XX,VISA G    ,  ,00,5209,400558,2112,012304481              ,ECUADOR                ,00,000000000000,000000000000,61
14-08-2018 12:21:14 - [Mensaje de respuesta]  Codigo:  02, Mensaje:  Transaccion Negada Online DATAFONO ,   Secuencia:  insertar 
14-08-2018 12:21:14 - si cumple longitud - Trama insertada mediante ejecución normal: 02,      ,000000004000,000000000296,PRB00000  ,000000,000000,00000000,000000,0000,XX,VISA G    ,  ,00,5209,400558,2112,012304481              ,ECUADOR                ,00,000000000000,000000000000,61
14-08-2018 12:21:14 - Actualizar a estado 42 ID: EC5D5E5B-E69F-E811-8109-00505686417C
14-08-2018 12:21:35 - ################################################################
14-08-2018 12:21:35 - Procesando ID Canal Movimineto :EA2DFD7D-E69F-E811-8109-00505686417C
14-08-2018 12:21:35 - Actualiza estado de Canal Moviminetos 61 :EA2DFD7D-E69F-E811-8109-00505686417C
14-08-2018 12:21:35 - Actualiza estado de Requerimineto 61 :179
14-08-2018 12:21:35 - Secuencia Transaccion: obtieneClase(com.credibanco.tef.controller.param.TefParameters)->ejecutaMetodo([0]>[]>getInstance>[])->ejecutaMetodo([0]>[]>instanceDataManager>[])->ejecutaMetodo([0]>[]>instanceAuthorizationManager>[])->obtieneClase(com.credibanco.tef.controller.TEFTransactionManager)->ejecutaMetodo([4]>[*00*&[2]&[3]]>getTEFAuthorization>[01,4000,296,PRB00000,547,0,0,amaxpoint,0,0,07])
14-08-2018 12:21:52 - Respuesta obtenida: 05,,000000004000,000000000296,PRB00000  ,,,,,,,,,,,,,,,,,,7c
14-08-2018 12:21:52 - [Mensaje de respuesta]  Codigo:  05, Mensaje:  Transaccion con errores de apertura de puerto serial, o timeout sin recibir la solicitud inicial del datafono DATAFON ,   Secuencia:  insertar 
14-08-2018 12:21:52 - Se auto completo la trama: 05,      ,000000004000,000000000296,PRB00000  ,      ,      ,        ,      ,    ,  ,          ,  ,  ,    ,      ,    ,                       ,                       ,  ,            ,            ,7c
14-08-2018 12:21:52 - Actualizar a estado 42 ID: EA2DFD7D-E69F-E811-8109-00505686417C
14-08-2018 12:22:13 - ################################################################
14-08-2018 12:22:13 - Procesando ID Canal Movimineto :89B4AE8F-E69F-E811-8109-00505686417C
14-08-2018 12:22:13 - Actualiza estado de Canal Moviminetos 61 :89B4AE8F-E69F-E811-8109-00505686417C
14-08-2018 12:22:13 - Actualiza estado de Requerimineto 61 :180
14-08-2018 12:22:13 - Secuencia Transaccion: obtieneClase(com.credibanco.tef.controller.param.TefParameters)->ejecutaMetodo([0]>[]>getInstance>[])->ejecutaMetodo([0]>[]>instanceDataManager>[])->ejecutaMetodo([0]>[]>instanceAuthorizationManager>[])->obtieneClase(com.credibanco.tef.controller.TEFTransactionManager)->ejecutaMetodo([4]>[*00*&[2]&[3]]>getTEFAuthorization>[01,4000,296,PRB00000,548,0,0,amaxpoint,0,0,08])
14-08-2018 12:23:52 - Respuesta obtenida: 03,,000000004000,000000000296,PRB00000  ,,,,,,,,,,,,,,,,,,7a
14-08-2018 12:23:52 - [Mensaje de respuesta]  Codigo:  03, Mensaje:  Transaccion sin respuesta final del datafono DATAFONO ,   Secuencia:  insertar 
14-08-2018 12:23:52 - Se auto completo la trama: 03,      ,000000004000,000000000296,PRB00000  ,      ,      ,        ,      ,    ,  ,          ,  ,  ,    ,      ,    ,                       ,                       ,  ,            ,            ,7a
14-08-2018 12:23:52 - Actualizar a estado 42 ID: 89B4AE8F-E69F-E811-8109-00505686417C
14-08-2018 17:14:21 - ################################################################
14-08-2018 17:14:21 - Procesando ID Canal Movimineto :9438B261-0FA0-E811-8109-00505686417C
14-08-2018 17:14:21 - Actualiza estado de Canal Moviminetos 61 :9438B261-0FA0-E811-8109-00505686417C
14-08-2018 17:14:21 - Actualiza estado de Requerimineto 61 :182
14-08-2018 17:14:21 - Secuencia Transaccion: obtieneClase(com.credibanco.tef.controller.param.TefParameters)->ejecutaMetodo([0]>[]>getInstance>[])->ejecutaMetodo([0]>[]>instanceDataManager>[])->ejecutaMetodo([0]>[]>instanceAuthorizationManager>[])->obtieneClase(com.credibanco.tef.controller.TEFTransactionManager)->ejecutaMetodo([4]>[*00*&[2]&[3]]>getTEFAuthorization>[01,4000,296,PRB00000,550,0,0,amaxpoint,0,0,01])
14-08-2018 17:14:48 - Respuesta obtenida: 00,308029,000000004000,000000000296,PRB00000  ,000114,000115,00018487,000814,1714,00,VISA G    ,CR,01,5209,400558,2112,012304481              ,ECUADOR                ,00,000000000000,000000000000,7e
14-08-2018 17:14:48 - [Mensaje de respuesta]  Codigo:  00, Mensaje:  Transaccion Aprobada DATAFONO ,   Secuencia:  insertar 
14-08-2018 17:14:48 - si cumple longitud - Trama insertada mediante ejecución normal: 00,308029,000000004000,000000000296,PRB00000  ,000114,000115,00018487,000814,1714,00,VISA G    ,CR,01,5209,400558,2112,012304481              ,ECUADOR                ,00,000000000000,000000000000,7e
14-08-2018 17:14:48 - Actualizar a estado 42 ID: 9438B261-0FA0-E811-8109-00505686417C
14-08-2018 17:15:03 - ################################################################
14-08-2018 17:15:03 - Procesando ID Canal Movimineto :A865F37C-0FA0-E811-8109-00505686417C
14-08-2018 17:15:03 - Actualiza estado de Canal Moviminetos 61 :A865F37C-0FA0-E811-8109-00505686417C
14-08-2018 17:15:03 - Actualiza estado de Requerimineto 61 :183
14-08-2018 17:15:36 - ################################################################
14-08-2018 17:15:36 - Procesando ID Canal Movimineto :88A22390-0FA0-E811-8109-00505686417C
14-08-2018 17:15:36 - Actualiza estado de Canal Moviminetos 61 :88A22390-0FA0-E811-8109-00505686417C
14-08-2018 17:15:36 - Actualiza estado de Requerimineto 61 :184
14-08-2018 17:19:50 - ################################################################
14-08-2018 17:19:50 - Procesando ID Canal Movimineto :84459028-10A0-E811-8109-00505686417C
14-08-2018 17:19:50 - Actualiza estado de Canal Moviminetos 61 :84459028-10A0-E811-8109-00505686417C
14-08-2018 17:19:50 - Actualiza estado de Requerimineto 61 :185
14-08-2018 17:19:51 - Secuencia Transaccion: obtieneClase(com.credibanco.tef.controller.param.TefParameters)->ejecutaMetodo([0]>[]>getInstance>[])->ejecutaMetodo([0]>[]>instanceDataManager>[])->ejecutaMetodo([0]>[]>instanceAuthorizationManager>[])->obtieneClase(com.credibanco.tef.controller.TEFTransactionManager)->ejecutaMetodo([4]>[*00*&[2]&[3]]>getTEFAuthorization>[02,PRB00000,123,0000000553,amaxpoint,0,0,14])
14-08-2018 17:20:08 - Respuesta obtenida: 02,      ,000000000000,000000000000,000amaxpoint,000000,000000,00000000,000000,0000,XX,          ,  ,00,0000,000000,0000,012304481              ,ECUADOR                ,00,,,39
14-08-2018 17:20:41 - ################################################################
14-08-2018 17:20:41 - Procesando ID Canal Movimineto :4743E345-10A0-E811-8109-00505686417C
14-08-2018 17:20:41 - Actualiza estado de Canal Moviminetos 61 :4743E345-10A0-E811-8109-00505686417C
14-08-2018 17:20:41 - Actualiza estado de Requerimineto 61 :186
14-08-2018 17:20:41 - Secuencia Transaccion: obtieneClase(com.credibanco.tef.controller.param.TefParameters)->ejecutaMetodo([0]>[]>getInstance>[])->ejecutaMetodo([0]>[]>instanceDataManager>[])->ejecutaMetodo([0]>[]>instanceAuthorizationManager>[])->obtieneClase(com.credibanco.tef.controller.TEFTransactionManager)->ejecutaMetodo([4]>[*00*&[2]&[3]]>getTEFAuthorization>[02,PRB00000,123,0000000554,amaxpoint,0,0,13])
14-08-2018 17:20:41 - ################################################################
14-08-2018 17:20:41 - Procesando ID Canal Movimineto :4743E345-10A0-E811-8109-00505686417C
14-08-2018 17:20:41 - Actualiza estado de Canal Moviminetos 61 :4743E345-10A0-E811-8109-00505686417C
14-08-2018 17:20:41 - Actualiza estado de Requerimineto 61 :null
14-08-2018 17:21:09 - ################################################################
14-08-2018 17:21:09 - Procesando ID Canal Movimineto :CBD2BA55-10A0-E811-8109-00505686417C
14-08-2018 17:21:09 - Actualiza estado de Canal Moviminetos 61 :CBD2BA55-10A0-E811-8109-00505686417C
14-08-2018 17:21:09 - Actualiza estado de Requerimineto 61 :187
14-08-2018 17:21:09 - Secuencia Transaccion: obtieneClase(com.credibanco.tef.controller.param.TefParameters)->ejecutaMetodo([0]>[]>getInstance>[])->ejecutaMetodo([0]>[]>instanceDataManager>[])->ejecutaMetodo([0]>[]>instanceAuthorizationManager>[])->obtieneClase(com.credibanco.tef.controller.TEFTransactionManager)->ejecutaMetodo([4]>[*00*&[2]&[3]]>getTEFAuthorization>[02,PRB00000,123,0000000555,amaxpoint,0,0,12])
14-08-2018 17:24:11 - ################################################################
14-08-2018 17:24:11 - Procesando ID Canal Movimineto :AE00E69D-10A0-E811-8109-00505686417C
14-08-2018 17:24:11 - Actualiza estado de Canal Moviminetos 61 :AE00E69D-10A0-E811-8109-00505686417C
14-08-2018 17:24:11 - Actualiza estado de Requerimineto 61 :188
14-08-2018 17:24:11 - Secuencia Transaccion: obtieneClase(com.credibanco.tef.controller.param.TefParameters)->ejecutaMetodo([0]>[]>getInstance>[])->ejecutaMetodo([0]>[]>instanceDataManager>[])->ejecutaMetodo([0]>[]>instanceAuthorizationManager>[])->obtieneClase(com.credibanco.tef.controller.TEFTransactionManager)->ejecutaMetodo([4]>[*00*&[2]&[3]]>getTEFAuthorization>[01,4000,296,PRB00000,556,0,0,amaxpoint,0,0,07])
14-08-2018 17:26:19 - ################################################################
14-08-2018 17:26:19 - Procesando ID Canal Movimineto :FB14FC0F-11A0-E811-8109-00505686417C
14-08-2018 17:26:19 - Actualiza estado de Canal Moviminetos 61 :FB14FC0F-11A0-E811-8109-00505686417C
14-08-2018 17:26:19 - Actualiza estado de Requerimineto 61 :189
14-08-2018 17:26:19 - Secuencia Transaccion: obtieneClase(com.credibanco.tef.controller.param.TefParameters)->ejecutaMetodo([0]>[]>getInstance>[])->ejecutaMetodo([0]>[]>instanceDataManager>[])->ejecutaMetodo([0]>[]>instanceAuthorizationManager>[])->obtieneClase(com.credibanco.tef.controller.TEFTransactionManager)->ejecutaMetodo([4]>[*00*&[2]&[3]]>getTEFAuthorization>[02,PRB00000,550,0000000557,amaxpoint,0,0,10])
14-08-2018 17:26:29 - Respuesta obtenida: 02,      ,000000000000,000000000000,000amaxpoint,000000,000000,00000000,000000,0000,XX,          ,  ,00,0000,000000,0000,012304481              ,ECUADOR                ,00,,,39
14-08-2018 17:27:11 - ################################################################
14-08-2018 17:27:11 - Procesando ID Canal Movimineto :7EA2552D-11A0-E811-8109-00505686417C
14-08-2018 17:27:11 - Actualiza estado de Canal Moviminetos 61 :7EA2552D-11A0-E811-8109-00505686417C
14-08-2018 17:27:11 - Actualiza estado de Requerimineto 61 :190
14-08-2018 17:27:11 - Secuencia Transaccion: obtieneClase(com.credibanco.tef.controller.param.TefParameters)->ejecutaMetodo([0]>[]>getInstance>[])->ejecutaMetodo([0]>[]>instanceDataManager>[])->ejecutaMetodo([0]>[]>instanceAuthorizationManager>[])->obtieneClase(com.credibanco.tef.controller.TEFTransactionManager)->ejecutaMetodo([4]>[*00*&[2]&[3]]>getTEFAuthorization>[02,PRB00000,308029,0000000558,amaxpoint,0,0,2F])
14-08-2018 17:27:20 - Respuesta obtenida: 02,      ,000000000000,000000000000,000amaxpoint,000000,000000,00000000,000000,0000,XX,          ,  ,00,0000,000000,0000,012304481              ,ECUADOR                ,00,,,39
14-08-2018 17:29:54 - ################################################################
14-08-2018 17:29:54 - Procesando ID Canal Movimineto :A05E4890-11A0-E811-8109-00505686417C
14-08-2018 17:29:54 - Actualiza estado de Canal Moviminetos 61 :A05E4890-11A0-E811-8109-00505686417C
14-08-2018 17:29:54 - Actualiza estado de Requerimineto 61 :191
14-08-2018 17:29:54 - Secuencia Transaccion: obtieneClase(com.credibanco.tef.controller.param.TefParameters)->ejecutaMetodo([0]>[]>getInstance>[])->ejecutaMetodo([0]>[]>instanceDataManager>[])->ejecutaMetodo([0]>[]>instanceAuthorizationManager>[])->obtieneClase(com.credibanco.tef.controller.TEFTransactionManager)->ejecutaMetodo([4]>[*00*&[2]&[3]]>getTEFAuthorization>[01,4000,296,PRB00000,559,0,0,amaxpoint,0,0,08])
14-08-2018 17:30:24 - Respuesta obtenida: 02,      ,000000004000,000000000296,PRB00000  ,000000,000000,00000000,000000,0000,XX,VISA G    ,CR,00,4754,400558,2112,012304481              ,ECUADOR                ,00,000000000000,000000000000,7c
14-08-2018 17:30:24 - [Mensaje de respuesta]  Codigo:  02, Mensaje:  Transaccion Negada Online DATAFONO ,   Secuencia:  insertar 
14-08-2018 17:30:24 - si cumple longitud - Trama insertada mediante ejecución normal: 02,      ,000000004000,000000000296,PRB00000  ,000000,000000,00000000,000000,0000,XX,VISA G    ,CR,00,4754,400558,2112,012304481              ,ECUADOR                ,00,000000000000,000000000000,7c
14-08-2018 17:30:24 - Actualizar a estado 42 ID: A05E4890-11A0-E811-8109-00505686417C
14-08-2018 17:30:48 - ################################################################
14-08-2018 17:30:48 - Procesando ID Canal Movimineto :615985AF-11A0-E811-8109-00505686417C
14-08-2018 17:30:48 - Actualiza estado de Canal Moviminetos 61 :615985AF-11A0-E811-8109-00505686417C
14-08-2018 17:30:48 - Actualiza estado de Requerimineto 61 :192
14-08-2018 17:30:48 - Secuencia Transaccion: obtieneClase(com.credibanco.tef.controller.param.TefParameters)->ejecutaMetodo([0]>[]>getInstance>[])->ejecutaMetodo([0]>[]>instanceDataManager>[])->ejecutaMetodo([0]>[]>instanceAuthorizationManager>[])->obtieneClase(com.credibanco.tef.controller.TEFTransactionManager)->ejecutaMetodo([4]>[*00*&[2]&[3]]>getTEFAuthorization>[01,4000,296,PRB00000,560,0,0,amaxpoint,0,0,02])
14-08-2018 17:31:10 - Respuesta obtenida: 00,991704,000000004000,000000000296,PRB00000  ,000115,000116,00018487,000814,1731,00,VISA G    ,CR,01,5209,400558,2112,012304481              ,ECUADOR                ,00,000000000000,000000000000,79
14-08-2018 17:31:10 - [Mensaje de respuesta]  Codigo:  00, Mensaje:  Transaccion Aprobada DATAFONO ,   Secuencia:  insertar 
14-08-2018 17:31:10 - si cumple longitud - Trama insertada mediante ejecución normal: 00,991704,000000004000,000000000296,PRB00000  ,000115,000116,00018487,000814,1731,00,VISA G    ,CR,01,5209,400558,2112,012304481              ,ECUADOR                ,00,000000000000,000000000000,79
14-08-2018 17:31:10 - Actualizar a estado 42 ID: 615985AF-11A0-E811-8109-00505686417C
14-08-2018 17:34:53 - ################################################################
14-08-2018 17:34:53 - Procesando ID Canal Movimineto :CE25F840-12A0-E811-8109-00505686417C
14-08-2018 17:34:53 - Actualiza estado de Canal Moviminetos 61 :CE25F840-12A0-E811-8109-00505686417C
14-08-2018 17:34:53 - Actualiza estado de Requerimineto 61 :193
14-08-2018 17:34:53 - Secuencia Transaccion: obtieneClase(com.credibanco.tef.controller.param.TefParameters)->ejecutaMetodo([0]>[]>getInstance>[])->ejecutaMetodo([0]>[]>instanceDataManager>[])->ejecutaMetodo([0]>[]>instanceAuthorizationManager>[])->obtieneClase(com.credibanco.tef.controller.TEFTransactionManager)->ejecutaMetodo([4]>[*00*&[2]&[3]]>getTEFAuthorization>[02,PRB00000,115,0000000561,amaxpoint,0,0,10])
14-08-2018 17:35:09 - Respuesta obtenida: 02,      ,000000004000,000000000296,000amaxpoint,000000,000000,00000000,000000,0000,XX,VISA G    ,CR,01,4754,400558,2112,012304481              ,ECUADOR                ,00,,,44
14-08-2018 17:35:30 - ################################################################
14-08-2018 17:35:30 - Procesando ID Canal Movimineto :D4FC9C57-12A0-E811-8109-00505686417C
14-08-2018 17:35:30 - Actualiza estado de Canal Moviminetos 61 :D4FC9C57-12A0-E811-8109-00505686417C
14-08-2018 17:35:31 - Actualiza estado de Requerimineto 61 :194
14-08-2018 17:35:31 - Secuencia Transaccion: obtieneClase(com.credibanco.tef.controller.param.TefParameters)->ejecutaMetodo([0]>[]>getInstance>[])->ejecutaMetodo([0]>[]>instanceDataManager>[])->ejecutaMetodo([0]>[]>instanceAuthorizationManager>[])->obtieneClase(com.credibanco.tef.controller.TEFTransactionManager)->ejecutaMetodo([4]>[*00*&[2]&[3]]>getTEFAuthorization>[01,4000,296,PRB00000,562,0,0,amaxpoint,0,0,00])
14-08-2018 17:35:58 - Respuesta obtenida: 00,600651,000000004000,000000000296,PRB00000  ,000116,000117,00018487,000814,1735,00,VISA G    ,CR,01,5209,400558,2112,012304481              ,ECUADOR                ,00,000000000000,000000000000,79
14-08-2018 17:35:58 - [Mensaje de respuesta]  Codigo:  00, Mensaje:  Transaccion Aprobada DATAFONO ,   Secuencia:  insertar 
14-08-2018 17:35:58 - si cumple longitud - Trama insertada mediante ejecución normal: 00,600651,000000004000,000000000296,PRB00000  ,000116,000117,00018487,000814,1735,00,VISA G    ,CR,01,5209,400558,2112,012304481              ,ECUADOR                ,00,000000000000,000000000000,79
14-08-2018 17:35:58 - Actualizar a estado 42 ID: D4FC9C57-12A0-E811-8109-00505686417C
14-08-2018 17:36:16 - ################################################################
14-08-2018 17:36:16 - Procesando ID Canal Movimineto :93EE7D73-12A0-E811-8109-00505686417C
14-08-2018 17:36:16 - Actualiza estado de Canal Moviminetos 61 :93EE7D73-12A0-E811-8109-00505686417C
14-08-2018 17:36:16 - Actualiza estado de Requerimineto 61 :195
14-08-2018 17:36:16 - Secuencia Transaccion: obtieneClase(com.credibanco.tef.controller.param.TefParameters)->ejecutaMetodo([0]>[]>getInstance>[])->ejecutaMetodo([0]>[]>instanceDataManager>[])->ejecutaMetodo([0]>[]>instanceAuthorizationManager>[])->obtieneClase(com.credibanco.tef.controller.TEFTransactionManager)->ejecutaMetodo([4]>[*00*&[2]&[3]]>getTEFAuthorization>[01,4000,296,PRB00000,563,0,0,amaxpoint,0,0,01])
14-08-2018 17:36:27 - Respuesta obtenida: 05,,000000004000,000000000296,PRB00000  ,,,,,,,,,,,,,,,,,,7c
14-08-2018 17:36:27 - [Mensaje de respuesta]  Codigo:  05, Mensaje:  Transaccion con errores de apertura de puerto serial, o timeout sin recibir la solicitud inicial del datafono DATAFON ,   Secuencia:  insertar 
14-08-2018 17:36:27 - Se auto completo la trama: 05,      ,000000004000,000000000296,PRB00000  ,      ,      ,        ,      ,    ,  ,          ,  ,  ,    ,      ,    ,                       ,                       ,  ,            ,            ,7c
14-08-2018 17:36:27 - Actualizar a estado 42 ID: 93EE7D73-12A0-E811-8109-00505686417C
14-08-2018 17:36:30 - ################################################################
14-08-2018 17:36:30 - Procesando ID Canal Movimineto :9148847A-12A0-E811-8109-00505686417C
14-08-2018 17:36:30 - Actualiza estado de Canal Moviminetos 61 :9148847A-12A0-E811-8109-00505686417C
14-08-2018 17:36:30 - Actualiza estado de Requerimineto 61 :196
14-08-2018 17:36:30 - Secuencia Transaccion: obtieneClase(com.credibanco.tef.controller.param.TefParameters)->ejecutaMetodo([0]>[]>getInstance>[])->ejecutaMetodo([0]>[]>instanceDataManager>[])->ejecutaMetodo([0]>[]>instanceAuthorizationManager>[])->obtieneClase(com.credibanco.tef.controller.TEFTransactionManager)->ejecutaMetodo([4]>[*00*&[2]&[3]]>getTEFAuthorization>[01,4000,296,PRB00000,564,0,0,amaxpoint,0,0,06])
14-08-2018 17:36:38 - Respuesta obtenida: 05,,000000004000,000000000296,PRB00000  ,,,,,,,,,,,,,,,,,,7c
14-08-2018 17:36:38 - [Mensaje de respuesta]  Codigo:  05, Mensaje:  Transaccion con errores de apertura de puerto serial, o timeout sin recibir la solicitud inicial del datafono DATAFON ,   Secuencia:  insertar 
14-08-2018 17:36:38 - Se auto completo la trama: 05,      ,000000004000,000000000296,PRB00000  ,      ,      ,        ,      ,    ,  ,          ,  ,  ,    ,      ,    ,                       ,                       ,  ,            ,            ,7c
14-08-2018 17:36:38 - Actualizar a estado 42 ID: 9148847A-12A0-E811-8109-00505686417C
14-08-2018 17:36:47 - ################################################################
14-08-2018 17:36:47 - Procesando ID Canal Movimineto :01C7A586-12A0-E811-8109-00505686417C
14-08-2018 17:36:47 - Actualiza estado de Canal Moviminetos 61 :01C7A586-12A0-E811-8109-00505686417C
14-08-2018 17:36:48 - Actualiza estado de Requerimineto 61 :197
14-08-2018 17:36:48 - Secuencia Transaccion: obtieneClase(com.credibanco.tef.controller.param.TefParameters)->ejecutaMetodo([0]>[]>getInstance>[])->ejecutaMetodo([0]>[]>instanceDataManager>[])->ejecutaMetodo([0]>[]>instanceAuthorizationManager>[])->obtieneClase(com.credibanco.tef.controller.TEFTransactionManager)->ejecutaMetodo([4]>[*00*&[2]&[3]]>getTEFAuthorization>[02,PRB00000,116,0000000565,amaxpoint,0,0,17])
14-08-2018 17:37:03 - Respuesta obtenida: 00,600651,000000004000,000000000296,000amaxpoint,000116,000118,00018487,000814,1736,00,VISA G    ,CR,01,5209,400558,2112,012304481              ,ECUADOR                ,00,000000000000,000000000000,4c
14-08-2018 17:37:38 - ################################################################
14-08-2018 17:37:38 - Procesando ID Canal Movimineto :7BCA66A4-12A0-E811-8109-00505686417C
14-08-2018 17:37:38 - Actualiza estado de Canal Moviminetos 61 :7BCA66A4-12A0-E811-8109-00505686417C
14-08-2018 17:37:38 - Actualiza estado de Requerimineto 61 :198
14-08-2018 17:37:38 - Secuencia Transaccion: obtieneClase(com.credibanco.tef.controller.param.TefParameters)->ejecutaMetodo([0]>[]>getInstance>[])->ejecutaMetodo([0]>[]>instanceDataManager>[])->ejecutaMetodo([0]>[]>instanceAuthorizationManager>[])->obtieneClase(com.credibanco.tef.controller.TEFTransactionManager)->ejecutaMetodo([4]>[*00*&[2]&[3]]>getTEFAuthorization>[01,4000,296,PRB00000,566,0,0,amaxpoint,0,0,04])
14-08-2018 17:38:03 - Respuesta obtenida: 00,304043,000000004000,000000000296,PRB00000  ,000118,000119,00018487,000814,1738,00,VISA G    ,CR,01,5209,400558,2112,012304481              ,ECUADOR                ,00,000000000000,000000000000,70
14-08-2018 17:38:03 - [Mensaje de respuesta]  Codigo:  00, Mensaje:  Transaccion Aprobada DATAFONO ,   Secuencia:  insertar 
14-08-2018 17:38:03 - si cumple longitud - Trama insertada mediante ejecución normal: 00,304043,000000004000,000000000296,PRB00000  ,000118,000119,00018487,000814,1738,00,VISA G    ,CR,01,5209,400558,2112,012304481              ,ECUADOR                ,00,000000000000,000000000000,70
14-08-2018 17:38:03 - Actualizar a estado 42 ID: 7BCA66A4-12A0-E811-8109-00505686417C
14-08-2018 17:40:43 - ################################################################
14-08-2018 17:40:43 - Procesando ID Canal Movimineto :1926EA11-13A0-E811-8109-00505686417C
14-08-2018 17:40:43 - Actualiza estado de Canal Moviminetos 61 :1926EA11-13A0-E811-8109-00505686417C
14-08-2018 17:40:43 - Actualiza estado de Requerimineto 61 :199
14-08-2018 17:40:43 - Secuencia Transaccion: obtieneClase(com.credibanco.tef.controller.param.TefParameters)->ejecutaMetodo([0]>[]>getInstance>[])->ejecutaMetodo([0]>[]>instanceDataManager>[])->ejecutaMetodo([0]>[]>instanceAuthorizationManager>[])->obtieneClase(com.credibanco.tef.controller.TEFTransactionManager)->ejecutaMetodo([4]>[*00*&[2]&[3]]>getTEFAuthorization>[01,4000,296,PRB00000,567,0,0,amaxpoint,0,0,05])
14-08-2018 17:41:02 - Respuesta obtenida: 00,140373,000000004000,000000000296,PRB00000  ,000119,000120,00018487,000814,1741,00,VISA G    ,CR,01,5209,400558,2112,012304481              ,ECUADOR                ,00,000000000000,000000000000,77
14-08-2018 17:41:02 - [Mensaje de respuesta]  Codigo:  00, Mensaje:  Transaccion Aprobada DATAFONO ,   Secuencia:  insertar 
14-08-2018 17:41:02 - si cumple longitud - Trama insertada mediante ejecución normal: 00,140373,000000004000,000000000296,PRB00000  ,000119,000120,00018487,000814,1741,00,VISA G    ,CR,01,5209,400558,2112,012304481              ,ECUADOR                ,00,000000000000,000000000000,77
14-08-2018 17:41:02 - Actualizar a estado 42 ID: 1926EA11-13A0-E811-8109-00505686417C
14-08-2018 17:41:50 - ################################################################
14-08-2018 17:41:50 - Procesando ID Canal Movimineto :DAB0503A-13A0-E811-8109-00505686417C
14-08-2018 17:41:50 - Actualiza estado de Canal Moviminetos 61 :DAB0503A-13A0-E811-8109-00505686417C
14-08-2018 17:41:50 - Actualiza estado de Requerimineto 61 :200
14-08-2018 17:41:50 - Secuencia Transaccion: obtieneClase(com.credibanco.tef.controller.param.TefParameters)->ejecutaMetodo([0]>[]>getInstance>[])->ejecutaMetodo([0]>[]>instanceDataManager>[])->ejecutaMetodo([0]>[]>instanceAuthorizationManager>[])->obtieneClase(com.credibanco.tef.controller.TEFTransactionManager)->ejecutaMetodo([4]>[*00*&[2]&[3]]>getTEFAuthorization>[01,4000,296,PRB00000,568,0,0,amaxpoint,0,0,0A])
14-08-2018 17:41:57 - Respuesta obtenida: 05,,000000004000,000000000296,PRB00000  ,,,,,,,,,,,,,,,,,,7c
14-08-2018 17:41:57 - [Mensaje de respuesta]  Codigo:  05, Mensaje:  Transaccion con errores de apertura de puerto serial, o timeout sin recibir la solicitud inicial del datafono DATAFON ,   Secuencia:  insertar 
14-08-2018 17:41:57 - Se auto completo la trama: 05,      ,000000004000,000000000296,PRB00000  ,      ,      ,        ,      ,    ,  ,          ,  ,  ,    ,      ,    ,                       ,                       ,  ,            ,            ,7c
14-08-2018 17:41:57 - Actualizar a estado 42 ID: DAB0503A-13A0-E811-8109-00505686417C
14-08-2018 17:42:19 - ################################################################
14-08-2018 17:42:19 - Procesando ID Canal Movimineto :5824EF4B-13A0-E811-8109-00505686417C
14-08-2018 17:42:19 - Actualiza estado de Canal Moviminetos 61 :5824EF4B-13A0-E811-8109-00505686417C
14-08-2018 17:42:19 - Actualiza estado de Requerimineto 61 :201
14-08-2018 17:42:19 - Secuencia Transaccion: obtieneClase(com.credibanco.tef.controller.param.TefParameters)->ejecutaMetodo([0]>[]>getInstance>[])->ejecutaMetodo([0]>[]>instanceDataManager>[])->ejecutaMetodo([0]>[]>instanceAuthorizationManager>[])->obtieneClase(com.credibanco.tef.controller.TEFTransactionManager)->ejecutaMetodo([4]>[*00*&[2]&[3]]>getTEFAuthorization>[01,4000,296,PRB00000,569,0,0,amaxpoint,0,0,0B])
14-08-2018 17:42:27 - Respuesta obtenida: 05,,000000004000,000000000296,PRB00000  ,,,,,,,,,,,,,,,,,,7c
14-08-2018 17:42:27 - [Mensaje de respuesta]  Codigo:  05, Mensaje:  Transaccion con errores de apertura de puerto serial, o timeout sin recibir la solicitud inicial del datafono DATAFON ,   Secuencia:  insertar 
14-08-2018 17:42:27 - Se auto completo la trama: 05,      ,000000004000,000000000296,PRB00000  ,      ,      ,        ,      ,    ,  ,          ,  ,  ,    ,      ,    ,                       ,                       ,  ,            ,            ,7c
14-08-2018 17:42:27 - Actualizar a estado 42 ID: 5824EF4B-13A0-E811-8109-00505686417C
14-08-2018 17:42:45 - ################################################################
14-08-2018 17:42:45 - Procesando ID Canal Movimineto :8147A85A-13A0-E811-8109-00505686417C
14-08-2018 17:42:45 - Actualiza estado de Canal Moviminetos 61 :8147A85A-13A0-E811-8109-00505686417C
14-08-2018 17:42:45 - Actualiza estado de Requerimineto 61 :202
14-08-2018 17:42:45 - Secuencia Transaccion: obtieneClase(com.credibanco.tef.controller.param.TefParameters)->ejecutaMetodo([0]>[]>getInstance>[])->ejecutaMetodo([0]>[]>instanceDataManager>[])->ejecutaMetodo([0]>[]>instanceAuthorizationManager>[])->obtieneClase(com.credibanco.tef.controller.TEFTransactionManager)->ejecutaMetodo([4]>[*00*&[2]&[3]]>getTEFAuthorization>[01,4000,296,PRB00000,570,0,0,amaxpoint,0,0,03])
14-08-2018 17:42:58 - Respuesta obtenida: 05,,000000004000,000000000296,PRB00000  ,,,,,,,,,,,,,,,,,,7c
14-08-2018 17:42:58 - [Mensaje de respuesta]  Codigo:  05, Mensaje:  Transaccion con errores de apertura de puerto serial, o timeout sin recibir la solicitud inicial del datafono DATAFON ,   Secuencia:  insertar 
14-08-2018 17:42:58 - Se auto completo la trama: 05,      ,000000004000,000000000296,PRB00000  ,      ,      ,        ,      ,    ,  ,          ,  ,  ,    ,      ,    ,                       ,                       ,  ,            ,            ,7c
14-08-2018 17:42:58 - Actualizar a estado 42 ID: 8147A85A-13A0-E811-8109-00505686417C
14-08-2018 17:43:07 - ################################################################
14-08-2018 17:43:07 - Procesando ID Canal Movimineto :1F6FB867-13A0-E811-8109-00505686417C
14-08-2018 17:43:07 - Actualiza estado de Canal Moviminetos 61 :1F6FB867-13A0-E811-8109-00505686417C
14-08-2018 17:43:07 - Actualiza estado de Requerimineto 61 :203
14-08-2018 17:43:07 - Secuencia Transaccion: obtieneClase(com.credibanco.tef.controller.param.TefParameters)->ejecutaMetodo([0]>[]>getInstance>[])->ejecutaMetodo([0]>[]>instanceDataManager>[])->ejecutaMetodo([0]>[]>instanceAuthorizationManager>[])->obtieneClase(com.credibanco.tef.controller.TEFTransactionManager)->ejecutaMetodo([4]>[*00*&[2]&[3]]>getTEFAuthorization>[01,4000,296,PRB00000,571,0,0,amaxpoint,0,0,02])
14-08-2018 17:43:16 - Respuesta obtenida: 05,,000000004000,000000000296,PRB00000  ,,,,,,,,,,,,,,,,,,7c
14-08-2018 17:43:16 - [Mensaje de respuesta]  Codigo:  05, Mensaje:  Transaccion con errores de apertura de puerto serial, o timeout sin recibir la solicitud inicial del datafono DATAFON ,   Secuencia:  insertar 
14-08-2018 17:43:16 - Se auto completo la trama: 05,      ,000000004000,000000000296,PRB00000  ,      ,      ,        ,      ,    ,  ,          ,  ,  ,    ,      ,    ,                       ,                       ,  ,            ,            ,7c
14-08-2018 17:43:16 - Actualizar a estado 42 ID: 1F6FB867-13A0-E811-8109-00505686417C
14-08-2018 17:43:26 - ################################################################
14-08-2018 17:43:26 - Procesando ID Canal Movimineto :304E9B72-13A0-E811-8109-00505686417C
14-08-2018 17:43:26 - Actualiza estado de Canal Moviminetos 61 :304E9B72-13A0-E811-8109-00505686417C
14-08-2018 17:43:26 - Actualiza estado de Requerimineto 61 :204
14-08-2018 17:43:26 - Secuencia Transaccion: obtieneClase(com.credibanco.tef.controller.param.TefParameters)->ejecutaMetodo([0]>[]>getInstance>[])->ejecutaMetodo([0]>[]>instanceDataManager>[])->ejecutaMetodo([0]>[]>instanceAuthorizationManager>[])->obtieneClase(com.credibanco.tef.controller.TEFTransactionManager)->ejecutaMetodo([4]>[*00*&[2]&[3]]>getTEFAuthorization>[01,4000,296,PRB00000,572,0,0,amaxpoint,0,0,01])
14-08-2018 17:43:45 - Respuesta obtenida: 00,893047,000000004000,000000000296,PRB00000  ,000120,000121,00018487,000814,1743,00,VISA G    ,CR,01,5209,400558,2112,012304481              ,ECUADOR                ,00,000000000000,000000000000,7d
14-08-2018 17:43:45 - [Mensaje de respuesta]  Codigo:  00, Mensaje:  Transaccion Aprobada DATAFONO ,   Secuencia:  insertar 
14-08-2018 17:43:45 - si cumple longitud - Trama insertada mediante ejecución normal: 00,893047,000000004000,000000000296,PRB00000  ,000120,000121,00018487,000814,1743,00,VISA G    ,CR,01,5209,400558,2112,012304481              ,ECUADOR                ,00,000000000000,000000000000,7d
14-08-2018 17:43:45 - Actualizar a estado 42 ID: 304E9B72-13A0-E811-8109-00505686417C
