13-08-2018 17:47:56 - ################################################################
13-08-2018 17:47:56 - Procesando ID Canal Movimineto :9EADA9E9-4A9F-E811-8109-00505686417C
13-08-2018 17:47:56 - Actualiza estado de Canal Moviminetos 61 :9EADA9E9-4A9F-E811-8109-00505686417C
13-08-2018 17:47:56 - Actualiza estado de Requerimineto 61 :170
13-08-2018 17:47:57 - Secuencia Transaccion: obtieneClase(com.credibanco.tef.controller.param.TefParameters)->ejecutaMetodo([0]>[]>getInstance>[])->ejecutaMetodo([0]>[]>instanceDataManager>[])->ejecutaMetodo([0]>[]>instanceAuthorizationManager>[])->obtieneClase(com.credibanco.tef.controller.TEFTransactionManager)->ejecutaMetodo([4]>[*00*&[2]&[3]]>getTEFAuthorization>[01,4000,296,PRB00000,538,0,0,amaxpoint,0,0,0F])
13-08-2018 17:48:26 - Respuesta obtenida: 00,484315,000000004000,000000000296,PRB00000  ,000108,000109,00018487,000813,1748,00,VISA G    ,CR,01,5209,400558,2112,012304481              ,ECUADOR                ,00,000000000000,000000000000,7f
13-08-2018 17:48:26 - [Mensaje de respuesta]  Codigo:  00, Mensaje:  Transaccion Aprobada DATAFONO ,   Secuencia:  insertar 
13-08-2018 17:48:26 - RC si cumple longitud - Trama insertada mediante ejecición normal: 00,484315,000000004000,000000000296,PRB00000  ,000108,000109,00018487,000813,1748,00,VISA G    ,CR,01,5209,400558,2112,012304481              ,ECUADOR                ,00,000000000000,000000000000,7f
13-08-2018 17:48:26 - Actualizar a estado 42 ID: 9EADA9E9-4A9F-E811-8109-00505686417C
13-08-2018 17:49:59 - ################################################################
13-08-2018 17:49:59 - Procesando ID Canal Movimineto :8F30CD33-4B9F-E811-8109-00505686417C
13-08-2018 17:49:59 - Actualiza estado de Canal Moviminetos 61 :8F30CD33-4B9F-E811-8109-00505686417C
13-08-2018 17:49:59 - Actualiza estado de Requerimineto 61 :171
13-08-2018 17:49:59 - Secuencia Transaccion: obtieneClase(com.credibanco.tef.controller.param.TefParameters)->ejecutaMetodo([0]>[]>getInstance>[])->ejecutaMetodo([0]>[]>instanceDataManager>[])->ejecutaMetodo([0]>[]>instanceAuthorizationManager>[])->obtieneClase(com.credibanco.tef.controller.TEFTransactionManager)->ejecutaMetodo([4]>[*00*&[2]&[3]]>getTEFAuthorization>[01,4000,296,PRB00000,539,0,0,amaxpoint,0,0,0E])
13-08-2018 17:51:40 - Respuesta obtenida: 03,,000000004000,000000000296,PRB00000  ,,,,,,,,,,,,,,,,,,7a
13-08-2018 17:51:40 - [Mensaje de respuesta]  Codigo:  03, Mensaje:  Transaccion sin respuesta final del datafono DATAFONO ,   Secuencia:  obtieneClase(com.credibanco.tef.controller.param.TefParameters)->ejecutaMetodo([0]>[]>getInstance>[])->ejecutaMetodo([0]>[]>instanceDataManager>[])->ejecutaMetodo([0]>[]>instanceAuthorizationManager>[])->obtieneClase(com.credibanco.tef.controller.TEFTransactionManager)->ejecutaMetodo([4]>[*00*&[2]&[3]]>checkLastTransaction>[]) 
13-08-2018 17:51:40 - Ejecion recursiva iniciada.
13-08-2018 17:51:40 - Ejecutando secuencia segun mensajes de respuesta  intentos> 2 falntantes: : obtieneClase(com.credibanco.tef.controller.param.TefParameters)->ejecutaMetodo([0]>[]>getInstance>[])->ejecutaMetodo([0]>[]>instanceDataManager>[])->ejecutaMetodo([0]>[]>instanceAuthorizationManager>[])->obtieneClase(com.credibanco.tef.controller.TEFTransactionManager)->ejecutaMetodo([4]>[*00*&[2]&[3]]>checkLastTransaction>[])
13-08-2018 17:51:43 - Nueva Trama respuesta: 00,205676,000000004000,000000000296,,000109,000110,00018487,000813,1750,00,VISA G    ,CR,01,5209,400558,2112,012304481              ,ECUADOR                ,00,000000000000,000000000000,00
13-08-2018 17:51:43 - [Mensaje de respuesta RC]  Codigo:  00, Mensaje:  Transaccion Aprobada DATAFONO ,   Secuencia:  insertar 
13-08-2018 17:51:43 - RC - Se auto completo la trama: 00,205676,000000004000,000000000296,          ,000109,000110,00018487,000813,1750,00,VISA G    ,CR,01,5209,400558,2112,012304481              ,ECUADOR                ,00,000000000000,000000000000,00
13-08-2018 17:51:43 - Ejecion recursiva terminada.
13-08-2018 17:51:43 - Actualizar a estado 42 ID: 8F30CD33-4B9F-E811-8109-00505686417C
13-08-2018 17:53:25 - ################################################################
13-08-2018 17:53:25 - Procesando ID Canal Movimineto :8E0682AF-4B9F-E811-8109-00505686417C
13-08-2018 17:53:25 - Actualiza estado de Canal Moviminetos 61 :8E0682AF-4B9F-E811-8109-00505686417C
13-08-2018 17:53:25 - Actualiza estado de Requerimineto 61 :172
13-08-2018 17:53:25 - Secuencia Transaccion: obtieneClase(com.credibanco.tef.controller.param.TefParameters)->ejecutaMetodo([0]>[]>getInstance>[])->ejecutaMetodo([0]>[]>instanceDataManager>[])->ejecutaMetodo([0]>[]>instanceAuthorizationManager>[])->obtieneClase(com.credibanco.tef.controller.TEFTransactionManager)->ejecutaMetodo([4]>[*00*&[2]&[3]]>getTEFAuthorization>[01,4000,296,PRB00000,540,0,0,amaxpoint,0,0,00])
13-08-2018 17:53:37 - Respuesta obtenida: 02,      ,000000004000,000000000296,PRB00000  ,000000,000000,00000000,000000,0000,XX,VISA G    ,  ,00,5209,400558,2112,012304481              ,ECUADOR                ,00,000000000000,000000000000,61
13-08-2018 17:53:37 - [Mensaje de respuesta]  Codigo:  02, Mensaje:  Transaccion Negada Online DATAFONO ,   Secuencia:  insertar 
13-08-2018 17:53:37 - si cumple longitud - Trama insertada mediante ejecición normal: 02,      ,000000004000,000000000296,PRB00000  ,000000,000000,00000000,000000,0000,XX,VISA G    ,  ,00,5209,400558,2112,012304481              ,ECUADOR                ,00,000000000000,000000000000,61
13-08-2018 17:53:37 - Actualizar a estado 42 ID: 8E0682AF-4B9F-E811-8109-00505686417C
