31-08-2018 07:57:45 - ################################################################
31-08-2018 07:57:45 - Procesando ID Canal Movimineto :D9AA2C72-1DAD-E811-810A-00505686417C
31-08-2018 07:57:45 - Actualiza estado de Canal Moviminetos 61 :D9AA2C72-1DAD-E811-810A-00505686417C
31-08-2018 07:57:45 - Actualiza estado de Requerimineto 61 :694
31-08-2018 07:57:46 - Secuencia Transaccion: obtieneClase(com.credibanco.tef.controller.param.TefParameters)->ejecutaMetodo([0]>[]>getInstance>[])->ejecutaMetodo([0]>[]>instanceDataManager>[])->ejecutaMetodo([0]>[]>instanceAuthorizationManager>[])->obtieneClase(com.credibanco.tef.controller.TEFTransactionManager)->ejecutaMetodo([4]>[*00*&[2]&[3]]>getTEFAuthorization>[01,4000,0,PRB00000,1047,0,0,amaxpoint,0,0,3E])
31-08-2018 07:58:45 - ################################################################
31-08-2018 07:58:45 - Procesando ID Canal Movimineto :0D7E8596-1DAD-E811-810A-00505686417C
31-08-2018 07:58:45 - Actualiza estado de Canal Moviminetos 61 :0D7E8596-1DAD-E811-810A-00505686417C
31-08-2018 07:58:45 - Actualiza estado de Requerimineto 61 :695
31-08-2018 07:58:46 - Secuencia Transaccion: obtieneClase(com.credibanco.tef.controller.param.TefParameters)->ejecutaMetodo([0]>[]>getInstance>[])->ejecutaMetodo([0]>[]>instanceDataManager>[])->ejecutaMetodo([0]>[]>instanceAuthorizationManager>[])->obtieneClase(com.credibanco.tef.controller.TEFTransactionManager)->ejecutaMetodo([4]>[*00*&[2]&[3]]>getTEFAuthorization>[01,4000,0,PRB00000,1048,0,0,amaxpoint,0,0,31])
31-08-2018 07:59:21 - ################################################################
31-08-2018 07:59:21 - Procesando ID Canal Movimineto :7F1E9C9F-1DAD-E811-810A-00505686417C
31-08-2018 07:59:21 - Actualiza estado de Canal Moviminetos 61 :7F1E9C9F-1DAD-E811-810A-00505686417C
31-08-2018 07:59:21 - Actualiza estado de Requerimineto 61 :696
31-08-2018 07:59:21 - Secuencia Transaccion: obtieneClase(com.credibanco.tef.controller.param.TefParameters)->ejecutaMetodo([0]>[]>getInstance>[])->ejecutaMetodo([0]>[]>instanceDataManager>[])->ejecutaMetodo([0]>[]>instanceAuthorizationManager>[])->obtieneClase(com.credibanco.tef.controller.TEFTransactionManager)->ejecutaMetodo([4]>[*00*&[2]&[3]]>getTEFAuthorization>[01,4000,0,PRB00000,1049,0,0,amaxpoint,0,0,30])
31-08-2018 08:00:22 - Se obtubo un TIME_OUT esperando respuesta
31-08-2018 08:00:22 - Actualizar a estado 42 ID: 7F1E9C9F-1DAD-E811-810A-00505686417C
31-08-2018 08:02:19 - ################################################################
31-08-2018 08:02:19 - Procesando ID Canal Movimineto :BEC45B16-1EAD-E811-810A-00505686417C
31-08-2018 08:02:19 - Actualiza estado de Canal Moviminetos 61 :BEC45B16-1EAD-E811-810A-00505686417C
31-08-2018 08:02:19 - Actualiza estado de Requerimineto 61 :697
31-08-2018 08:02:19 - Secuencia Transaccion: obtieneClase(com.credibanco.tef.controller.param.TefParameters)->ejecutaMetodo([0]>[]>getInstance>[])->ejecutaMetodo([0]>[]>instanceDataManager>[])->ejecutaMetodo([0]>[]>instanceAuthorizationManager>[])->obtieneClase(com.credibanco.tef.controller.TEFTransactionManager)->ejecutaMetodo([4]>[*00*&[2]&[3]]>getTEFAuthorization>[01,4000,0,PRB00000,1050,0,0,amaxpoint,0,0,38])
31-08-2018 08:05:24 - ################################################################
31-08-2018 08:05:24 - Procesando ID Canal Movimineto :10EFE824-1EAD-E811-810A-00505686417C
31-08-2018 08:05:24 - Actualiza estado de Canal Moviminetos 61 :10EFE824-1EAD-E811-810A-00505686417C
31-08-2018 08:05:24 - Actualiza estado de Requerimineto 61 :698
31-08-2018 08:05:25 - Secuencia Transaccion: obtieneClase(com.credibanco.tef.controller.param.TefParameters)->ejecutaMetodo([0]>[]>getInstance>[])->ejecutaMetodo([0]>[]>instanceDataManager>[])->ejecutaMetodo([0]>[]>instanceAuthorizationManager>[])->obtieneClase(com.credibanco.tef.controller.TEFTransactionManager)->ejecutaMetodo([4]>[*00*&[2]&[3]]>getTEFAuthorization>[01,4000,0,PRB00000,1051,0,0,amaxpoint,0,0,39])
31-08-2018 08:05:33 - ################################################################
31-08-2018 08:05:33 - Procesando ID Canal Movimineto :11EFE824-1EAD-E811-810A-00505686417C
31-08-2018 08:05:33 - Actualiza estado de Canal Moviminetos 61 :11EFE824-1EAD-E811-810A-00505686417C
31-08-2018 08:05:33 - Actualiza estado de Requerimineto 61 :699
31-08-2018 08:05:33 - Secuencia Transaccion: obtieneClase(com.credibanco.tef.controller.param.TefParameters)->ejecutaMetodo([0]>[]>getInstance>[])->ejecutaMetodo([0]>[]>instanceDataManager>[])->ejecutaMetodo([0]>[]>instanceAuthorizationManager>[])->obtieneClase(com.credibanco.tef.controller.TEFTransactionManager)->ejecutaMetodo([4]>[*00*&[2]&[3]]>getTEFAuthorization>[01,4000,0,PRB00000,1052,0,0,amaxpoint,0,0,3A])
31-08-2018 08:06:54 - ################################################################
31-08-2018 08:06:54 - Procesando ID Canal Movimineto :954B3DB9-1EAD-E811-810A-00505686417C
31-08-2018 08:06:54 - Actualiza estado de Canal Moviminetos 61 :954B3DB9-1EAD-E811-810A-00505686417C
31-08-2018 08:06:54 - Actualiza estado de Requerimineto 61 :700
31-08-2018 08:06:54 - Secuencia Transaccion: obtieneClase(com.credibanco.tef.controller.param.TefParameters)->ejecutaMetodo([0]>[]>getInstance>[])->ejecutaMetodo([0]>[]>instanceDataManager>[])->ejecutaMetodo([0]>[]>instanceAuthorizationManager>[])->obtieneClase(com.credibanco.tef.controller.TEFTransactionManager)->ejecutaMetodo([4]>[*00*&[2]&[3]]>getTEFAuthorization>[01,4000,0,PRB00000,1053,0,0,amaxpoint,0,0,3B])
31-08-2018 08:06:54 - Respuesta obtenida: null
31-08-2018 08:06:54 - [Mensaje de respuesta]  Codigo:  ER, Mensaje:  Mensaje no especificado. ,   Secuencia:  insertar 
31-08-2018 08:06:54 - Ejecion recursiva iniciada.
31-08-2018 08:06:54 - Ejecutando secuencia segun mensajes de respuesta  intentos> 2 falntantes: : insertar
31-08-2018 08:06:54 - ------------Exception:  groovy.lang.MissingMethodException: No signature of method: com.kfc.modelo.reflexion.JarLector.executeMetodoSecuencia() is applicable for argument types: (String) values: [insertar]
Possible solutions: executeMetodoSecuencia(java.lang.String, kfc.com.modelo.Respuesta_Autorizacion)
31-08-2018 08:08:37 - ################################################################
31-08-2018 08:08:37 - Procesando ID Canal Movimineto :6B4E1EF8-1EAD-E811-810A-00505686417C
31-08-2018 08:08:37 - Actualiza estado de Canal Moviminetos 61 :6B4E1EF8-1EAD-E811-810A-00505686417C
31-08-2018 08:08:37 - Actualiza estado de Requerimineto 61 :701
31-08-2018 08:08:37 - Secuencia Transaccion: obtieneClase(com.credibanco.tef.controller.param.TefParameters)->ejecutaMetodo([0]>[]>getInstance>[])->ejecutaMetodo([0]>[]>instanceDataManager>[])->ejecutaMetodo([0]>[]>instanceAuthorizationManager>[])->obtieneClase(com.credibanco.tef.controller.TEFTransactionManager)->ejecutaMetodo([4]>[*00*&[2]&[3]]>getTEFAuthorization>[01,4000,0,PRB00000,1054,0,0,amaxpoint,0,0,3C])
31-08-2018 08:09:37 - Se obtubo un TIME_OUT esperando respuesta
31-08-2018 08:09:37 - Actualizar a estado 42 ID: 6B4E1EF8-1EAD-E811-810A-00505686417C
31-08-2018 08:10:16 - ################################################################
31-08-2018 08:10:16 - Procesando ID Canal Movimineto :09E0CD20-1FAD-E811-810A-00505686417C
31-08-2018 08:10:16 - Actualiza estado de Canal Moviminetos 61 :09E0CD20-1FAD-E811-810A-00505686417C
31-08-2018 08:10:16 - Actualiza estado de Requerimineto 61 :702
31-08-2018 08:10:16 - Secuencia Transaccion: obtieneClase(com.credibanco.tef.controller.param.TefParameters)->ejecutaMetodo([0]>[]>getInstance>[])->ejecutaMetodo([0]>[]>instanceDataManager>[])->ejecutaMetodo([0]>[]>instanceAuthorizationManager>[])->obtieneClase(com.credibanco.tef.controller.TEFTransactionManager)->ejecutaMetodo([4]>[*00*&[2]&[3]]>getTEFAuthorization>[01,4000,0,PRB00000,1055,0,0,amaxpoint,0,0,3D])
31-08-2018 08:11:11 - ################################################################
31-08-2018 08:11:11 - Procesando ID Canal Movimineto :12DB1934-1FAD-E811-810A-00505686417C
31-08-2018 08:11:11 - Actualiza estado de Canal Moviminetos 61 :12DB1934-1FAD-E811-810A-00505686417C
31-08-2018 08:11:11 - Actualiza estado de Requerimineto 61 :703
31-08-2018 08:11:16 - Secuencia Transaccion: obtieneClase(com.credibanco.tef.controller.param.TefParameters)->ejecutaMetodo([0]>[]>getInstance>[])->ejecutaMetodo([0]>[]>instanceDataManager>[])->ejecutaMetodo([0]>[]>instanceAuthorizationManager>[])->obtieneClase(com.credibanco.tef.controller.TEFTransactionManager)->ejecutaMetodo([4]>[*00*&[2]&[3]]>getTEFAuthorization>[01,4000,0,PRB00000,1056,0,0,amaxpoint,0,0,3E])
31-08-2018 08:11:57 - ################################################################
31-08-2018 08:11:57 - Procesando ID Canal Movimineto :BF1D866F-1FAD-E811-810A-00505686417C
31-08-2018 08:11:57 - Actualiza estado de Canal Moviminetos 61 :BF1D866F-1FAD-E811-810A-00505686417C
31-08-2018 08:11:57 - Actualiza estado de Requerimineto 61 :704
31-08-2018 08:11:59 - Secuencia Transaccion: obtieneClase(com.credibanco.tef.controller.param.TefParameters)->ejecutaMetodo([0]>[]>getInstance>[])->ejecutaMetodo([0]>[]>instanceDataManager>[])->ejecutaMetodo([0]>[]>instanceAuthorizationManager>[])->obtieneClase(com.credibanco.tef.controller.TEFTransactionManager)->ejecutaMetodo([4]>[*00*&[2]&[3]]>getTEFAuthorization>[01,4000,0,PRB00000,1057,0,0,amaxpoint,0,0,3F])
31-08-2018 08:13:12 - ################################################################
31-08-2018 08:13:12 - Procesando ID Canal Movimineto :BD71C59B-1FAD-E811-810A-00505686417C
31-08-2018 08:13:12 - Actualiza estado de Canal Moviminetos 61 :BD71C59B-1FAD-E811-810A-00505686417C
31-08-2018 08:13:12 - Actualiza estado de Requerimineto 61 :705
31-08-2018 08:13:14 - Secuencia Transaccion: obtieneClase(com.credibanco.tef.controller.param.TefParameters)->ejecutaMetodo([0]>[]>getInstance>[])->ejecutaMetodo([0]>[]>instanceDataManager>[])->ejecutaMetodo([0]>[]>instanceAuthorizationManager>[])->obtieneClase(com.credibanco.tef.controller.TEFTransactionManager)->ejecutaMetodo([4]>[*00*&[2]&[3]]>getTEFAuthorization>[01,4000,0,PRB00000,1058,0,0,amaxpoint,0,0,30])
31-08-2018 08:14:11 - ################################################################
31-08-2018 08:14:11 - Procesando ID Canal Movimineto :354D32BE-1FAD-E811-810A-00505686417C
31-08-2018 08:14:11 - Actualiza estado de Canal Moviminetos 61 :354D32BE-1FAD-E811-810A-00505686417C
31-08-2018 08:14:11 - Actualiza estado de Requerimineto 61 :706
31-08-2018 08:14:21 - Secuencia Transaccion: obtieneClase(com.credibanco.tef.controller.param.TefParameters)->ejecutaMetodo([0]>[]>getInstance>[])->ejecutaMetodo([0]>[]>instanceDataManager>[])->ejecutaMetodo([0]>[]>instanceAuthorizationManager>[])->obtieneClase(com.credibanco.tef.controller.TEFTransactionManager)->ejecutaMetodo([4]>[*00*&[2]&[3]]>getTEFAuthorization>[01,4000,0,PRB00000,1059,0,0,amaxpoint,0,0,31])
31-08-2018 08:15:17 - ################################################################
31-08-2018 08:15:17 - Procesando ID Canal Movimineto :12E4A2E4-1FAD-E811-810A-00505686417C
31-08-2018 08:15:17 - Actualiza estado de Canal Moviminetos 61 :12E4A2E4-1FAD-E811-810A-00505686417C
31-08-2018 08:15:17 - Actualiza estado de Requerimineto 61 :707
31-08-2018 08:15:20 - Secuencia Transaccion: obtieneClase(com.credibanco.tef.controller.param.TefParameters)->ejecutaMetodo([0]>[]>getInstance>[])->ejecutaMetodo([0]>[]>instanceDataManager>[])->ejecutaMetodo([0]>[]>instanceAuthorizationManager>[])->obtieneClase(com.credibanco.tef.controller.TEFTransactionManager)->ejecutaMetodo([4]>[*00*&[2]&[3]]>getTEFAuthorization>[01,4000,0,PRB00000,1060,0,0,amaxpoint,0,0,3B])
31-08-2018 08:20:55 - ################################################################
31-08-2018 08:20:55 - Procesando ID Canal Movimineto :13E4A2E4-1FAD-E811-810A-00505686417C
31-08-2018 08:20:55 - Actualiza estado de Canal Moviminetos 61 :13E4A2E4-1FAD-E811-810A-00505686417C
31-08-2018 08:20:55 - Actualiza estado de Requerimineto 61 :708
31-08-2018 08:20:55 - Secuencia Transaccion: obtieneClase(com.credibanco.tef.controller.param.TefParameters)->ejecutaMetodo([0]>[]>getInstance>[])->ejecutaMetodo([0]>[]>instanceDataManager>[])->ejecutaMetodo([0]>[]>instanceAuthorizationManager>[])->obtieneClase(com.credibanco.tef.controller.TEFTransactionManager)->ejecutaMetodo([4]>[*00*&[2]&[3]]>getTEFAuthorization>[01,4000,0,PRB00000,1061,0,0,amaxpoint,0,0,3A])
31-08-2018 08:24:39 - ################################################################
31-08-2018 08:24:39 - Procesando ID Canal Movimineto :ED6ABB12-20AD-E811-810A-00505686417C
31-08-2018 08:24:39 - Actualiza estado de Canal Moviminetos 61 :ED6ABB12-20AD-E811-810A-00505686417C
31-08-2018 08:24:39 - Actualiza estado de Requerimineto 61 :709
31-08-2018 08:24:40 - Secuencia Transaccion: obtieneClase(com.credibanco.tef.controller.param.TefParameters)->ejecutaMetodo([0]>[]>getInstance>[])->ejecutaMetodo([0]>[]>instanceDataManager>[])->ejecutaMetodo([0]>[]>instanceAuthorizationManager>[])->obtieneClase(com.credibanco.tef.controller.TEFTransactionManager)->ejecutaMetodo([4]>[*00*&[2]&[3]]>getTEFAuthorization>[01,4000,0,PRB00000,1062,0,0,amaxpoint,0,0,39])
31-08-2018 08:27:30 - ################################################################
31-08-2018 08:27:30 - Procesando ID Canal Movimineto :0A4AD49B-21AD-E811-810A-00505686417C
31-08-2018 08:27:30 - Actualiza estado de Canal Moviminetos 61 :0A4AD49B-21AD-E811-810A-00505686417C
31-08-2018 08:27:30 - Actualiza estado de Requerimineto 61 :710
31-08-2018 08:27:31 - Secuencia Transaccion: obtieneClase(com.credibanco.tef.controller.param.TefParameters)->ejecutaMetodo([0]>[]>getInstance>[])->ejecutaMetodo([0]>[]>instanceDataManager>[])->ejecutaMetodo([0]>[]>instanceAuthorizationManager>[])->obtieneClase(com.credibanco.tef.controller.TEFTransactionManager)->ejecutaMetodo([4]>[*00*&[2]&[3]]>getTEFAuthorization>[01,4000,0,PRB00000,1063,0,0,amaxpoint,0,0,38])
31-08-2018 08:31:33 - ################################################################
31-08-2018 08:31:33 - Procesando ID Canal Movimineto :A191A62B-22AD-E811-810A-00505686417C
31-08-2018 08:31:33 - Actualiza estado de Canal Moviminetos 61 :A191A62B-22AD-E811-810A-00505686417C
31-08-2018 08:31:33 - Actualiza estado de Requerimineto 61 :711
31-08-2018 08:31:33 - Secuencia Transaccion: obtieneClase(com.credibanco.tef.controller.param.TefParameters)->ejecutaMetodo([0]>[]>getInstance>[])->ejecutaMetodo([0]>[]>instanceDataManager>[])->ejecutaMetodo([0]>[]>instanceAuthorizationManager>[])->obtieneClase(com.credibanco.tef.controller.TEFTransactionManager)->ejecutaMetodo([4]>[*00*&[2]&[3]]>getTEFAuthorization>[01,4000,0,PRB00000,1064,0,0,amaxpoint,0,0,3F])
31-08-2018 08:31:44 - ------------Exception:  java.lang.IllegalStateException: java.lang.IllegalArgumentException: Can not set int field DF.EnvioProcesoPago.TipoTransaccion to java.lang.String
31-08-2018 08:40:07 - ################################################################
31-08-2018 08:40:07 - Procesando ID Canal Movimineto :14C1853B-23AD-E811-810A-00505686417C
31-08-2018 08:40:07 - Actualiza estado de Canal Moviminetos 61 :14C1853B-23AD-E811-810A-00505686417C
31-08-2018 08:40:07 - Actualiza estado de Requerimineto 61 :712
31-08-2018 08:40:07 - Secuencia Transaccion: obtieneClase(com.credibanco.tef.controller.param.TefParameters)->ejecutaMetodo([0]>[]>getInstance>[])->ejecutaMetodo([0]>[]>instanceDataManager>[])->ejecutaMetodo([0]>[]>instanceAuthorizationManager>[])->obtieneClase(com.credibanco.tef.controller.TEFTransactionManager)->ejecutaMetodo([4]>[*00*&[2]&[3]]>getTEFAuthorization>[01,4000,0,PRB00000,1065,0,0,amaxpoint,0,0,3E])
31-08-2018 08:42:22 - ################################################################
31-08-2018 08:42:22 - Procesando ID Canal Movimineto :854EB9AE-23AD-E811-810A-00505686417C
31-08-2018 08:42:22 - Actualiza estado de Canal Moviminetos 61 :854EB9AE-23AD-E811-810A-00505686417C
31-08-2018 08:42:22 - Actualiza estado de Requerimineto 61 :713
31-08-2018 08:42:22 - ################################################################
31-08-2018 08:42:22 - Procesando ID Canal Movimineto :854EB9AE-23AD-E811-810A-00505686417C
31-08-2018 08:42:22 - Actualiza estado de Canal Moviminetos 61 :854EB9AE-23AD-E811-810A-00505686417C
31-08-2018 08:42:22 - Actualiza estado de Requerimineto 61 :null
31-08-2018 08:42:22 - Secuencia Transaccion: obtieneClase(com.credibanco.tef.controller.param.TefParameters)->ejecutaMetodo([0]>[]>getInstance>[])->ejecutaMetodo([0]>[]>instanceDataManager>[])->ejecutaMetodo([0]>[]>instanceAuthorizationManager>[])->obtieneClase(com.credibanco.tef.controller.TEFTransactionManager)->ejecutaMetodo([4]>[*00*&[2]&[3]]>getTEFAuthorization>[01,4000,0,PRB00000,1066,0,0,amaxpoint,0,0,3D])
31-08-2018 08:42:22 - ------------Exception:  Cannot invoke method toUpperCase() on null object
31-08-2018 08:42:26 - ------------Exception:  java.lang.IllegalStateException: java.lang.IllegalArgumentException: Can not set int field DF.EnvioProcesoPago.TipoTransaccion to java.lang.String
31-08-2018 08:42:40 - ################################################################
31-08-2018 08:42:40 - Procesando ID Canal Movimineto :DE101BB9-23AD-E811-810A-00505686417C
31-08-2018 08:42:40 - Actualiza estado de Canal Moviminetos 61 :DE101BB9-23AD-E811-810A-00505686417C
31-08-2018 08:42:40 - Actualiza estado de Requerimineto 61 :714
31-08-2018 08:42:40 - Secuencia Transaccion: obtieneClase(com.credibanco.tef.controller.param.TefParameters)->ejecutaMetodo([0]>[]>getInstance>[])->ejecutaMetodo([0]>[]>instanceDataManager>[])->ejecutaMetodo([0]>[]>instanceAuthorizationManager>[])->obtieneClase(com.credibanco.tef.controller.TEFTransactionManager)->ejecutaMetodo([4]>[*00*&[2]&[3]]>getTEFAuthorization>[01,4000,0,PRB00000,1067,0,0,amaxpoint,0,0,3C])
31-08-2018 08:43:17 - ################################################################
31-08-2018 08:43:17 - Procesando ID Canal Movimineto :7C638CCE-23AD-E811-810A-00505686417C
31-08-2018 08:43:17 - Actualiza estado de Canal Moviminetos 61 :7C638CCE-23AD-E811-810A-00505686417C
31-08-2018 08:43:17 - Actualiza estado de Requerimineto 61 :715
31-08-2018 08:43:17 - Secuencia Transaccion: obtieneClase(com.credibanco.tef.controller.param.TefParameters)->ejecutaMetodo([0]>[]>getInstance>[])->ejecutaMetodo([0]>[]>instanceDataManager>[])->ejecutaMetodo([0]>[]>instanceAuthorizationManager>[])->obtieneClase(com.credibanco.tef.controller.TEFTransactionManager)->ejecutaMetodo([4]>[*00*&[2]&[3]]>getTEFAuthorization>[01,4000,0,PRB00000,1068,0,0,amaxpoint,0,0,33])
31-08-2018 08:43:17 - Respuesta obtenida: null
31-08-2018 08:43:17 - [Mensaje de respuesta]  Codigo:  ER, Mensaje:  Mensaje no especificado. ,   Secuencia:  insertar 
31-08-2018 08:43:17 - Ejecion recursiva iniciada.
31-08-2018 08:43:17 - Ejecutando secuencia segun mensajes de respuesta  intentos> 2 falntantes: : insertar
31-08-2018 08:43:17 - ------------Exception:  groovy.lang.MissingMethodException: No signature of method: com.kfc.modelo.reflexion.JarLector.executeMetodoSecuencia() is applicable for argument types: (String) values: [insertar]
Possible solutions: executeMetodoSecuencia(java.lang.String, kfc.com.modelo.Respuesta_Autorizacion)
31-08-2018 08:58:22 - ################################################################
31-08-2018 08:58:22 - Procesando ID Canal Movimineto :702FF2E9-25AD-E811-810A-00505686417C
31-08-2018 08:58:22 - Actualiza estado de Canal Moviminetos 61 :702FF2E9-25AD-E811-810A-00505686417C
31-08-2018 08:58:22 - Actualiza estado de Requerimineto 61 :716
31-08-2018 08:58:22 - Secuencia Transaccion: obtieneClase(com.credibanco.tef.controller.param.TefParameters)->ejecutaMetodo([0]>[]>getInstance>[])->ejecutaMetodo([0]>[]>instanceDataManager>[])->ejecutaMetodo([0]>[]>instanceAuthorizationManager>[])->obtieneClase(com.credibanco.tef.controller.TEFTransactionManager)->ejecutaMetodo([4]>[*00*&[2]&[3]]>getTEFAuthorization>[01,4000,0,PRB00000,1069,0,0,amaxpoint,0,0,32])
31-08-2018 09:20:28 - ################################################################
31-08-2018 09:20:28 - Procesando ID Canal Movimineto :2F1A3300-29AD-E811-810A-00505686417C
31-08-2018 09:20:28 - Actualiza estado de Canal Moviminetos 61 :2F1A3300-29AD-E811-810A-00505686417C
31-08-2018 09:20:28 - Actualiza estado de Requerimineto 61 :717
31-08-2018 09:20:28 - Secuencia Transaccion: obtieneClase(com.credibanco.tef.controller.param.TefParameters)->ejecutaMetodo([0]>[]>getInstance>[])->ejecutaMetodo([0]>[]>instanceDataManager>[])->ejecutaMetodo([0]>[]>instanceAuthorizationManager>[])->obtieneClase(com.credibanco.tef.controller.TEFTransactionManager)->ejecutaMetodo([4]>[*00*&[2]&[3]]>getTEFAuthorization>[01,4000,0,PRB00000,1070,0,0,amaxpoint,0,0,3A])
31-08-2018 09:20:47 - ################################################################
31-08-2018 09:20:47 - Procesando ID Canal Movimineto :7547CD0C-29AD-E811-810A-00505686417C
31-08-2018 09:20:47 - Actualiza estado de Canal Moviminetos 61 :7547CD0C-29AD-E811-810A-00505686417C
31-08-2018 09:20:47 - Actualiza estado de Requerimineto 61 :718
31-08-2018 09:20:48 - Secuencia Transaccion: obtieneClase(com.credibanco.tef.controller.param.TefParameters)->ejecutaMetodo([0]>[]>getInstance>[])->ejecutaMetodo([0]>[]>instanceDataManager>[])->ejecutaMetodo([0]>[]>instanceAuthorizationManager>[])->obtieneClase(com.credibanco.tef.controller.TEFTransactionManager)->ejecutaMetodo([4]>[*00*&[2]&[3]]>getTEFAuthorization>[01,4000,0,PRB00000,1071,0,0,amaxpoint,0,0,3B])
31-08-2018 09:22:13 - ################################################################
31-08-2018 09:22:13 - Procesando ID Canal Movimineto :ED2E4D34-29AD-E811-810A-00505686417C
31-08-2018 09:22:13 - Actualiza estado de Canal Moviminetos 61 :ED2E4D34-29AD-E811-810A-00505686417C
31-08-2018 09:22:13 - Actualiza estado de Requerimineto 61 :719
31-08-2018 09:22:13 - Secuencia Transaccion: obtieneClase(com.credibanco.tef.controller.param.TefParameters)->ejecutaMetodo([0]>[]>getInstance>[])->ejecutaMetodo([0]>[]>instanceDataManager>[])->ejecutaMetodo([0]>[]>instanceAuthorizationManager>[])->obtieneClase(com.credibanco.tef.controller.TEFTransactionManager)->ejecutaMetodo([4]>[*00*&[2]&[3]]>getTEFAuthorization>[01,4000,0,PRB00000,1072,0,0,amaxpoint,0,0,38])
31-08-2018 09:22:52 - ################################################################
31-08-2018 09:22:52 - Procesando ID Canal Movimineto :CE6DE856-29AD-E811-810A-00505686417C
31-08-2018 09:22:52 - Actualiza estado de Canal Moviminetos 61 :CE6DE856-29AD-E811-810A-00505686417C
31-08-2018 09:22:52 - Actualiza estado de Requerimineto 61 :720
31-08-2018 09:22:52 - Secuencia Transaccion: obtieneClase(com.credibanco.tef.controller.param.TefParameters)->ejecutaMetodo([0]>[]>getInstance>[])->ejecutaMetodo([0]>[]>instanceDataManager>[])->ejecutaMetodo([0]>[]>instanceAuthorizationManager>[])->obtieneClase(com.credibanco.tef.controller.TEFTransactionManager)->ejecutaMetodo([4]>[*00*&[2]&[3]]>getTEFAuthorization>[01,4000,0,PRB00000,1073,0,0,amaxpoint,0,0,39])
31-08-2018 09:23:03 - Respuesta obtenida: null
31-08-2018 09:23:03 - [Mensaje de respuesta]  Codigo:  ER, Mensaje:  Mensaje no especificado. ,   Secuencia:  insertar 
31-08-2018 09:23:03 - Ejecion recursiva iniciada.
31-08-2018 09:23:03 - Ejecutando secuencia segun mensajes de respuesta  intentos> 2 falntantes: : insertar
31-08-2018 09:23:03 - ------------Exception:  groovy.lang.MissingMethodException: No signature of method: com.kfc.modelo.reflexion.JarLector.executeMetodoSecuencia() is applicable for argument types: (String) values: [insertar]
Possible solutions: executeMetodoSecuencia(java.lang.String, kfc.com.modelo.Respuesta_Autorizacion)
31-08-2018 09:23:10 - ################################################################
31-08-2018 09:23:10 - Procesando ID Canal Movimineto :FB1FB961-29AD-E811-810A-00505686417C
31-08-2018 09:23:10 - Actualiza estado de Canal Moviminetos 61 :FB1FB961-29AD-E811-810A-00505686417C
31-08-2018 09:23:10 - Actualiza estado de Requerimineto 61 :721
31-08-2018 09:23:11 - Secuencia Transaccion: obtieneClase(com.credibanco.tef.controller.param.TefParameters)->ejecutaMetodo([0]>[]>getInstance>[])->ejecutaMetodo([0]>[]>instanceDataManager>[])->ejecutaMetodo([0]>[]>instanceAuthorizationManager>[])->obtieneClase(com.credibanco.tef.controller.TEFTransactionManager)->ejecutaMetodo([4]>[*00*&[2]&[3]]>getTEFAuthorization>[01,4000,0,PRB00000,1074,0,0,amaxpoint,0,0,3E])
31-08-2018 09:26:20 - ################################################################
31-08-2018 09:26:20 - Procesando ID Canal Movimineto :3BD0D7D2-29AD-E811-810A-00505686417C
31-08-2018 09:26:20 - Actualiza estado de Canal Moviminetos 61 :3BD0D7D2-29AD-E811-810A-00505686417C
31-08-2018 09:26:20 - Actualiza estado de Requerimineto 61 :722
31-08-2018 09:26:20 - Secuencia Transaccion: obtieneClase(com.credibanco.tef.controller.param.TefParameters)->ejecutaMetodo([0]>[]>getInstance>[])->ejecutaMetodo([0]>[]>instanceDataManager>[])->ejecutaMetodo([0]>[]>instanceAuthorizationManager>[])->obtieneClase(com.credibanco.tef.controller.TEFTransactionManager)->ejecutaMetodo([4]>[*00*&[2]&[3]]>getTEFAuthorization>[01,4000,0,PRB00000,1075,0,0,amaxpoint,0,0,3F])
31-08-2018 09:26:21 - Respuesta obtenida: null
31-08-2018 09:26:21 - [Mensaje de respuesta]  Codigo:  ER, Mensaje:  Mensaje no especificado. ,   Secuencia:  insertar 
31-08-2018 09:26:21 - Ejecion recursiva iniciada.
31-08-2018 09:26:21 - Ejecutando secuencia segun mensajes de respuesta  intentos> 2 falntantes: : insertar
31-08-2018 09:26:21 - ------------Exception:  groovy.lang.MissingMethodException: No signature of method: com.kfc.modelo.reflexion.JarLector.executeMetodoSecuencia() is applicable for argument types: (String) values: [insertar]
Possible solutions: executeMetodoSecuencia(java.lang.String, kfc.com.modelo.Respuesta_Autorizacion)
31-08-2018 09:26:34 - ################################################################
31-08-2018 09:26:34 - Procesando ID Canal Movimineto :D138D3DA-29AD-E811-810A-00505686417C
31-08-2018 09:26:34 - Actualiza estado de Canal Moviminetos 61 :D138D3DA-29AD-E811-810A-00505686417C
31-08-2018 09:26:34 - Actualiza estado de Requerimineto 61 :723
31-08-2018 09:26:34 - Secuencia Transaccion: obtieneClase(com.credibanco.tef.controller.param.TefParameters)->ejecutaMetodo([0]>[]>getInstance>[])->ejecutaMetodo([0]>[]>instanceDataManager>[])->ejecutaMetodo([0]>[]>instanceAuthorizationManager>[])->obtieneClase(com.credibanco.tef.controller.TEFTransactionManager)->ejecutaMetodo([4]>[*00*&[2]&[3]]>getTEFAuthorization>[01,4000,0,PRB00000,1076,0,0,amaxpoint,0,0,3C])
31-08-2018 09:30:52 - ################################################################
31-08-2018 09:30:52 - Procesando ID Canal Movimineto :C989B3E6-29AD-E811-810A-00505686417C
31-08-2018 09:30:52 - Actualiza estado de Canal Moviminetos 61 :C989B3E6-29AD-E811-810A-00505686417C
31-08-2018 09:30:52 - Actualiza estado de Requerimineto 61 :724
31-08-2018 09:30:52 - Secuencia Transaccion: obtieneClase(com.credibanco.tef.controller.param.TefParameters)->ejecutaMetodo([0]>[]>getInstance>[])->ejecutaMetodo([0]>[]>instanceDataManager>[])->ejecutaMetodo([0]>[]>instanceAuthorizationManager>[])->obtieneClase(com.credibanco.tef.controller.TEFTransactionManager)->ejecutaMetodo([4]>[*00*&[2]&[3]]>getTEFAuthorization>[01,4000,0,PRB00000,1077,0,0,amaxpoint,0,0,3D])
31-08-2018 09:57:13 - ################################################################
31-08-2018 09:57:13 - Procesando ID Canal Movimineto :CB284424-2EAD-E811-810A-00505686417C
31-08-2018 09:57:13 - Actualiza estado de Canal Moviminetos 61 :CB284424-2EAD-E811-810A-00505686417C
31-08-2018 09:57:13 - Actualiza estado de Requerimineto 61 :725
31-08-2018 09:57:14 - Secuencia Transaccion: obtieneClase(com.credibanco.tef.controller.param.TefParameters)->ejecutaMetodo([0]>[]>getInstance>[])->ejecutaMetodo([0]>[]>instanceDataManager>[])->ejecutaMetodo([0]>[]>instanceAuthorizationManager>[])->obtieneClase(com.credibanco.tef.controller.TEFTransactionManager)->ejecutaMetodo([4]>[*00*&[2]&[3]]>getTEFAuthorization>[01,4000,0,PRB00000,1078,0,296,amaxpoint,0,0,3F])
31-08-2018 10:42:58 - ################################################################
31-08-2018 10:42:58 - Procesando ID Canal Movimineto :722DF187-34AD-E811-810A-00505686417C
31-08-2018 10:42:58 - Actualiza estado de Canal Moviminetos 61 :722DF187-34AD-E811-810A-00505686417C
31-08-2018 10:42:58 - Actualiza estado de Requerimineto 61 :726
31-08-2018 10:43:04 - Secuencia Transaccion: obtieneClase(com.credibanco.tef.controller.param.TefParameters)->ejecutaMetodo([0]>[]>getInstance>[])->ejecutaMetodo([0]>[]>instanceDataManager>[])->ejecutaMetodo([0]>[]>instanceAuthorizationManager>[])->obtieneClase(com.credibanco.tef.controller.TEFTransactionManager)->ejecutaMetodo([4]>[*00*&[2]&[3]]>getTEFAuthorization>[01,4000,0,PRB00000,1079,0,296,amaxpoint,0,0,3E])
31-08-2018 10:43:52 - ################################################################
31-08-2018 10:43:52 - Procesando ID Canal Movimineto :E70243A7-34AD-E811-810A-00505686417C
31-08-2018 10:43:52 - Actualiza estado de Canal Moviminetos 61 :E70243A7-34AD-E811-810A-00505686417C
31-08-2018 10:43:52 - Actualiza estado de Requerimineto 61 :727
31-08-2018 10:43:54 - Secuencia Transaccion: obtieneClase(com.credibanco.tef.controller.param.TefParameters)->ejecutaMetodo([0]>[]>getInstance>[])->ejecutaMetodo([0]>[]>instanceDataManager>[])->ejecutaMetodo([0]>[]>instanceAuthorizationManager>[])->obtieneClase(com.credibanco.tef.controller.TEFTransactionManager)->ejecutaMetodo([4]>[*00*&[2]&[3]]>getTEFAuthorization>[01,4000,0,PRB00000,1080,0,296,amaxpoint,0,0,38])
31-08-2018 10:50:09 - ################################################################
31-08-2018 10:50:09 - Procesando ID Canal Movimineto :DF68EC23-35AD-E811-810A-00505686417C
31-08-2018 10:50:09 - Actualiza estado de Canal Moviminetos 61 :DF68EC23-35AD-E811-810A-00505686417C
31-08-2018 10:50:09 - Actualiza estado de Requerimineto 61 :728
31-08-2018 10:50:09 - Secuencia Transaccion: obtieneClase(com.credibanco.tef.controller.param.TefParameters)->ejecutaMetodo([0]>[]>getInstance>[])->ejecutaMetodo([0]>[]>instanceDataManager>[])->ejecutaMetodo([0]>[]>instanceAuthorizationManager>[])->obtieneClase(com.credibanco.tef.controller.TEFTransactionManager)->ejecutaMetodo([4]>[*00*&[2]&[3]]>getTEFAuthorization>[01,4000,0,PRB00000,1081,0,296,amaxpoint,0,0,39])
31-08-2018 10:50:09 - Respuesta obtenida: com.credibanco.entidades.RespuestaProcesoPago@6d7b94a3
31-08-2018 10:50:09 - [Mensaje de respuesta]  Codigo:  ER, Mensaje:  Mensaje no especificado. ,   Secuencia:  insertar 
31-08-2018 10:50:09 - Ejecion recursiva iniciada.
31-08-2018 10:50:09 - Ejecutando secuencia segun mensajes de respuesta  intentos> 2 falntantes: : insertar
31-08-2018 10:50:09 - ------------Exception:  groovy.lang.MissingMethodException: No signature of method: com.kfc.modelo.reflexion.JarLector.executeMetodoSecuencia() is applicable for argument types: (String) values: [insertar]
Possible solutions: executeMetodoSecuencia(java.lang.String, kfc.com.modelo.Respuesta_Autorizacion)
31-08-2018 10:50:35 - ################################################################
31-08-2018 10:50:35 - Procesando ID Canal Movimineto :2A910298-35AD-E811-810A-00505686417C
31-08-2018 10:50:35 - Actualiza estado de Canal Moviminetos 61 :2A910298-35AD-E811-810A-00505686417C
31-08-2018 10:50:35 - Actualiza estado de Requerimineto 61 :729
31-08-2018 10:50:41 - Secuencia Transaccion: obtieneClase(com.credibanco.tef.controller.param.TefParameters)->ejecutaMetodo([0]>[]>getInstance>[])->ejecutaMetodo([0]>[]>instanceDataManager>[])->ejecutaMetodo([0]>[]>instanceAuthorizationManager>[])->obtieneClase(com.credibanco.tef.controller.TEFTransactionManager)->ejecutaMetodo([4]>[*00*&[2]&[3]]>getTEFAuthorization>[01,4000,0,PRB00000,1082,0,296,amaxpoint,0,0,3A])
31-08-2018 10:53:58 - ################################################################
31-08-2018 10:53:58 - Procesando ID Canal Movimineto :2B910298-35AD-E811-810A-00505686417C
31-08-2018 10:53:58 - Actualiza estado de Canal Moviminetos 61 :2B910298-35AD-E811-810A-00505686417C
31-08-2018 10:53:58 - Actualiza estado de Requerimineto 61 :730
31-08-2018 10:54:03 - Secuencia Transaccion: obtieneClase(com.credibanco.tef.controller.param.TefParameters)->ejecutaMetodo([0]>[]>getInstance>[])->ejecutaMetodo([0]>[]>instanceDataManager>[])->ejecutaMetodo([0]>[]>instanceAuthorizationManager>[])->obtieneClase(com.credibanco.tef.controller.TEFTransactionManager)->ejecutaMetodo([4]>[*00*&[2]&[3]]>getTEFAuthorization>[01,4000,0,PRB00000,1083,0,296,amaxpoint,0,0,3B])
31-08-2018 11:44:32 - ################################################################
31-08-2018 11:44:32 - Procesando ID Canal Movimineto :2C910298-35AD-E811-810A-00505686417C
31-08-2018 11:44:32 - Actualiza estado de Canal Moviminetos 61 :2C910298-35AD-E811-810A-00505686417C
31-08-2018 11:44:32 - Actualiza estado de Requerimineto 61 :731
31-08-2018 11:44:33 - Secuencia Transaccion: obtieneClase(com.credibanco.tef.controller.param.TefParameters)->ejecutaMetodo([0]>[]>getInstance>[])->ejecutaMetodo([0]>[]>instanceDataManager>[])->ejecutaMetodo([0]>[]>instanceAuthorizationManager>[])->obtieneClase(com.credibanco.tef.controller.TEFTransactionManager)->ejecutaMetodo([4]>[*00*&[2]&[3]]>getTEFAuthorization>[01,4000,0,PRB00000,1084,0,296,amaxpoint,0,0,3C])
31-08-2018 12:09:22 - ################################################################
31-08-2018 12:09:22 - Procesando ID Canal Movimineto :3DE1769F-3AAD-E811-810A-00505686417C
31-08-2018 12:09:22 - Actualiza estado de Canal Moviminetos 61 :3DE1769F-3AAD-E811-810A-00505686417C
31-08-2018 12:09:22 - Actualiza estado de Requerimineto 61 :732
31-08-2018 12:09:22 - Secuencia Transaccion: obtieneClase(com.credibanco.tef.controller.param.TefParameters)->ejecutaMetodo([0]>[]>getInstance>[])->ejecutaMetodo([0]>[]>instanceDataManager>[])->ejecutaMetodo([0]>[]>instanceAuthorizationManager>[])->obtieneClase(com.credibanco.tef.controller.TEFTransactionManager)->ejecutaMetodo([4]>[*00*&[2]&[3]]>getTEFAuthorization>[01,24500,0,PRB00000,1085,0,1815,jfernandez,0,0,42])
31-08-2018 12:09:22 - Respuesta obtenida: com.credibanco.entidades.RespuestaProcesoPago@88792d6
31-08-2018 12:09:22 - [Mensaje de respuesta]  Codigo:  ER, Mensaje:  Mensaje no especificado. ,   Secuencia:  insertar 
31-08-2018 12:09:22 - Ejecion recursiva iniciada.
31-08-2018 12:09:22 - Ejecutando secuencia segun mensajes de respuesta  intentos> 2 falntantes: : insertar
31-08-2018 12:09:22 - ------------Exception:  groovy.lang.MissingMethodException: No signature of method: com.kfc.modelo.reflexion.JarLector.executeMetodoSecuencia() is applicable for argument types: (String) values: [insertar]
Possible solutions: executeMetodoSecuencia(java.lang.String, kfc.com.modelo.Respuesta_Autorizacion)
31-08-2018 12:10:00 - ################################################################
31-08-2018 12:10:00 - Procesando ID Canal Movimineto :8D2EA9AF-40AD-E811-810A-00505686417C
31-08-2018 12:10:00 - Actualiza estado de Canal Moviminetos 61 :8D2EA9AF-40AD-E811-810A-00505686417C
31-08-2018 12:10:01 - Actualiza estado de Requerimineto 61 :733
31-08-2018 12:10:01 - Secuencia Transaccion: obtieneClase(com.credibanco.tef.controller.param.TefParameters)->ejecutaMetodo([0]>[]>getInstance>[])->ejecutaMetodo([0]>[]>instanceDataManager>[])->ejecutaMetodo([0]>[]>instanceAuthorizationManager>[])->obtieneClase(com.credibanco.tef.controller.TEFTransactionManager)->ejecutaMetodo([4]>[*00*&[2]&[3]]>getTEFAuthorization>[01,4000,0,PRB00000,1086,0,296,amaxpoint,0,0,3E])
31-08-2018 12:10:39 - ------------Exception:  groovy.lang.MissingMethodException: No signature of method: com.kfc.modelo.reflexion.JarLector.GetAtributo() is applicable for argument types: (com.credibanco.entidades.RespuestaProcesoPago, String, null) values: [com.credibanco.entidades.RespuestaProcesoPago@6c3895dc, CodigoRespuesta, ...]
Possible solutions: GetAtributo(java.lang.Object, java.lang.String), setAtributo(java.lang.Object, java.lang.String, java.lang.Object)
31-08-2018 12:11:12 - ################################################################
31-08-2018 12:11:12 - Procesando ID Canal Movimineto :83A18EDB-40AD-E811-810A-00505686417C
31-08-2018 12:11:12 - Actualiza estado de Canal Moviminetos 61 :83A18EDB-40AD-E811-810A-00505686417C
31-08-2018 12:11:12 - Actualiza estado de Requerimineto 61 :734
31-08-2018 12:11:12 - Secuencia Transaccion: obtieneClase(com.credibanco.tef.controller.param.TefParameters)->ejecutaMetodo([0]>[]>getInstance>[])->ejecutaMetodo([0]>[]>instanceDataManager>[])->ejecutaMetodo([0]>[]>instanceAuthorizationManager>[])->obtieneClase(com.credibanco.tef.controller.TEFTransactionManager)->ejecutaMetodo([4]>[*00*&[2]&[3]]>getTEFAuthorization>[01,4000,0,PRB00000,1087,0,296,amaxpoint,0,0,3F])
31-08-2018 12:12:04 - ################################################################
31-08-2018 12:12:04 - Procesando ID Canal Movimineto :747D63FA-40AD-E811-810A-00505686417C
31-08-2018 12:12:04 - Actualiza estado de Canal Moviminetos 61 :747D63FA-40AD-E811-810A-00505686417C
31-08-2018 12:12:05 - Actualiza estado de Requerimineto 61 :735
31-08-2018 12:12:05 - Secuencia Transaccion: obtieneClase(com.credibanco.tef.controller.param.TefParameters)->ejecutaMetodo([0]>[]>getInstance>[])->ejecutaMetodo([0]>[]>instanceDataManager>[])->ejecutaMetodo([0]>[]>instanceAuthorizationManager>[])->obtieneClase(com.credibanco.tef.controller.TEFTransactionManager)->ejecutaMetodo([4]>[*00*&[2]&[3]]>getTEFAuthorization>[01,4000,0,PRB00000,1088,0,296,amaxpoint,0,0,30])
31-08-2018 12:14:53 - ################################################################
31-08-2018 12:14:53 - Procesando ID Canal Movimineto :86EAC55D-41AD-E811-810A-00505686417C
31-08-2018 12:14:53 - Actualiza estado de Canal Moviminetos 61 :86EAC55D-41AD-E811-810A-00505686417C
31-08-2018 12:14:53 - Actualiza estado de Requerimineto 61 :736
31-08-2018 12:14:53 - Secuencia Transaccion: obtieneClase(com.credibanco.tef.controller.param.TefParameters)->ejecutaMetodo([0]>[]>getInstance>[])->ejecutaMetodo([0]>[]>instanceDataManager>[])->ejecutaMetodo([0]>[]>instanceAuthorizationManager>[])->obtieneClase(com.credibanco.tef.controller.TEFTransactionManager)->ejecutaMetodo([4]>[*00*&[2]&[3]]>getTEFAuthorization>[01,4000,0,PRB00000,1089,0,296,amaxpoint,0,0,31])
31-08-2018 12:25:34 - ################################################################
31-08-2018 12:25:34 - Procesando ID Canal Movimineto :A147D8DC-42AD-E811-810A-00505686417C
31-08-2018 12:25:34 - Actualiza estado de Canal Moviminetos 61 :A147D8DC-42AD-E811-810A-00505686417C
31-08-2018 12:25:34 - Actualiza estado de Requerimineto 61 :737
31-08-2018 12:25:49 - ################################################################
31-08-2018 12:25:49 - Procesando ID Canal Movimineto :97F205E6-42AD-E811-810A-00505686417C
31-08-2018 12:25:49 - Actualiza estado de Canal Moviminetos 61 :97F205E6-42AD-E811-810A-00505686417C
31-08-2018 12:25:50 - Actualiza estado de Requerimineto 61 :738
31-08-2018 12:25:54 - Secuencia Transaccion: obtieneClase(com.credibanco.tef.controller.param.TefParameters)->ejecutaMetodo([0]>[]>getInstance>[])->ejecutaMetodo([0]>[]>instanceDataManager>[])->ejecutaMetodo([0]>[]>instanceAuthorizationManager>[])->obtieneClase(com.credibanco.tef.controller.TEFTransactionManager)->ejecutaMetodo([4]>[*00*&[2]&[3]]>getTEFAuthorization>[01,4000,0,PRB00000,1091,0,296,amaxpoint,0,0,38])
31-08-2018 12:26:12 - ################################################################
31-08-2018 12:26:12 - Procesando ID Canal Movimineto :3C180BF3-42AD-E811-810A-00505686417C
31-08-2018 12:26:12 - Actualiza estado de Canal Moviminetos 61 :3C180BF3-42AD-E811-810A-00505686417C
31-08-2018 12:26:12 - Actualiza estado de Requerimineto 61 :739
31-08-2018 12:26:12 - Secuencia Transaccion: obtieneClase(com.credibanco.tef.controller.param.TefParameters)->ejecutaMetodo([0]>[]>getInstance>[])->ejecutaMetodo([0]>[]>instanceDataManager>[])->ejecutaMetodo([0]>[]>instanceAuthorizationManager>[])->obtieneClase(com.credibanco.tef.controller.TEFTransactionManager)->ejecutaMetodo([4]>[*00*&[2]&[3]]>getTEFAuthorization>[01,4000,0,PRB00000,1092,0,296,amaxpoint,0,0,3B])
31-08-2018 12:31:45 - ################################################################
31-08-2018 12:31:45 - Procesando ID Canal Movimineto :F415FC28-43AD-E811-810A-00505686417C
31-08-2018 12:31:45 - Actualiza estado de Canal Moviminetos 61 :F415FC28-43AD-E811-810A-00505686417C
31-08-2018 12:31:45 - Actualiza estado de Requerimineto 61 :740
31-08-2018 12:31:46 - Secuencia Transaccion: obtieneClase(com.credibanco.tef.controller.param.TefParameters)->ejecutaMetodo([0]>[]>getInstance>[])->ejecutaMetodo([0]>[]>instanceDataManager>[])->ejecutaMetodo([0]>[]>instanceAuthorizationManager>[])->obtieneClase(com.credibanco.tef.controller.TEFTransactionManager)->ejecutaMetodo([4]>[*00*&[2]&[3]]>getTEFAuthorization>[01,4000,0,PRB00000,1093,0,296,amaxpoint,0,0,3A])
31-08-2018 12:45:22 - ################################################################
31-08-2018 12:45:22 - Procesando ID Canal Movimineto :047E65BA-43AD-E811-810A-00505686417C
31-08-2018 12:45:22 - Actualiza estado de Canal Moviminetos 61 :047E65BA-43AD-E811-810A-00505686417C
31-08-2018 12:45:22 - Actualiza estado de Requerimineto 61 :741
31-08-2018 12:45:22 - Secuencia Transaccion: obtieneClase(com.credibanco.tef.controller.param.TefParameters)->ejecutaMetodo([0]>[]>getInstance>[])->ejecutaMetodo([0]>[]>instanceDataManager>[])->ejecutaMetodo([0]>[]>instanceAuthorizationManager>[])->obtieneClase(com.credibanco.tef.controller.TEFTransactionManager)->ejecutaMetodo([4]>[*00*&[2]&[3]]>getTEFAuthorization>[01,4000,0,PRB00000,1094,0,296,amaxpoint,0,0,3D])
31-08-2018 12:45:47 - Respuesta obtenida: 01,APROBADO,PINPAD
31-08-2018 12:46:56 - [Mensaje de respuesta]  Codigo:  ER, Mensaje:  Mensaje no especificado. ,   Secuencia:  insertar 
31-08-2018 12:47:38 - ################################################################
31-08-2018 12:47:38 - Procesando ID Canal Movimineto :4D78CBF1-45AD-E811-810A-00505686417C
31-08-2018 12:47:38 - Actualiza estado de Canal Moviminetos 61 :4D78CBF1-45AD-E811-810A-00505686417C
31-08-2018 12:47:38 - Actualiza estado de Requerimineto 61 :742
31-08-2018 12:47:38 - Secuencia Transaccion: obtieneClase(com.credibanco.tef.controller.param.TefParameters)->ejecutaMetodo([0]>[]>getInstance>[])->ejecutaMetodo([0]>[]>instanceDataManager>[])->ejecutaMetodo([0]>[]>instanceAuthorizationManager>[])->obtieneClase(com.credibanco.tef.controller.TEFTransactionManager)->ejecutaMetodo([4]>[*00*&[2]&[3]]>getTEFAuthorization>[01,4000,0,PRB00000,1095,0,296,amaxpoint,0,0,3C])
31-08-2018 12:47:46 - Respuesta obtenida: 01,APROBADO,PINPAD
31-08-2018 12:48:05 - [Mensaje de respuesta]  Codigo:  ER, Mensaje:  Mensaje no especificado. ,   Secuencia:  INSERTAR 
31-08-2018 12:50:03 - Se auto completo la trama: 01,DO,          PINPAD
31-08-2018 12:50:17 - Actualizar a estado 42 ID: 4D78CBF1-45AD-E811-810A-00505686417C
31-08-2018 12:52:14 - ################################################################
31-08-2018 12:52:14 - Procesando ID Canal Movimineto :3A9BFF95-46AD-E811-810A-00505686417C
31-08-2018 12:52:14 - Actualiza estado de Canal Moviminetos 61 :3A9BFF95-46AD-E811-810A-00505686417C
31-08-2018 12:52:14 - Actualiza estado de Requerimineto 61 :743
31-08-2018 12:52:14 - Secuencia Transaccion: obtieneClase(com.credibanco.tef.controller.param.TefParameters)->ejecutaMetodo([0]>[]>getInstance>[])->ejecutaMetodo([0]>[]>instanceDataManager>[])->ejecutaMetodo([0]>[]>instanceAuthorizationManager>[])->obtieneClase(com.credibanco.tef.controller.TEFTransactionManager)->ejecutaMetodo([4]>[*00*&[2]&[3]]>getTEFAuthorization>[01,4000,0,PRB00000,1096,0,296,amaxpoint,0,0,3F])
31-08-2018 12:52:23 - Respuesta obtenida: 05,,000000004000,000000000000,PRB00000  ,,,,,,,,,,,,,,,,,,71
31-08-2018 12:52:24 - [Mensaje de respuesta]  Codigo:  05, Mensaje:  Transaccion con errores de apertura de puerto serial, o timeout sin recibir la solicitud inicial del datafono DATAFON ,   Secuencia:  INSERTAR 
31-08-2018 12:52:24 - Se inserto trama (error controlado): 05,,000000004000,000000000000,PRB00000  ,,,,,,,,,,,,,,,,,,71
31-08-2018 12:52:24 - Actualizar a estado 42 ID: 3A9BFF95-46AD-E811-810A-00505686417C
31-08-2018 12:53:18 - ################################################################
31-08-2018 12:53:18 - Procesando ID Canal Movimineto :5A8006BD-46AD-E811-810A-00505686417C
31-08-2018 12:53:18 - Actualiza estado de Canal Moviminetos 61 :5A8006BD-46AD-E811-810A-00505686417C
31-08-2018 12:53:18 - Actualiza estado de Requerimineto 61 :744
31-08-2018 12:53:18 - Secuencia Transaccion: obtieneClase(com.credibanco.tef.controller.param.TefParameters)->ejecutaMetodo([0]>[]>getInstance>[])->ejecutaMetodo([0]>[]>instanceDataManager>[])->ejecutaMetodo([0]>[]>instanceAuthorizationManager>[])->obtieneClase(com.credibanco.tef.controller.TEFTransactionManager)->ejecutaMetodo([4]>[*00*&[2]&[3]]>getTEFAuthorization>[01,76800,0,PRB00000,1097,0,5689,jfernandez,0,0,44])
31-08-2018 12:53:53 - Respuesta obtenida: 00,816974,000000076800,000000000000,PRB00000  ,000243,000408,00018487,000831,1253,00,VISA G    ,EL,00,4754,400558,2112,012304481              ,ECUADOR                ,00,000000000000,000000000000,67
31-08-2018 12:53:53 - [Mensaje de respuesta]  Codigo:  00, Mensaje:  Transaccion Aprobada DATAFONO ,   Secuencia:  APROBADA 
31-08-2018 12:53:53 - Se inserto trama (error controlado): 00,816974,000000076800,000000000000,PRB00000  ,000243,000408,00018487,000831,1253,00,VISA G    ,EL,00,4754,400558,2112,012304481              ,ECUADOR                ,00,000000000000,000000000000,67
31-08-2018 12:53:53 - Actualizar a estado 42 ID: 5A8006BD-46AD-E811-810A-00505686417C
31-08-2018 12:55:11 - ################################################################
31-08-2018 12:55:11 - Procesando ID Canal Movimineto :41E35BFB-46AD-E811-810A-00505686417C
31-08-2018 12:55:11 - Actualiza estado de Canal Moviminetos 61 :41E35BFB-46AD-E811-810A-00505686417C
31-08-2018 12:55:11 - Actualiza estado de Requerimineto 61 :745
31-08-2018 12:55:11 - Secuencia Transaccion: obtieneClase(com.credibanco.tef.controller.param.TefParameters)->ejecutaMetodo([0]>[]>getInstance>[])->ejecutaMetodo([0]>[]>instanceDataManager>[])->ejecutaMetodo([0]>[]>instanceAuthorizationManager>[])->obtieneClase(com.credibanco.tef.controller.TEFTransactionManager)->ejecutaMetodo([4]>[*00*&[2]&[3]]>getTEFAuthorization>[01,31900,0,PRB00000,1098,0,2363,jfernandez,0,0,4F])
31-08-2018 12:55:36 - Respuesta obtenida: 02,      ,000000031900,000000000000,PRB00000  ,000000,000000,00000000,000000,0000,XX,VISA G    ,  ,00,4754,400558,2112,012304481              ,ECUADOR                ,00,000000000000,000000000000,6f
31-08-2018 12:55:36 - [Mensaje de respuesta]  Codigo:  02, Mensaje:  Transaccion Negada Online DATAFONO ,   Secuencia:  INSERTAR 
31-08-2018 12:55:36 - Se inserto trama (error controlado): 02,      ,000000031900,000000000000,PRB00000  ,000000,000000,00000000,000000,0000,XX,VISA G    ,  ,00,4754,400558,2112,012304481              ,ECUADOR                ,00,000000000000,000000000000,6f
31-08-2018 12:55:36 - Actualizar a estado 42 ID: 41E35BFB-46AD-E811-810A-00505686417C
31-08-2018 12:56:27 - ################################################################
31-08-2018 12:56:27 - Procesando ID Canal Movimineto :A8CE082E-47AD-E811-810A-00505686417C
31-08-2018 12:56:27 - Actualiza estado de Canal Moviminetos 61 :A8CE082E-47AD-E811-810A-00505686417C
31-08-2018 12:56:28 - Actualiza estado de Requerimineto 61 :746
31-08-2018 12:56:28 - Secuencia Transaccion: obtieneClase(com.credibanco.tef.controller.param.TefParameters)->ejecutaMetodo([0]>[]>getInstance>[])->ejecutaMetodo([0]>[]>instanceDataManager>[])->ejecutaMetodo([0]>[]>instanceAuthorizationManager>[])->obtieneClase(com.credibanco.tef.controller.TEFTransactionManager)->ejecutaMetodo([4]>[*00*&[2]&[3]]>getTEFAuthorization>[01,31900,0,PRB00000,1099,0,2363,jfernandez,0,0,4E])
31-08-2018 12:56:33 - Respuesta obtenida: 05,,000000031900,000000000000,PRB00000  ,,,,,,,,,,,,,,,,,,7e
31-08-2018 12:56:33 - [Mensaje de respuesta]  Codigo:  05, Mensaje:  Transaccion con errores de apertura de puerto serial, o timeout sin recibir la solicitud inicial del datafono DATAFON ,   Secuencia:  INSERTAR 
31-08-2018 12:56:33 - Se inserto trama (error controlado): 05,,000000031900,000000000000,PRB00000  ,,,,,,,,,,,,,,,,,,7e
31-08-2018 12:56:33 - Actualizar a estado 42 ID: A8CE082E-47AD-E811-810A-00505686417C
31-08-2018 12:56:58 - ################################################################
31-08-2018 12:56:58 - Procesando ID Canal Movimineto :59FF4640-47AD-E811-810A-00505686417C
31-08-2018 12:56:58 - Actualiza estado de Canal Moviminetos 61 :59FF4640-47AD-E811-810A-00505686417C
31-08-2018 12:56:58 - Actualiza estado de Requerimineto 61 :747
31-08-2018 12:56:58 - Secuencia Transaccion: obtieneClase(com.credibanco.tef.controller.param.TefParameters)->ejecutaMetodo([0]>[]>getInstance>[])->ejecutaMetodo([0]>[]>instanceDataManager>[])->ejecutaMetodo([0]>[]>instanceAuthorizationManager>[])->obtieneClase(com.credibanco.tef.controller.TEFTransactionManager)->ejecutaMetodo([4]>[*00*&[2]&[3]]>getTEFAuthorization>[01,31900,0,PRB00000,1100,0,2363,jfernandez,0,0,4F])
31-08-2018 12:57:23 - Respuesta obtenida: 00,230093,000000031900,000000000000,PRB00000  ,000244,000409,00018487,000831,1257,00,VISA G    ,EL,00,4754,400558,2112,012304481              ,ECUADOR                ,00,000000000000,000000000000,69
31-08-2018 12:57:23 - [Mensaje de respuesta]  Codigo:  00, Mensaje:  Transaccion Aprobada DATAFONO ,   Secuencia:  APROBADA 
31-08-2018 12:57:23 - si cumple longitud - Trama insertada mediante ejecución normal: 00,230093,000000031900,000000000000,PRB00000  ,000244,000409,00018487,000831,1257,00,VISA G    ,EL,00,4754,400558,2112,012304481              ,ECUADOR                ,00,000000000000,000000000000,69
31-08-2018 12:57:23 - Actualizar a estado 42 ID: 59FF4640-47AD-E811-810A-00505686417C
31-08-2018 12:57:53 - ################################################################
31-08-2018 12:57:53 - Procesando ID Canal Movimineto :59B73360-47AD-E811-810A-00505686417C
31-08-2018 12:57:53 - Actualiza estado de Canal Moviminetos 61 :59B73360-47AD-E811-810A-00505686417C
31-08-2018 12:57:53 - Actualiza estado de Requerimineto 61 :748
31-08-2018 12:57:53 - Secuencia Transaccion: obtieneClase(com.credibanco.tef.controller.param.TefParameters)->ejecutaMetodo([0]>[]>getInstance>[])->ejecutaMetodo([0]>[]>instanceDataManager>[])->ejecutaMetodo([0]>[]>instanceAuthorizationManager>[])->obtieneClase(com.credibanco.tef.controller.TEFTransactionManager)->ejecutaMetodo([4]>[*00*&[2]&[3]]>getTEFAuthorization>[02,PRB00000,244,0000001101,jfernandez,0,0,6C])
31-08-2018 12:58:03 - Respuesta obtenida: 03,,,,00jfernandez,000244,,,,,,,,,,,,,,,,,00
31-08-2018 12:58:03 - [Mensaje de respuesta]  Codigo:  03, Mensaje:  Transaccion sin respuesta final del datafono DATAFONO ,   Secuencia:  INSERTAR 
31-08-2018 12:58:03 - Se auto completo la trama: 03,      ,            ,            ,00jfernandez,000244,      ,        ,      ,    ,  ,          ,  ,  ,    ,      ,    ,                       ,                       ,  ,            ,            ,00
31-08-2018 12:58:03 - Actualizar a estado 42 ID: 59B73360-47AD-E811-810A-00505686417C
31-08-2018 12:58:09 - ################################################################
31-08-2018 12:58:09 - Procesando ID Canal Movimineto :E83F246A-47AD-E811-810A-00505686417C
31-08-2018 12:58:09 - Actualiza estado de Canal Moviminetos 61 :E83F246A-47AD-E811-810A-00505686417C
31-08-2018 12:58:09 - Actualiza estado de Requerimineto 61 :749
31-08-2018 12:58:09 - Secuencia Transaccion: obtieneClase(com.credibanco.tef.controller.param.TefParameters)->ejecutaMetodo([0]>[]>getInstance>[])->ejecutaMetodo([0]>[]>instanceDataManager>[])->ejecutaMetodo([0]>[]>instanceAuthorizationManager>[])->obtieneClase(com.credibanco.tef.controller.TEFTransactionManager)->ejecutaMetodo([4]>[*00*&[2]&[3]]>getTEFAuthorization>[02,PRB00000,244,0000001102,jfernandez,0,0,6F])
31-08-2018 12:58:31 - Respuesta obtenida: 00,230093,000000031900,000000000000,00jfernandez,000244,000410,00018487,000831,1258,00,VISA G    ,EL,00,4754,400558,2112,012304481              ,ECUADOR                ,00,000000000000,000000000000,1f
31-08-2018 12:58:31 - [Mensaje de respuesta]  Codigo:  00, Mensaje:  Transaccion Aprobada DATAFONO ,   Secuencia:  APROBADA 
31-08-2018 12:58:31 - si cumple longitud - Trama insertada mediante ejecución normal: 00,230093,000000031900,000000000000,00jfernandez,000244,000410,00018487,000831,1258,00,VISA G    ,EL,00,4754,400558,2112,012304481              ,ECUADOR                ,00,000000000000,000000000000,1f
31-08-2018 12:58:31 - Actualizar a estado 42 ID: E83F246A-47AD-E811-810A-00505686417C
31-08-2018 13:13:57 - ################################################################
31-08-2018 13:13:57 - Procesando ID Canal Movimineto :ACB2FE9F-49AD-E811-810A-00505686417C
31-08-2018 13:13:57 - Actualiza estado de Canal Moviminetos 61 :ACB2FE9F-49AD-E811-810A-00505686417C
31-08-2018 13:13:57 - Actualiza estado de Requerimineto 61 :750
31-08-2018 13:13:57 - Secuencia Transaccion: obtieneClase(com.credibanco.tef.controller.param.TefParameters)->ejecutaMetodo([0]>[]>getInstance>[])->ejecutaMetodo([0]>[]>instanceDataManager>[])->ejecutaMetodo([0]>[]>instanceAuthorizationManager>[])->obtieneClase(com.credibanco.tef.controller.TEFTransactionManager)->ejecutaMetodo([4]>[*00*&[2]&[3]]>getTEFAuthorization>[01,4000,0,PRB00000,1103,0,296,amaxpoint,0,0,32])
