28-08-2018 15:56:25 - ################################################################
28-08-2018 15:56:25 - Procesando ID Canal Movimineto :9E419FD2-04AB-E811-810A-00505686417C
28-08-2018 15:56:25 - Actualiza estado de Canal Moviminetos 61 :9E419FD2-04AB-E811-810A-00505686417C
28-08-2018 15:56:25 - Actualiza estado de Requerimineto 61 :532
28-08-2018 15:56:26 - Secuencia Transaccion: obtieneClase(com.credibanco.tef.controller.param.TefParameters)->ejecutaMetodo([0]>[]>getInstance>[])->ejecutaMetodo([0]>[]>instanceDataManager>[])->ejecutaMetodo([0]>[]>instanceAuthorizationManager>[])->obtieneClase(com.credibanco.tef.controller.TEFTransactionManager)->ejecutaMetodo([4]>[*00*&[2]&[3]]>getTEFAuthorization>[01,4000,0,PRB00000,885,0,296,amaxpoint,0,0,04])
28-08-2018 16:05:21 - ################################################################
28-08-2018 16:05:21 - Procesando ID Canal Movimineto :985CFD10-06AB-E811-810A-00505686417C
28-08-2018 16:05:21 - Actualiza estado de Canal Moviminetos 61 :985CFD10-06AB-E811-810A-00505686417C
28-08-2018 16:05:21 - Actualiza estado de Requerimineto 61 :538
28-08-2018 16:05:22 - Secuencia Transaccion: obtieneClase(com.credibanco.tef.controller.param.TefParameters)->ejecutaMetodo([0]>[]>getInstance>[])->ejecutaMetodo([0]>[]>instanceDataManager>[])->ejecutaMetodo([0]>[]>instanceAuthorizationManager>[])->obtieneClase(com.credibanco.tef.controller.TEFTransactionManager)->ejecutaMetodo([4]>[*00*&[2]&[3]]>getTEFAuthorization>[01,4000,0,PRB00000,891,0,296,amaxpoint,0,0,01])
28-08-2018 16:09:39 - ################################################################
28-08-2018 16:09:39 - Procesando ID Canal Movimineto :26F483AB-06AB-E811-810A-00505686417C
28-08-2018 16:09:39 - Actualiza estado de Canal Moviminetos 61 :26F483AB-06AB-E811-810A-00505686417C
28-08-2018 16:09:39 - Actualiza estado de Requerimineto 61 :539
28-08-2018 16:09:39 - Secuencia Transaccion: obtieneClase(com.credibanco.tef.controller.param.TefParameters)->ejecutaMetodo([0]>[]>getInstance>[])->ejecutaMetodo([0]>[]>instanceDataManager>[])->ejecutaMetodo([0]>[]>instanceAuthorizationManager>[])->obtieneClase(com.credibanco.tef.controller.TEFTransactionManager)->ejecutaMetodo([4]>[*00*&[2]&[3]]>getTEFAuthorization>[01,4000,0,PRB00000,892,0,296,amaxpoint,0,0,02])
28-08-2018 16:10:01 - ################################################################
28-08-2018 16:10:01 - Procesando ID Canal Movimineto :5469E2B6-06AB-E811-810A-00505686417C
28-08-2018 16:10:01 - Actualiza estado de Canal Moviminetos 61 :5469E2B6-06AB-E811-810A-00505686417C
28-08-2018 16:10:01 - Actualiza estado de Requerimineto 61 :540
28-08-2018 16:10:02 - Secuencia Transaccion: obtieneClase(com.credibanco.tef.controller.param.TefParameters)->ejecutaMetodo([0]>[]>getInstance>[])->ejecutaMetodo([0]>[]>instanceDataManager>[])->ejecutaMetodo([0]>[]>instanceAuthorizationManager>[])->obtieneClase(com.credibanco.tef.controller.TEFTransactionManager)->ejecutaMetodo([4]>[*00*&[2]&[3]]>getTEFAuthorization>[01,4000,0,PRB00000,893,0,296,amaxpoint,0,0,03])
28-08-2018 16:13:00 - ################################################################
28-08-2018 16:13:00 - Procesando ID Canal Movimineto :E3942723-07AB-E811-810A-00505686417C
28-08-2018 16:13:00 - Actualiza estado de Canal Moviminetos 61 :E3942723-07AB-E811-810A-00505686417C
28-08-2018 16:13:00 - Actualiza estado de Requerimineto 61 :541
28-08-2018 16:13:00 - Secuencia Transaccion: obtieneClase(com.credibanco.tef.controller.param.TefParameters)->ejecutaMetodo([0]>[]>getInstance>[])->ejecutaMetodo([0]>[]>instanceDataManager>[])->ejecutaMetodo([0]>[]>instanceAuthorizationManager>[])->obtieneClase(com.credibanco.tef.controller.TEFTransactionManager)->ejecutaMetodo([4]>[*00*&[2]&[3]]>getTEFAuthorization>[01,4000,0,PRB00000,894,0,296,amaxpoint,0,0,04])
28-08-2018 16:14:12 - ################################################################
28-08-2018 16:14:12 - Procesando ID Canal Movimineto :C2A2D84D-07AB-E811-810A-00505686417C
28-08-2018 16:14:12 - Actualiza estado de Canal Moviminetos 61 :C2A2D84D-07AB-E811-810A-00505686417C
28-08-2018 16:14:12 - Actualiza estado de Requerimineto 61 :542
28-08-2018 16:14:13 - Secuencia Transaccion: obtieneClase(com.credibanco.tef.controller.param.TefParameters)->ejecutaMetodo([0]>[]>getInstance>[])->ejecutaMetodo([0]>[]>instanceDataManager>[])->ejecutaMetodo([0]>[]>instanceAuthorizationManager>[])->obtieneClase(com.credibanco.tef.controller.TEFTransactionManager)->ejecutaMetodo([4]>[*00*&[2]&[3]]>getTEFAuthorization>[01,4000,0,PRB00000,895,0,296,amaxpoint,0,0,05])
28-08-2018 16:14:56 - ################################################################
28-08-2018 16:14:56 - Procesando ID Canal Movimineto :C3A2D84D-07AB-E811-810A-00505686417C
28-08-2018 16:14:56 - Actualiza estado de Canal Moviminetos 61 :C3A2D84D-07AB-E811-810A-00505686417C
28-08-2018 16:14:56 - Actualiza estado de Requerimineto 61 :543
28-08-2018 16:14:56 - Secuencia Transaccion: obtieneClase(com.credibanco.tef.controller.param.TefParameters)->ejecutaMetodo([0]>[]>getInstance>[])->ejecutaMetodo([0]>[]>instanceDataManager>[])->ejecutaMetodo([0]>[]>instanceAuthorizationManager>[])->obtieneClase(com.credibanco.tef.controller.TEFTransactionManager)->ejecutaMetodo([4]>[*00*&[2]&[3]]>getTEFAuthorization>[01,4000,0,PRB00000,896,0,296,amaxpoint,0,0,06])
28-08-2018 16:15:19 - ################################################################
28-08-2018 16:15:19 - Procesando ID Canal Movimineto :899C3375-07AB-E811-810A-00505686417C
28-08-2018 16:15:19 - Actualiza estado de Canal Moviminetos 61 :899C3375-07AB-E811-810A-00505686417C
28-08-2018 16:15:19 - Actualiza estado de Requerimineto 61 :544
28-08-2018 16:15:19 - Secuencia Transaccion: obtieneClase(com.credibanco.tef.controller.param.TefParameters)->ejecutaMetodo([0]>[]>getInstance>[])->ejecutaMetodo([0]>[]>instanceDataManager>[])->ejecutaMetodo([0]>[]>instanceAuthorizationManager>[])->obtieneClase(com.credibanco.tef.controller.TEFTransactionManager)->ejecutaMetodo([4]>[*00*&[2]&[3]]>getTEFAuthorization>[01,4000,0,PRB00000,897,0,296,amaxpoint,0,0,07])
28-08-2018 16:21:36 - ################################################################
28-08-2018 16:21:36 - Procesando ID Canal Movimineto :8A9C3375-07AB-E811-810A-00505686417C
28-08-2018 16:21:36 - Actualiza estado de Canal Moviminetos 61 :8A9C3375-07AB-E811-810A-00505686417C
28-08-2018 16:21:36 - Actualiza estado de Requerimineto 61 :545
28-08-2018 16:21:36 - Secuencia Transaccion: obtieneClase(com.credibanco.tef.controller.param.TefParameters)->ejecutaMetodo([0]>[]>getInstance>[])->ejecutaMetodo([0]>[]>instanceDataManager>[])->ejecutaMetodo([0]>[]>instanceAuthorizationManager>[])->obtieneClase(com.credibanco.tef.controller.TEFTransactionManager)->ejecutaMetodo([4]>[*00*&[2]&[3]]>getTEFAuthorization>[01,4000,0,PRB00000,898,0,296,amaxpoint,0,0,08])
28-08-2018 16:26:31 - ################################################################
28-08-2018 16:26:31 - Procesando ID Canal Movimineto :FAC54007-09AB-E811-810A-00505686417C
28-08-2018 16:26:31 - Actualiza estado de Canal Moviminetos 61 :FAC54007-09AB-E811-810A-00505686417C
28-08-2018 16:26:31 - Actualiza estado de Requerimineto 61 :546
28-08-2018 16:26:32 - Secuencia Transaccion: obtieneClase(com.credibanco.tef.controller.param.TefParameters)->ejecutaMetodo([0]>[]>getInstance>[])->ejecutaMetodo([0]>[]>instanceDataManager>[])->ejecutaMetodo([0]>[]>instanceAuthorizationManager>[])->obtieneClase(com.credibanco.tef.controller.TEFTransactionManager)->ejecutaMetodo([4]>[*00*&[2]&[3]]>getTEFAuthorization>[01,4000,0,PRB00000,899,0,296,amaxpoint,0,0,09])
28-08-2018 16:28:53 - ################################################################
28-08-2018 16:28:53 - Procesando ID Canal Movimineto :9BAC155B-09AB-E811-810A-00505686417C
28-08-2018 16:28:53 - Actualiza estado de Canal Moviminetos 61 :9BAC155B-09AB-E811-810A-00505686417C
28-08-2018 16:28:53 - Actualiza estado de Requerimineto 61 :547
28-08-2018 16:29:08 - Secuencia Transaccion: obtieneClase(com.credibanco.tef.controller.param.TefParameters)->ejecutaMetodo([0]>[]>getInstance>[])->ejecutaMetodo([0]>[]>instanceDataManager>[])->ejecutaMetodo([0]>[]>instanceAuthorizationManager>[])->obtieneClase(com.credibanco.tef.controller.TEFTransactionManager)->ejecutaMetodo([4]>[*00*&[2]&[3]]>getTEFAuthorization>[01,4000,0,PRB00000,900,0,296,amaxpoint,0,0,08])
28-08-2018 16:34:08 - ################################################################
28-08-2018 16:34:08 - Procesando ID Canal Movimineto :56630A16-0AAB-E811-810A-00505686417C
28-08-2018 16:34:08 - Actualiza estado de Canal Moviminetos 61 :56630A16-0AAB-E811-810A-00505686417C
28-08-2018 16:34:08 - Actualiza estado de Requerimineto 61 :548
28-08-2018 16:34:11 - Secuencia Transaccion: obtieneClase(com.credibanco.tef.controller.param.TefParameters)->ejecutaMetodo([0]>[]>getInstance>[])->ejecutaMetodo([0]>[]>instanceDataManager>[])->ejecutaMetodo([0]>[]>instanceAuthorizationManager>[])->obtieneClase(com.credibanco.tef.controller.TEFTransactionManager)->ejecutaMetodo([4]>[*00*&[2]&[3]]>getTEFAuthorization>[01,4000,0,PRB00000,901,0,296,amaxpoint,0,0,09])
28-08-2018 16:34:12 - ------------Exception:  groovy.lang.MissingMethodException: No signature of method: com.kfc.modelo.reflexion.JarLector.ejecutaMetodo() is applicable for argument types: (DF.LANConfig, [Ljava.lang.Object;, String, [Ljava.lang.Object;...) values: [DF.LANConfig@a202ccb, [], TimeOut, [], true]
Possible solutions: ejecutaMetodo(java.lang.Class, [Ljava.lang.Object;, java.lang.String, [Ljava.lang.Object;, boolean)
28-08-2018 16:34:24 - ################################################################
28-08-2018 16:34:24 - Procesando ID Canal Movimineto :5B206520-0AAB-E811-810A-00505686417C
28-08-2018 16:34:24 - Actualiza estado de Canal Moviminetos 61 :5B206520-0AAB-E811-810A-00505686417C
28-08-2018 16:34:24 - Actualiza estado de Requerimineto 61 :549
28-08-2018 16:34:24 - Secuencia Transaccion: obtieneClase(com.credibanco.tef.controller.param.TefParameters)->ejecutaMetodo([0]>[]>getInstance>[])->ejecutaMetodo([0]>[]>instanceDataManager>[])->ejecutaMetodo([0]>[]>instanceAuthorizationManager>[])->obtieneClase(com.credibanco.tef.controller.TEFTransactionManager)->ejecutaMetodo([4]>[*00*&[2]&[3]]>getTEFAuthorization>[01,4000,0,PRB00000,902,0,296,amaxpoint,0,0,0A])
28-08-2018 16:35:18 - ------------Exception:  groovy.lang.MissingMethodException: No signature of method: com.kfc.modelo.reflexion.JarLector.ejecutaMetodo() is applicable for argument types: (DF.LANConfig, [Ljava.lang.Object;, String, [Ljava.lang.Object;...) values: [DF.LANConfig@73f5ddaf, [], TimeOut, [], true]
Possible solutions: ejecutaMetodo(java.lang.Class, [Ljava.lang.Object;, java.lang.String, [Ljava.lang.Object;, boolean)
28-08-2018 16:35:18 - ################################################################
28-08-2018 16:35:18 - Procesando ID Canal Movimineto :5C206520-0AAB-E811-810A-00505686417C
28-08-2018 16:35:18 - Actualiza estado de Canal Moviminetos 61 :5C206520-0AAB-E811-810A-00505686417C
28-08-2018 16:35:18 - Actualiza estado de Requerimineto 61 :550
28-08-2018 16:35:18 - Secuencia Transaccion: obtieneClase(com.credibanco.tef.controller.param.TefParameters)->ejecutaMetodo([0]>[]>getInstance>[])->ejecutaMetodo([0]>[]>instanceDataManager>[])->ejecutaMetodo([0]>[]>instanceAuthorizationManager>[])->obtieneClase(com.credibanco.tef.controller.TEFTransactionManager)->ejecutaMetodo([4]>[*00*&[2]&[3]]>getTEFAuthorization>[01,4000,0,PRB00000,903,0,296,amaxpoint,0,0,0B])
28-08-2018 16:35:32 - ------------Exception:  groovy.lang.MissingMethodException: No signature of method: com.kfc.modelo.reflexion.JarLector.ejecutaMetodo() is applicable for argument types: (DF.LANConfig, [Ljava.lang.Object;, String, [Ljava.lang.Object;...) values: [DF.LANConfig@4189d70b, [], TimeOut, [], true]
Possible solutions: ejecutaMetodo(java.lang.Class, [Ljava.lang.Object;, java.lang.String, [Ljava.lang.Object;, boolean)
28-08-2018 16:35:32 - ################################################################
28-08-2018 16:35:32 - Procesando ID Canal Movimineto :5D206520-0AAB-E811-810A-00505686417C
28-08-2018 16:35:32 - Actualiza estado de Canal Moviminetos 61 :5D206520-0AAB-E811-810A-00505686417C
28-08-2018 16:35:32 - Actualiza estado de Requerimineto 61 :551
28-08-2018 16:36:25 - Secuencia Transaccion: obtieneClase(com.credibanco.tef.controller.param.TefParameters)->ejecutaMetodo([0]>[]>getInstance>[])->ejecutaMetodo([0]>[]>instanceDataManager>[])->ejecutaMetodo([0]>[]>instanceAuthorizationManager>[])->obtieneClase(com.credibanco.tef.controller.TEFTransactionManager)->ejecutaMetodo([4]>[*00*&[2]&[3]]>getTEFAuthorization>[01,4000,0,PRB00000,904,0,296,amaxpoint,0,0,0C])
28-08-2018 16:36:53 - ------------Exception:  groovy.lang.MissingMethodException: No signature of method: com.kfc.modelo.reflexion.JarLector.ejecutaMetodo() is applicable for argument types: (DF.LANConfig, [Ljava.lang.Object;, String, [Ljava.lang.Object;...) values: [DF.LANConfig@6035b93b, [], TimeOut, [], true]
Possible solutions: ejecutaMetodo(java.lang.Class, [Ljava.lang.Object;, java.lang.String, [Ljava.lang.Object;, boolean)
28-08-2018 16:37:06 - ################################################################
28-08-2018 16:37:06 - Procesando ID Canal Movimineto :30F76D80-0AAB-E811-810A-00505686417C
28-08-2018 16:37:07 - Actualiza estado de Canal Moviminetos 61 :30F76D80-0AAB-E811-810A-00505686417C
28-08-2018 16:37:07 - Actualiza estado de Requerimineto 61 :552
28-08-2018 16:37:19 - Secuencia Transaccion: obtieneClase(com.credibanco.tef.controller.param.TefParameters)->ejecutaMetodo([0]>[]>getInstance>[])->ejecutaMetodo([0]>[]>instanceDataManager>[])->ejecutaMetodo([0]>[]>instanceAuthorizationManager>[])->obtieneClase(com.credibanco.tef.controller.TEFTransactionManager)->ejecutaMetodo([4]>[*00*&[2]&[3]]>getTEFAuthorization>[01,4000,0,PRB00000,905,0,296,amaxpoint,0,0,0D])
28-08-2018 16:38:26 - ################################################################
28-08-2018 16:38:26 - Procesando ID Canal Movimineto :31F76D80-0AAB-E811-810A-00505686417C
28-08-2018 16:38:26 - Actualiza estado de Canal Moviminetos 61 :31F76D80-0AAB-E811-810A-00505686417C
28-08-2018 16:38:26 - Actualiza estado de Requerimineto 61 :553
28-08-2018 16:38:27 - Secuencia Transaccion: obtieneClase(com.credibanco.tef.controller.param.TefParameters)->ejecutaMetodo([0]>[]>getInstance>[])->ejecutaMetodo([0]>[]>instanceDataManager>[])->ejecutaMetodo([0]>[]>instanceAuthorizationManager>[])->obtieneClase(com.credibanco.tef.controller.TEFTransactionManager)->ejecutaMetodo([4]>[*00*&[2]&[3]]>getTEFAuthorization>[01,4000,0,PRB00000,906,0,296,amaxpoint,0,0,0E])
28-08-2018 16:38:27 - Respuesta obtenida: null
28-08-2018 16:38:27 - [Mensaje de respuesta]  Codigo:  ER, Mensaje:  Mensaje no especificado. ,   Secuencia:  insertar 
28-08-2018 16:38:27 - Ejecion recursiva iniciada.
28-08-2018 16:38:27 - Ejecutando secuencia segun mensajes de respuesta  intentos> 2 falntantes: : insertar
28-08-2018 16:38:27 - ------------Exception:  java.lang.StringIndexOutOfBoundsException: String index out of range: -1
28-08-2018 16:38:54 - ################################################################
28-08-2018 16:38:54 - Procesando ID Canal Movimineto :2691BDC1-0AAB-E811-810A-00505686417C
28-08-2018 16:38:54 - Actualiza estado de Canal Moviminetos 61 :2691BDC1-0AAB-E811-810A-00505686417C
28-08-2018 16:38:55 - Actualiza estado de Requerimineto 61 :554
28-08-2018 16:38:55 - Secuencia Transaccion: obtieneClase(com.credibanco.tef.controller.param.TefParameters)->ejecutaMetodo([0]>[]>getInstance>[])->ejecutaMetodo([0]>[]>instanceDataManager>[])->ejecutaMetodo([0]>[]>instanceAuthorizationManager>[])->obtieneClase(com.credibanco.tef.controller.TEFTransactionManager)->ejecutaMetodo([4]>[*00*&[2]&[3]]>getTEFAuthorization>[01,4000,0,PRB00000,907,0,296,amaxpoint,0,0,0F])
28-08-2018 16:38:55 - Respuesta obtenida: null
28-08-2018 16:38:56 - [Mensaje de respuesta]  Codigo:  ER, Mensaje:  Mensaje no especificado. ,   Secuencia:  insertar 
28-08-2018 16:38:56 - Ejecion recursiva iniciada.
28-08-2018 16:38:56 - Ejecutando secuencia segun mensajes de respuesta  intentos> 2 falntantes: : insertar
28-08-2018 16:38:56 - ------------Exception:  java.lang.StringIndexOutOfBoundsException: String index out of range: -1
28-08-2018 16:38:56 - ################################################################
28-08-2018 16:38:56 - Procesando ID Canal Movimineto :2791BDC1-0AAB-E811-810A-00505686417C
28-08-2018 16:38:56 - Actualiza estado de Canal Moviminetos 61 :2791BDC1-0AAB-E811-810A-00505686417C
28-08-2018 16:38:56 - Actualiza estado de Requerimineto 61 :555
28-08-2018 16:38:56 - Secuencia Transaccion: obtieneClase(com.credibanco.tef.controller.param.TefParameters)->ejecutaMetodo([0]>[]>getInstance>[])->ejecutaMetodo([0]>[]>instanceDataManager>[])->ejecutaMetodo([0]>[]>instanceAuthorizationManager>[])->obtieneClase(com.credibanco.tef.controller.TEFTransactionManager)->ejecutaMetodo([4]>[*00*&[2]&[3]]>getTEFAuthorization>[01,4000,0,PRB00000,908,0,296,amaxpoint,0,0,00])
28-08-2018 16:38:56 - Respuesta obtenida: null
28-08-2018 16:38:56 - [Mensaje de respuesta]  Codigo:  ER, Mensaje:  Mensaje no especificado. ,   Secuencia:  insertar 
28-08-2018 16:38:56 - Ejecion recursiva iniciada.
28-08-2018 16:38:56 - Ejecutando secuencia segun mensajes de respuesta  intentos> 2 falntantes: : insertar
28-08-2018 16:38:56 - ------------Exception:  java.lang.StringIndexOutOfBoundsException: String index out of range: -1
28-08-2018 16:38:56 - ################################################################
28-08-2018 16:38:56 - Procesando ID Canal Movimineto :2891BDC1-0AAB-E811-810A-00505686417C
28-08-2018 16:38:56 - Actualiza estado de Canal Moviminetos 61 :2891BDC1-0AAB-E811-810A-00505686417C
28-08-2018 16:38:56 - Actualiza estado de Requerimineto 61 :556
28-08-2018 16:38:56 - Secuencia Transaccion: obtieneClase(com.credibanco.tef.controller.param.TefParameters)->ejecutaMetodo([0]>[]>getInstance>[])->ejecutaMetodo([0]>[]>instanceDataManager>[])->ejecutaMetodo([0]>[]>instanceAuthorizationManager>[])->obtieneClase(com.credibanco.tef.controller.TEFTransactionManager)->ejecutaMetodo([4]>[*00*&[2]&[3]]>getTEFAuthorization>[01,4000,0,PRB00000,909,0,296,amaxpoint,0,0,01])
28-08-2018 16:38:56 - Respuesta obtenida: null
28-08-2018 16:38:56 - [Mensaje de respuesta]  Codigo:  ER, Mensaje:  Mensaje no especificado. ,   Secuencia:  insertar 
28-08-2018 16:38:56 - Ejecion recursiva iniciada.
28-08-2018 16:38:56 - Ejecutando secuencia segun mensajes de respuesta  intentos> 2 falntantes: : insertar
28-08-2018 16:38:56 - ------------Exception:  java.lang.StringIndexOutOfBoundsException: String index out of range: -1
28-08-2018 16:38:59 - ################################################################
28-08-2018 16:38:59 - Procesando ID Canal Movimineto :2991BDC1-0AAB-E811-810A-00505686417C
28-08-2018 16:38:59 - Actualiza estado de Canal Moviminetos 61 :2991BDC1-0AAB-E811-810A-00505686417C
28-08-2018 16:38:59 - Actualiza estado de Requerimineto 61 :557
28-08-2018 16:38:59 - Secuencia Transaccion: obtieneClase(com.credibanco.tef.controller.param.TefParameters)->ejecutaMetodo([0]>[]>getInstance>[])->ejecutaMetodo([0]>[]>instanceDataManager>[])->ejecutaMetodo([0]>[]>instanceAuthorizationManager>[])->obtieneClase(com.credibanco.tef.controller.TEFTransactionManager)->ejecutaMetodo([4]>[*00*&[2]&[3]]>getTEFAuthorization>[01,4000,0,PRB00000,910,0,296,amaxpoint,0,0,09])
28-08-2018 16:38:59 - Respuesta obtenida: null
28-08-2018 16:38:59 - [Mensaje de respuesta]  Codigo:  ER, Mensaje:  Mensaje no especificado. ,   Secuencia:  insertar 
28-08-2018 16:38:59 - Ejecion recursiva iniciada.
28-08-2018 16:38:59 - Ejecutando secuencia segun mensajes de respuesta  intentos> 2 falntantes: : insertar
28-08-2018 16:38:59 - ------------Exception:  java.lang.StringIndexOutOfBoundsException: String index out of range: -1
28-08-2018 16:39:43 - ################################################################
28-08-2018 16:39:43 - Procesando ID Canal Movimineto :D3CD9ADD-0AAB-E811-810A-00505686417C
28-08-2018 16:39:43 - Actualiza estado de Canal Moviminetos 61 :D3CD9ADD-0AAB-E811-810A-00505686417C
28-08-2018 16:39:43 - Actualiza estado de Requerimineto 61 :558
28-08-2018 16:39:43 - Secuencia Transaccion: obtieneClase(com.credibanco.tef.controller.param.TefParameters)->ejecutaMetodo([0]>[]>getInstance>[])->ejecutaMetodo([0]>[]>instanceDataManager>[])->ejecutaMetodo([0]>[]>instanceAuthorizationManager>[])->obtieneClase(com.credibanco.tef.controller.TEFTransactionManager)->ejecutaMetodo([4]>[*00*&[2]&[3]]>getTEFAuthorization>[01,4000,0,PRB00000,911,0,296,amaxpoint,0,0,08])
28-08-2018 16:40:43 - Se obtubo un TIME_OUT esperando respuesta
28-08-2018 16:40:43 - Actualizar a estado 42 ID: D3CD9ADD-0AAB-E811-810A-00505686417C
28-08-2018 16:41:32 - ################################################################
28-08-2018 16:41:32 - Procesando ID Canal Movimineto :CD4B221D-0BAB-E811-810A-00505686417C
28-08-2018 16:41:32 - Actualiza estado de Canal Moviminetos 61 :CD4B221D-0BAB-E811-810A-00505686417C
28-08-2018 16:41:32 - Actualiza estado de Requerimineto 61 :559
28-08-2018 16:41:32 - Secuencia Transaccion: obtieneClase(com.credibanco.tef.controller.param.TefParameters)->ejecutaMetodo([0]>[]>getInstance>[])->ejecutaMetodo([0]>[]>instanceDataManager>[])->ejecutaMetodo([0]>[]>instanceAuthorizationManager>[])->obtieneClase(com.credibanco.tef.controller.TEFTransactionManager)->ejecutaMetodo([4]>[*00*&[2]&[3]]>getTEFAuthorization>[01,4000,0,PRB00000,912,0,296,amaxpoint,0,0,0B])
28-08-2018 16:41:49 - Respuesta obtenida: null
28-08-2018 16:41:49 - [Mensaje de respuesta]  Codigo:  ER, Mensaje:  Mensaje no especificado. ,   Secuencia:  insertar 
28-08-2018 16:41:49 - Ejecion recursiva iniciada.
28-08-2018 16:41:49 - Ejecutando secuencia segun mensajes de respuesta  intentos> 2 falntantes: : insertar
28-08-2018 16:41:49 - ------------Exception:  java.lang.StringIndexOutOfBoundsException: String index out of range: -1
28-08-2018 16:44:40 - ################################################################
28-08-2018 16:44:40 - Procesando ID Canal Movimineto :F2C8FF8F-0BAB-E811-810A-00505686417C
28-08-2018 16:44:40 - Actualiza estado de Canal Moviminetos 61 :F2C8FF8F-0BAB-E811-810A-00505686417C
28-08-2018 16:44:40 - Actualiza estado de Requerimineto 61 :560
28-08-2018 16:44:40 - Secuencia Transaccion: obtieneClase(com.credibanco.tef.controller.param.TefParameters)->ejecutaMetodo([0]>[]>getInstance>[])->ejecutaMetodo([0]>[]>instanceDataManager>[])->ejecutaMetodo([0]>[]>instanceAuthorizationManager>[])->obtieneClase(com.credibanco.tef.controller.TEFTransactionManager)->ejecutaMetodo([4]>[*00*&[2]&[3]]>getTEFAuthorization>[01,4000,0,PRB00000,913,0,296,amaxpoint,0,0,0A])
28-08-2018 16:44:41 - Respuesta obtenida: null
28-08-2018 16:44:41 - [Mensaje de respuesta]  Codigo:  ER, Mensaje:  Mensaje no especificado. ,   Secuencia:  insertar 
28-08-2018 16:44:41 - Ejecion recursiva iniciada.
28-08-2018 16:44:41 - Ejecutando secuencia segun mensajes de respuesta  intentos> 2 falntantes: : insertar
28-08-2018 16:44:41 - ------------Exception:  java.lang.StringIndexOutOfBoundsException: String index out of range: -1
28-08-2018 16:44:47 - ################################################################
28-08-2018 16:44:47 - Procesando ID Canal Movimineto :F3C8FF8F-0BAB-E811-810A-00505686417C
28-08-2018 16:44:47 - Actualiza estado de Canal Moviminetos 61 :F3C8FF8F-0BAB-E811-810A-00505686417C
28-08-2018 16:44:47 - Actualiza estado de Requerimineto 61 :561
28-08-2018 16:45:55 - Secuencia Transaccion: obtieneClase(com.credibanco.tef.controller.param.TefParameters)->ejecutaMetodo([0]>[]>getInstance>[])->ejecutaMetodo([0]>[]>instanceDataManager>[])->ejecutaMetodo([0]>[]>instanceAuthorizationManager>[])->obtieneClase(com.credibanco.tef.controller.TEFTransactionManager)->ejecutaMetodo([4]>[*00*&[2]&[3]]>getTEFAuthorization>[01,4000,0,PRB00000,914,0,296,amaxpoint,0,0,0D])
28-08-2018 16:46:10 - Respuesta obtenida: null
28-08-2018 16:46:10 - [Mensaje de respuesta]  Codigo:  ER, Mensaje:  Mensaje no especificado. ,   Secuencia:  insertar 
28-08-2018 16:46:10 - Ejecion recursiva iniciada.
28-08-2018 16:46:10 - Ejecutando secuencia segun mensajes de respuesta  intentos> 2 falntantes: : insertar
28-08-2018 16:46:13 - ------------Exception:  java.lang.StringIndexOutOfBoundsException: String index out of range: -1
28-08-2018 16:46:25 - ################################################################
28-08-2018 16:46:25 - Procesando ID Canal Movimineto :4985B0CD-0BAB-E811-810A-00505686417C
28-08-2018 16:46:25 - Actualiza estado de Canal Moviminetos 61 :4985B0CD-0BAB-E811-810A-00505686417C
28-08-2018 16:46:25 - Actualiza estado de Requerimineto 61 :562
28-08-2018 16:46:48 - Secuencia Transaccion: obtieneClase(com.credibanco.tef.controller.param.TefParameters)->ejecutaMetodo([0]>[]>getInstance>[])->ejecutaMetodo([0]>[]>instanceDataManager>[])->ejecutaMetodo([0]>[]>instanceAuthorizationManager>[])->obtieneClase(com.credibanco.tef.controller.TEFTransactionManager)->ejecutaMetodo([4]>[*00*&[2]&[3]]>getTEFAuthorization>[01,4000,0,PRB00000,915,0,296,amaxpoint,0,0,0C])
28-08-2018 16:47:00 - Respuesta obtenida: null
28-08-2018 16:47:00 - [Mensaje de respuesta]  Codigo:  ER, Mensaje:  Mensaje no especificado. ,   Secuencia:  insertar 
28-08-2018 16:47:00 - Ejecion recursiva iniciada.
28-08-2018 16:47:00 - Ejecutando secuencia segun mensajes de respuesta  intentos> 2 falntantes: : insertar
28-08-2018 16:47:08 - ------------Exception:  java.lang.StringIndexOutOfBoundsException: String index out of range: -1
28-08-2018 16:47:11 - ################################################################
28-08-2018 16:47:11 - Procesando ID Canal Movimineto :5F667EEA-0BAB-E811-810A-00505686417C
28-08-2018 16:47:11 - Actualiza estado de Canal Moviminetos 61 :5F667EEA-0BAB-E811-810A-00505686417C
28-08-2018 16:47:11 - Actualiza estado de Requerimineto 61 :563
28-08-2018 16:48:18 - Secuencia Transaccion: obtieneClase(com.credibanco.tef.controller.param.TefParameters)->ejecutaMetodo([0]>[]>getInstance>[])->ejecutaMetodo([0]>[]>instanceDataManager>[])->ejecutaMetodo([0]>[]>instanceAuthorizationManager>[])->obtieneClase(com.credibanco.tef.controller.TEFTransactionManager)->ejecutaMetodo([4]>[*00*&[2]&[3]]>getTEFAuthorization>[01,4000,0,PRB00000,916,0,296,amaxpoint,0,0,0F])
28-08-2018 16:48:30 - ################################################################
28-08-2018 16:48:30 - Procesando ID Canal Movimineto :CFFFC319-0CAB-E811-810A-00505686417C
28-08-2018 16:48:30 - Actualiza estado de Canal Moviminetos 61 :CFFFC319-0CAB-E811-810A-00505686417C
28-08-2018 16:48:31 - Actualiza estado de Requerimineto 61 :564
28-08-2018 16:48:54 - Secuencia Transaccion: obtieneClase(com.credibanco.tef.controller.param.TefParameters)->ejecutaMetodo([0]>[]>getInstance>[])->ejecutaMetodo([0]>[]>instanceDataManager>[])->ejecutaMetodo([0]>[]>instanceAuthorizationManager>[])->obtieneClase(com.credibanco.tef.controller.TEFTransactionManager)->ejecutaMetodo([4]>[*00*&[2]&[3]]>getTEFAuthorization>[01,4000,0,PRB00000,917,0,296,amaxpoint,0,0,0E])
28-08-2018 16:49:54 - Se obtubo un TIME_OUT esperando respuesta
28-08-2018 16:49:54 - Actualizar a estado 42 ID: CFFFC319-0CAB-E811-810A-00505686417C
28-08-2018 16:54:46 - ################################################################
28-08-2018 16:54:46 - Procesando ID Canal Movimineto :73F16CF9-0CAB-E811-810A-00505686417C
28-08-2018 16:54:46 - Actualiza estado de Canal Moviminetos 61 :73F16CF9-0CAB-E811-810A-00505686417C
28-08-2018 16:54:46 - Actualiza estado de Requerimineto 61 :565
28-08-2018 16:55:06 - Secuencia Transaccion: obtieneClase(com.credibanco.tef.controller.param.TefParameters)->ejecutaMetodo([0]>[]>getInstance>[])->ejecutaMetodo([0]>[]>instanceDataManager>[])->ejecutaMetodo([0]>[]>instanceAuthorizationManager>[])->obtieneClase(com.credibanco.tef.controller.TEFTransactionManager)->ejecutaMetodo([4]>[*00*&[2]&[3]]>getTEFAuthorization>[01,4000,0,PRB00000,918,0,296,amaxpoint,0,0,01])
28-08-2018 16:55:36 - Respuesta obtenida: null
28-08-2018 16:55:37 - [Mensaje de respuesta]  Codigo:  ER, Mensaje:  Mensaje no especificado. ,   Secuencia:  insertar 
28-08-2018 16:55:37 - Ejecion recursiva iniciada.
28-08-2018 16:55:37 - Ejecutando secuencia segun mensajes de respuesta  intentos> 2 falntantes: : insertar
28-08-2018 16:55:37 - ------------Exception:  java.lang.StringIndexOutOfBoundsException: String index out of range: -1
28-08-2018 16:55:48 - ################################################################
28-08-2018 16:55:48 - Procesando ID Canal Movimineto :C0AAF71D-0DAB-E811-810A-00505686417C
28-08-2018 16:55:48 - Actualiza estado de Canal Moviminetos 61 :C0AAF71D-0DAB-E811-810A-00505686417C
28-08-2018 16:55:48 - Actualiza estado de Requerimineto 61 :566
28-08-2018 16:56:40 - ################################################################
28-08-2018 16:56:40 - Procesando ID Canal Movimineto :67AB243C-0DAB-E811-810A-00505686417C
28-08-2018 16:56:40 - Actualiza estado de Canal Moviminetos 61 :67AB243C-0DAB-E811-810A-00505686417C
28-08-2018 16:56:40 - Actualiza estado de Requerimineto 61 :567
28-08-2018 16:56:46 - Secuencia Transaccion: obtieneClase(com.credibanco.tef.controller.param.TefParameters)->ejecutaMetodo([0]>[]>getInstance>[])->ejecutaMetodo([0]>[]>instanceDataManager>[])->ejecutaMetodo([0]>[]>instanceAuthorizationManager>[])->obtieneClase(com.credibanco.tef.controller.TEFTransactionManager)->ejecutaMetodo([4]>[*00*&[2]&[3]]>getTEFAuthorization>[01,4000,0,PRB00000,920,0,296,amaxpoint,0,0,0A])
28-08-2018 16:57:46 - Se obtubo un TIME_OUT esperando respuesta
28-08-2018 16:57:46 - Actualizar a estado 42 ID: 67AB243C-0DAB-E811-810A-00505686417C
28-08-2018 16:58:09 - ################################################################
28-08-2018 16:58:09 - Procesando ID Canal Movimineto :D0A12E71-0DAB-E811-810A-00505686417C
28-08-2018 16:58:09 - Actualiza estado de Canal Moviminetos 61 :D0A12E71-0DAB-E811-810A-00505686417C
28-08-2018 16:58:09 - Actualiza estado de Requerimineto 61 :568
28-08-2018 16:58:13 - Secuencia Transaccion: obtieneClase(com.credibanco.tef.controller.param.TefParameters)->ejecutaMetodo([0]>[]>getInstance>[])->ejecutaMetodo([0]>[]>instanceDataManager>[])->ejecutaMetodo([0]>[]>instanceAuthorizationManager>[])->obtieneClase(com.credibanco.tef.controller.TEFTransactionManager)->ejecutaMetodo([4]>[*00*&[2]&[3]]>getTEFAuthorization>[01,4000,0,PRB00000,921,0,296,amaxpoint,0,0,0B])
28-08-2018 16:59:24 - ################################################################
28-08-2018 16:59:24 - Procesando ID Canal Movimineto :B9DD479E-0DAB-E811-810A-00505686417C
28-08-2018 16:59:24 - Actualiza estado de Canal Moviminetos 61 :B9DD479E-0DAB-E811-810A-00505686417C
28-08-2018 16:59:24 - Actualiza estado de Requerimineto 61 :569
28-08-2018 16:59:29 - Secuencia Transaccion: obtieneClase(com.credibanco.tef.controller.param.TefParameters)->ejecutaMetodo([0]>[]>getInstance>[])->ejecutaMetodo([0]>[]>instanceDataManager>[])->ejecutaMetodo([0]>[]>instanceAuthorizationManager>[])->obtieneClase(com.credibanco.tef.controller.TEFTransactionManager)->ejecutaMetodo([4]>[*00*&[2]&[3]]>getTEFAuthorization>[01,4000,0,PRB00000,922,0,296,amaxpoint,0,0,08])
28-08-2018 17:00:21 - ################################################################
28-08-2018 17:00:21 - Procesando ID Canal Movimineto :D23AEABF-0DAB-E811-810A-00505686417C
28-08-2018 17:00:21 - Actualiza estado de Canal Moviminetos 61 :D23AEABF-0DAB-E811-810A-00505686417C
28-08-2018 17:00:21 - Actualiza estado de Requerimineto 61 :570
28-08-2018 17:00:21 - Secuencia Transaccion: obtieneClase(com.credibanco.tef.controller.param.TefParameters)->ejecutaMetodo([0]>[]>getInstance>[])->ejecutaMetodo([0]>[]>instanceDataManager>[])->ejecutaMetodo([0]>[]>instanceAuthorizationManager>[])->obtieneClase(com.credibanco.tef.controller.TEFTransactionManager)->ejecutaMetodo([4]>[*00*&[2]&[3]]>getTEFAuthorization>[01,4000,0,PRB00000,923,0,296,amaxpoint,0,0,09])
28-08-2018 17:02:45 - ################################################################
28-08-2018 17:02:45 - Procesando ID Canal Movimineto :A1F894F4-0DAB-E811-810A-00505686417C
28-08-2018 17:02:45 - Actualiza estado de Canal Moviminetos 61 :A1F894F4-0DAB-E811-810A-00505686417C
28-08-2018 17:02:45 - Actualiza estado de Requerimineto 61 :571
28-08-2018 17:02:45 - Secuencia Transaccion: obtieneClase(com.credibanco.tef.controller.param.TefParameters)->ejecutaMetodo([0]>[]>getInstance>[])->ejecutaMetodo([0]>[]>instanceDataManager>[])->ejecutaMetodo([0]>[]>instanceAuthorizationManager>[])->obtieneClase(com.credibanco.tef.controller.TEFTransactionManager)->ejecutaMetodo([4]>[*00*&[2]&[3]]>getTEFAuthorization>[01,4000,0,PRB00000,924,0,296,amaxpoint,0,0,0E])
28-08-2018 17:03:14 - Respuesta obtenida: null
28-08-2018 17:03:14 - [Mensaje de respuesta]  Codigo:  ER, Mensaje:  Mensaje no especificado. ,   Secuencia:  insertar 
28-08-2018 17:03:14 - Ejecion recursiva iniciada.
28-08-2018 17:03:14 - Ejecutando secuencia segun mensajes de respuesta  intentos> 2 falntantes: : insertar
28-08-2018 17:03:14 - ------------Exception:  java.lang.StringIndexOutOfBoundsException: String index out of range: -1
28-08-2018 17:03:14 - ################################################################
28-08-2018 17:03:14 - Procesando ID Canal Movimineto :A2F894F4-0DAB-E811-810A-00505686417C
28-08-2018 17:03:14 - Actualiza estado de Canal Moviminetos 61 :A2F894F4-0DAB-E811-810A-00505686417C
28-08-2018 17:03:14 - Actualiza estado de Requerimineto 61 :572
28-08-2018 17:03:14 - Secuencia Transaccion: obtieneClase(com.credibanco.tef.controller.param.TefParameters)->ejecutaMetodo([0]>[]>getInstance>[])->ejecutaMetodo([0]>[]>instanceDataManager>[])->ejecutaMetodo([0]>[]>instanceAuthorizationManager>[])->obtieneClase(com.credibanco.tef.controller.TEFTransactionManager)->ejecutaMetodo([4]>[*00*&[2]&[3]]>getTEFAuthorization>[01,4000,0,PRB00000,925,0,296,amaxpoint,0,0,0F])
28-08-2018 17:03:25 - Respuesta obtenida: null
28-08-2018 17:03:25 - [Mensaje de respuesta]  Codigo:  ER, Mensaje:  Mensaje no especificado. ,   Secuencia:  insertar 
28-08-2018 17:03:25 - Ejecion recursiva iniciada.
28-08-2018 17:03:25 - Ejecutando secuencia segun mensajes de respuesta  intentos> 2 falntantes: : insertar
28-08-2018 17:03:25 - ------------Exception:  java.lang.StringIndexOutOfBoundsException: String index out of range: -1
28-08-2018 17:03:26 - ################################################################
28-08-2018 17:03:26 - Procesando ID Canal Movimineto :A3F894F4-0DAB-E811-810A-00505686417C
28-08-2018 17:03:26 - Actualiza estado de Canal Moviminetos 61 :A3F894F4-0DAB-E811-810A-00505686417C
28-08-2018 17:03:26 - Actualiza estado de Requerimineto 61 :573
28-08-2018 17:03:26 - Secuencia Transaccion: obtieneClase(com.credibanco.tef.controller.param.TefParameters)->ejecutaMetodo([0]>[]>getInstance>[])->ejecutaMetodo([0]>[]>instanceDataManager>[])->ejecutaMetodo([0]>[]>instanceAuthorizationManager>[])->obtieneClase(com.credibanco.tef.controller.TEFTransactionManager)->ejecutaMetodo([4]>[*00*&[2]&[3]]>getTEFAuthorization>[01,4000,0,PRB00000,926,0,296,amaxpoint,0,0,0C])
28-08-2018 17:05:00 - ################################################################
28-08-2018 17:05:00 - Procesando ID Canal Movimineto :A4F894F4-0DAB-E811-810A-00505686417C
28-08-2018 17:05:00 - Actualiza estado de Canal Moviminetos 61 :A4F894F4-0DAB-E811-810A-00505686417C
28-08-2018 17:05:01 - Actualiza estado de Requerimineto 61 :574
28-08-2018 17:05:06 - Secuencia Transaccion: obtieneClase(com.credibanco.tef.controller.param.TefParameters)->ejecutaMetodo([0]>[]>getInstance>[])->ejecutaMetodo([0]>[]>instanceDataManager>[])->ejecutaMetodo([0]>[]>instanceAuthorizationManager>[])->obtieneClase(com.credibanco.tef.controller.TEFTransactionManager)->ejecutaMetodo([4]>[*00*&[2]&[3]]>getTEFAuthorization>[01,4000,0,PRB00000,927,0,296,amaxpoint,0,0,0D])
28-08-2018 17:06:00 - ################################################################
28-08-2018 17:06:00 - Procesando ID Canal Movimineto :A5F894F4-0DAB-E811-810A-00505686417C
28-08-2018 17:06:00 - Actualiza estado de Canal Moviminetos 61 :A5F894F4-0DAB-E811-810A-00505686417C
28-08-2018 17:06:00 - Actualiza estado de Requerimineto 61 :575
28-08-2018 17:06:02 - Secuencia Transaccion: obtieneClase(com.credibanco.tef.controller.param.TefParameters)->ejecutaMetodo([0]>[]>getInstance>[])->ejecutaMetodo([0]>[]>instanceDataManager>[])->ejecutaMetodo([0]>[]>instanceAuthorizationManager>[])->obtieneClase(com.credibanco.tef.controller.TEFTransactionManager)->ejecutaMetodo([4]>[*00*&[2]&[3]]>getTEFAuthorization>[01,4000,0,PRB00000,928,0,296,amaxpoint,0,0,02])
28-08-2018 17:06:32 - ################################################################
28-08-2018 17:06:32 - Procesando ID Canal Movimineto :A6F894F4-0DAB-E811-810A-00505686417C
28-08-2018 17:06:32 - Actualiza estado de Canal Moviminetos 61 :A6F894F4-0DAB-E811-810A-00505686417C
28-08-2018 17:06:32 - Actualiza estado de Requerimineto 61 :576
28-08-2018 17:06:34 - Secuencia Transaccion: obtieneClase(com.credibanco.tef.controller.param.TefParameters)->ejecutaMetodo([0]>[]>getInstance>[])->ejecutaMetodo([0]>[]>instanceDataManager>[])->ejecutaMetodo([0]>[]>instanceAuthorizationManager>[])->obtieneClase(com.credibanco.tef.controller.TEFTransactionManager)->ejecutaMetodo([4]>[*00*&[2]&[3]]>getTEFAuthorization>[01,4000,0,PRB00000,929,0,296,amaxpoint,0,0,03])
28-08-2018 17:10:15 - ################################################################
28-08-2018 17:10:15 - Procesando ID Canal Movimineto :53FF5622-0FAB-E811-810A-00505686417C
28-08-2018 17:10:15 - Actualiza estado de Canal Moviminetos 61 :53FF5622-0FAB-E811-810A-00505686417C
28-08-2018 17:10:15 - Actualiza estado de Requerimineto 61 :577
28-08-2018 17:10:19 - Secuencia Transaccion: obtieneClase(com.credibanco.tef.controller.param.TefParameters)->ejecutaMetodo([0]>[]>getInstance>[])->ejecutaMetodo([0]>[]>instanceDataManager>[])->ejecutaMetodo([0]>[]>instanceAuthorizationManager>[])->obtieneClase(com.credibanco.tef.controller.TEFTransactionManager)->ejecutaMetodo([4]>[*00*&[2]&[3]]>getTEFAuthorization>[01,4000,0,PRB00000,930,0,296,amaxpoint,0,0,0B])
28-08-2018 17:13:47 - ################################################################
28-08-2018 17:13:47 - Procesando ID Canal Movimineto :41AB56A0-0FAB-E811-810A-00505686417C
28-08-2018 17:13:47 - Actualiza estado de Canal Moviminetos 61 :41AB56A0-0FAB-E811-810A-00505686417C
28-08-2018 17:13:47 - Actualiza estado de Requerimineto 61 :578
28-08-2018 17:13:49 - Secuencia Transaccion: obtieneClase(com.credibanco.tef.controller.param.TefParameters)->ejecutaMetodo([0]>[]>getInstance>[])->ejecutaMetodo([0]>[]>instanceDataManager>[])->ejecutaMetodo([0]>[]>instanceAuthorizationManager>[])->obtieneClase(com.credibanco.tef.controller.TEFTransactionManager)->ejecutaMetodo([4]>[*00*&[2]&[3]]>getTEFAuthorization>[01,4000,0,PRB00000,931,0,296,amaxpoint,0,0,0A])
28-08-2018 17:25:15 - ################################################################
28-08-2018 17:25:15 - Procesando ID Canal Movimineto :9852843A-11AB-E811-810A-00505686417C
28-08-2018 17:25:15 - Actualiza estado de Canal Moviminetos 61 :9852843A-11AB-E811-810A-00505686417C
28-08-2018 17:25:15 - Actualiza estado de Requerimineto 61 :579
28-08-2018 17:25:17 - Secuencia Transaccion: obtieneClase(com.credibanco.tef.controller.param.TefParameters)->ejecutaMetodo([0]>[]>getInstance>[])->ejecutaMetodo([0]>[]>instanceDataManager>[])->ejecutaMetodo([0]>[]>instanceAuthorizationManager>[])->obtieneClase(com.credibanco.tef.controller.TEFTransactionManager)->ejecutaMetodo([4]>[*00*&[2]&[3]]>getTEFAuthorization>[01,4000,0,PRB00000,932,0,296,amaxpoint,0,0,09])
28-08-2018 17:25:17 - ------------Exception:  java.lang.NullPointerException: Cannot invoke method getParameterTypes() on null object
28-08-2018 17:25:27 - ################################################################
28-08-2018 17:25:27 - Procesando ID Canal Movimineto :C77BD841-11AB-E811-810A-00505686417C
28-08-2018 17:25:27 - Actualiza estado de Canal Moviminetos 61 :C77BD841-11AB-E811-810A-00505686417C
28-08-2018 17:25:27 - Actualiza estado de Requerimineto 61 :580
28-08-2018 17:25:33 - Secuencia Transaccion: obtieneClase(com.credibanco.tef.controller.param.TefParameters)->ejecutaMetodo([0]>[]>getInstance>[])->ejecutaMetodo([0]>[]>instanceDataManager>[])->ejecutaMetodo([0]>[]>instanceAuthorizationManager>[])->obtieneClase(com.credibanco.tef.controller.TEFTransactionManager)->ejecutaMetodo([4]>[*00*&[2]&[3]]>getTEFAuthorization>[01,4000,0,PRB00000,933,0,296,amaxpoint,0,0,08])
28-08-2018 17:25:33 - ------------Exception:  java.lang.NullPointerException: Cannot invoke method getParameterTypes() on null object
28-08-2018 17:25:36 - ################################################################
28-08-2018 17:25:36 - Procesando ID Canal Movimineto :4AD67548-11AB-E811-810A-00505686417C
28-08-2018 17:25:36 - Actualiza estado de Canal Moviminetos 61 :4AD67548-11AB-E811-810A-00505686417C
28-08-2018 17:25:36 - Actualiza estado de Requerimineto 61 :581
28-08-2018 17:25:46 - Secuencia Transaccion: obtieneClase(com.credibanco.tef.controller.param.TefParameters)->ejecutaMetodo([0]>[]>getInstance>[])->ejecutaMetodo([0]>[]>instanceDataManager>[])->ejecutaMetodo([0]>[]>instanceAuthorizationManager>[])->obtieneClase(com.credibanco.tef.controller.TEFTransactionManager)->ejecutaMetodo([4]>[*00*&[2]&[3]]>getTEFAuthorization>[01,4000,0,PRB00000,934,0,296,amaxpoint,0,0,0F])
28-08-2018 17:26:01 - ################################################################
28-08-2018 17:26:01 - Procesando ID Canal Movimineto :17820956-11AB-E811-810A-00505686417C
28-08-2018 17:26:01 - Actualiza estado de Canal Moviminetos 61 :17820956-11AB-E811-810A-00505686417C
28-08-2018 17:26:01 - Actualiza estado de Requerimineto 61 :582
28-08-2018 17:26:04 - Secuencia Transaccion: obtieneClase(com.credibanco.tef.controller.param.TefParameters)->ejecutaMetodo([0]>[]>getInstance>[])->ejecutaMetodo([0]>[]>instanceDataManager>[])->ejecutaMetodo([0]>[]>instanceAuthorizationManager>[])->obtieneClase(com.credibanco.tef.controller.TEFTransactionManager)->ejecutaMetodo([4]>[*00*&[2]&[3]]>getTEFAuthorization>[01,4000,0,PRB00000,935,0,296,amaxpoint,0,0,0E])
28-08-2018 17:29:53 - ################################################################
28-08-2018 17:29:53 - Procesando ID Canal Movimineto :DD57AEE0-11AB-E811-810A-00505686417C
28-08-2018 17:29:53 - Actualiza estado de Canal Moviminetos 61 :DD57AEE0-11AB-E811-810A-00505686417C
28-08-2018 17:29:53 - Actualiza estado de Requerimineto 61 :583
28-08-2018 17:29:55 - Secuencia Transaccion: obtieneClase(com.credibanco.tef.controller.param.TefParameters)->ejecutaMetodo([0]>[]>getInstance>[])->ejecutaMetodo([0]>[]>instanceDataManager>[])->ejecutaMetodo([0]>[]>instanceAuthorizationManager>[])->obtieneClase(com.credibanco.tef.controller.TEFTransactionManager)->ejecutaMetodo([4]>[*00*&[2]&[3]]>getTEFAuthorization>[01,4000,0,PRB00000,936,0,296,amaxpoint,0,0,0D])
28-08-2018 17:29:57 - ------------Exception:  groovy.lang.MissingMethodException: No signature of method: com.kfc.modelo.reflexion.JarLector.obtenerVectorTipado() is applicable for argument types: (Class, [Ljava.lang.String;) values: [class DF.LANConfig, [120.17.6.1, 3000, 99999, 1000000101, 10100402, ...]]
28-08-2018 17:30:16 - ################################################################
28-08-2018 17:30:16 - Procesando ID Canal Movimineto :752E87EC-11AB-E811-810A-00505686417C
28-08-2018 17:30:16 - Actualiza estado de Canal Moviminetos 61 :752E87EC-11AB-E811-810A-00505686417C
28-08-2018 17:30:16 - Actualiza estado de Requerimineto 61 :584
28-08-2018 17:30:18 - Secuencia Transaccion: obtieneClase(com.credibanco.tef.controller.param.TefParameters)->ejecutaMetodo([0]>[]>getInstance>[])->ejecutaMetodo([0]>[]>instanceDataManager>[])->ejecutaMetodo([0]>[]>instanceAuthorizationManager>[])->obtieneClase(com.credibanco.tef.controller.TEFTransactionManager)->ejecutaMetodo([4]>[*00*&[2]&[3]]>getTEFAuthorization>[01,4000,0,PRB00000,937,0,296,amaxpoint,0,0,0C])
28-08-2018 17:36:24 - ################################################################
28-08-2018 17:36:24 - Procesando ID Canal Movimineto :762E87EC-11AB-E811-810A-00505686417C
28-08-2018 17:36:24 - Actualiza estado de Canal Moviminetos 61 :762E87EC-11AB-E811-810A-00505686417C
28-08-2018 17:36:24 - Actualiza estado de Requerimineto 61 :585
28-08-2018 17:36:24 - Secuencia Transaccion: obtieneClase(com.credibanco.tef.controller.param.TefParameters)->ejecutaMetodo([0]>[]>getInstance>[])->ejecutaMetodo([0]>[]>instanceDataManager>[])->ejecutaMetodo([0]>[]>instanceAuthorizationManager>[])->obtieneClase(com.credibanco.tef.controller.TEFTransactionManager)->ejecutaMetodo([4]>[*00*&[2]&[3]]>getTEFAuthorization>[01,4000,0,PRB00000,938,0,296,amaxpoint,0,0,03])
28-08-2018 17:36:25 - Respuesta obtenida: null
28-08-2018 17:36:25 - [Mensaje de respuesta]  Codigo:  ER, Mensaje:  Mensaje no especificado. ,   Secuencia:  insertar 
28-08-2018 17:36:25 - Ejecion recursiva iniciada.
28-08-2018 17:36:25 - Ejecutando secuencia segun mensajes de respuesta  intentos> 2 falntantes: : insertar
28-08-2018 17:36:25 - ------------Exception:  java.lang.StringIndexOutOfBoundsException: String index out of range: -1
28-08-2018 17:36:25 - ################################################################
28-08-2018 17:36:25 - Procesando ID Canal Movimineto :EF42C512-12AB-E811-810A-00505686417C
28-08-2018 17:36:25 - Actualiza estado de Canal Moviminetos 61 :EF42C512-12AB-E811-810A-00505686417C
28-08-2018 17:36:25 - Actualiza estado de Requerimineto 61 :586
28-08-2018 17:36:25 - Secuencia Transaccion: obtieneClase(com.credibanco.tef.controller.param.TefParameters)->ejecutaMetodo([0]>[]>getInstance>[])->ejecutaMetodo([0]>[]>instanceDataManager>[])->ejecutaMetodo([0]>[]>instanceAuthorizationManager>[])->obtieneClase(com.credibanco.tef.controller.TEFTransactionManager)->ejecutaMetodo([4]>[*00*&[2]&[3]]>getTEFAuthorization>[01,4000,0,PRB00000,939,0,296,amaxpoint,0,0,02])
28-08-2018 17:36:25 - Respuesta obtenida: null
28-08-2018 17:36:25 - [Mensaje de respuesta]  Codigo:  ER, Mensaje:  Mensaje no especificado. ,   Secuencia:  insertar 
28-08-2018 17:36:25 - Ejecion recursiva iniciada.
28-08-2018 17:36:25 - Ejecutando secuencia segun mensajes de respuesta  intentos> 2 falntantes: : insertar
28-08-2018 17:36:25 - ------------Exception:  java.lang.StringIndexOutOfBoundsException: String index out of range: -1
28-08-2018 17:36:50 - ################################################################
28-08-2018 17:36:50 - Procesando ID Canal Movimineto :2DF297D8-12AB-E811-810A-00505686417C
28-08-2018 17:36:50 - Actualiza estado de Canal Moviminetos 61 :2DF297D8-12AB-E811-810A-00505686417C
28-08-2018 17:36:50 - Actualiza estado de Requerimineto 61 :587
28-08-2018 17:37:28 - Secuencia Transaccion: obtieneClase(com.credibanco.tef.controller.param.TefParameters)->ejecutaMetodo([0]>[]>getInstance>[])->ejecutaMetodo([0]>[]>instanceDataManager>[])->ejecutaMetodo([0]>[]>instanceAuthorizationManager>[])->obtieneClase(com.credibanco.tef.controller.TEFTransactionManager)->ejecutaMetodo([4]>[*00*&[2]&[3]]>getTEFAuthorization>[01,4000,0,PRB00000,940,0,296,amaxpoint,0,0,0C])
28-08-2018 17:37:35 - Respuesta obtenida: null
28-08-2018 17:37:35 - [Mensaje de respuesta]  Codigo:  ER, Mensaje:  Mensaje no especificado. ,   Secuencia:  insertar 
28-08-2018 17:37:35 - Ejecion recursiva iniciada.
28-08-2018 17:37:35 - Ejecutando secuencia segun mensajes de respuesta  intentos> 2 falntantes: : insertar
28-08-2018 17:37:42 - ################################################################
28-08-2018 17:37:42 - Procesando ID Canal Movimineto :976FA3F7-12AB-E811-810A-00505686417C
28-08-2018 17:37:42 - Actualiza estado de Canal Moviminetos 61 :976FA3F7-12AB-E811-810A-00505686417C
28-08-2018 17:37:42 - Actualiza estado de Requerimineto 61 :588
28-08-2018 17:39:11 - Secuencia Transaccion: obtieneClase(com.credibanco.tef.controller.param.TefParameters)->ejecutaMetodo([0]>[]>getInstance>[])->ejecutaMetodo([0]>[]>instanceDataManager>[])->ejecutaMetodo([0]>[]>instanceAuthorizationManager>[])->obtieneClase(com.credibanco.tef.controller.TEFTransactionManager)->ejecutaMetodo([4]>[*00*&[2]&[3]]>getTEFAuthorization>[01,4000,0,PRB00000,941,0,296,amaxpoint,0,0,0D])
28-08-2018 17:41:22 - ################################################################
28-08-2018 17:41:22 - Procesando ID Canal Movimineto :DF91CB7B-13AB-E811-810A-00505686417C
28-08-2018 17:41:22 - Actualiza estado de Canal Moviminetos 61 :DF91CB7B-13AB-E811-810A-00505686417C
28-08-2018 17:41:22 - Actualiza estado de Requerimineto 61 :589
28-08-2018 17:41:52 - Secuencia Transaccion: obtieneClase(com.credibanco.tef.controller.param.TefParameters)->ejecutaMetodo([0]>[]>getInstance>[])->ejecutaMetodo([0]>[]>instanceDataManager>[])->ejecutaMetodo([0]>[]>instanceAuthorizationManager>[])->obtieneClase(com.credibanco.tef.controller.TEFTransactionManager)->ejecutaMetodo([4]>[*00*&[2]&[3]]>getTEFAuthorization>[01,4000,0,PRB00000,942,0,296,amaxpoint,0,0,0E])
28-08-2018 17:42:36 - ################################################################
28-08-2018 17:42:36 - Procesando ID Canal Movimineto :2DB9CBA7-13AB-E811-810A-00505686417C
28-08-2018 17:42:36 - Actualiza estado de Canal Moviminetos 61 :2DB9CBA7-13AB-E811-810A-00505686417C
28-08-2018 17:42:36 - Actualiza estado de Requerimineto 61 :590
28-08-2018 17:42:59 - Secuencia Transaccion: obtieneClase(com.credibanco.tef.controller.param.TefParameters)->ejecutaMetodo([0]>[]>getInstance>[])->ejecutaMetodo([0]>[]>instanceDataManager>[])->ejecutaMetodo([0]>[]>instanceAuthorizationManager>[])->obtieneClase(com.credibanco.tef.controller.TEFTransactionManager)->ejecutaMetodo([4]>[*00*&[2]&[3]]>getTEFAuthorization>[01,4000,0,PRB00000,943,0,296,amaxpoint,0,0,0F])
28-08-2018 17:43:34 - ################################################################
28-08-2018 17:43:34 - Procesando ID Canal Movimineto :5B416CC9-13AB-E811-810A-00505686417C
28-08-2018 17:43:34 - Actualiza estado de Canal Moviminetos 61 :5B416CC9-13AB-E811-810A-00505686417C
28-08-2018 17:43:34 - Actualiza estado de Requerimineto 61 :591
28-08-2018 17:43:38 - Secuencia Transaccion: obtieneClase(com.credibanco.tef.controller.param.TefParameters)->ejecutaMetodo([0]>[]>getInstance>[])->ejecutaMetodo([0]>[]>instanceDataManager>[])->ejecutaMetodo([0]>[]>instanceAuthorizationManager>[])->obtieneClase(com.credibanco.tef.controller.TEFTransactionManager)->ejecutaMetodo([4]>[*00*&[2]&[3]]>getTEFAuthorization>[01,4000,0,PRB00000,944,0,296,amaxpoint,0,0,08])
28-08-2018 17:44:38 - Se obtubo un TIME_OUT esperando respuesta
28-08-2018 17:44:38 - Actualizar a estado 42 ID: 5B416CC9-13AB-E811-810A-00505686417C
28-08-2018 17:45:17 - ################################################################
28-08-2018 17:45:17 - Procesando ID Canal Movimineto :F0F62608-14AB-E811-810A-00505686417C
28-08-2018 17:45:17 - Actualiza estado de Canal Moviminetos 61 :F0F62608-14AB-E811-810A-00505686417C
28-08-2018 17:45:17 - Actualiza estado de Requerimineto 61 :592
28-08-2018 17:45:22 - Secuencia Transaccion: obtieneClase(com.credibanco.tef.controller.param.TefParameters)->ejecutaMetodo([0]>[]>getInstance>[])->ejecutaMetodo([0]>[]>instanceDataManager>[])->ejecutaMetodo([0]>[]>instanceAuthorizationManager>[])->obtieneClase(com.credibanco.tef.controller.TEFTransactionManager)->ejecutaMetodo([4]>[*00*&[2]&[3]]>getTEFAuthorization>[01,4000,0,PRB00000,945,0,296,amaxpoint,0,0,09])
28-08-2018 17:46:21 - ################################################################
28-08-2018 17:46:21 - Procesando ID Canal Movimineto :04DF982D-14AB-E811-810A-00505686417C
28-08-2018 17:46:21 - Actualiza estado de Canal Moviminetos 61 :04DF982D-14AB-E811-810A-00505686417C
28-08-2018 17:46:21 - Actualiza estado de Requerimineto 61 :593
28-08-2018 17:46:21 - Secuencia Transaccion: obtieneClase(com.credibanco.tef.controller.param.TefParameters)->ejecutaMetodo([0]>[]>getInstance>[])->ejecutaMetodo([0]>[]>instanceDataManager>[])->ejecutaMetodo([0]>[]>instanceAuthorizationManager>[])->obtieneClase(com.credibanco.tef.controller.TEFTransactionManager)->ejecutaMetodo([4]>[*00*&[2]&[3]]>getTEFAuthorization>[01,4000,0,PRB00000,946,0,296,amaxpoint,0,0,0A])
28-08-2018 17:48:00 - ################################################################
28-08-2018 17:48:00 - Procesando ID Canal Movimineto :9A8C9068-14AB-E811-810A-00505686417C
28-08-2018 17:48:00 - Actualiza estado de Canal Moviminetos 61 :9A8C9068-14AB-E811-810A-00505686417C
28-08-2018 17:48:00 - Actualiza estado de Requerimineto 61 :594
28-08-2018 17:48:01 - Secuencia Transaccion: obtieneClase(com.credibanco.tef.controller.param.TefParameters)->ejecutaMetodo([0]>[]>getInstance>[])->ejecutaMetodo([0]>[]>instanceDataManager>[])->ejecutaMetodo([0]>[]>instanceAuthorizationManager>[])->obtieneClase(com.credibanco.tef.controller.TEFTransactionManager)->ejecutaMetodo([4]>[*00*&[2]&[3]]>getTEFAuthorization>[01,4000,0,PRB00000,947,0,296,amaxpoint,0,0,0B])
28-08-2018 17:48:07 - Respuesta obtenida: null
28-08-2018 17:48:07 - [Mensaje de respuesta]  Codigo:  ER, Mensaje:  Mensaje no especificado. ,   Secuencia:  insertar 
28-08-2018 17:48:07 - Ejecion recursiva iniciada.
28-08-2018 17:48:07 - Ejecutando secuencia segun mensajes de respuesta  intentos> 2 falntantes: : insertar
28-08-2018 17:48:07 - ------------Exception:  java.lang.StringIndexOutOfBoundsException: String index out of range: -1
28-08-2018 17:48:32 - ################################################################
28-08-2018 17:48:32 - Procesando ID Canal Movimineto :0691197C-14AB-E811-810A-00505686417C
28-08-2018 17:48:32 - Actualiza estado de Canal Moviminetos 61 :0691197C-14AB-E811-810A-00505686417C
28-08-2018 17:48:32 - Actualiza estado de Requerimineto 61 :595
28-08-2018 17:48:38 - Secuencia Transaccion: obtieneClase(com.credibanco.tef.controller.param.TefParameters)->ejecutaMetodo([0]>[]>getInstance>[])->ejecutaMetodo([0]>[]>instanceDataManager>[])->ejecutaMetodo([0]>[]>instanceAuthorizationManager>[])->obtieneClase(com.credibanco.tef.controller.TEFTransactionManager)->ejecutaMetodo([4]>[*00*&[2]&[3]]>getTEFAuthorization>[01,4000,0,PRB00000,948,0,296,amaxpoint,0,0,04])
28-08-2018 17:49:38 - Se obtubo un TIME_OUT esperando respuesta
28-08-2018 17:49:38 - Actualizar a estado 42 ID: 0691197C-14AB-E811-810A-00505686417C
28-08-2018 17:53:34 - ################################################################
28-08-2018 17:53:34 - Procesando ID Canal Movimineto :BFD3882F-15AB-E811-810A-00505686417C
28-08-2018 17:53:34 - Actualiza estado de Canal Moviminetos 61 :BFD3882F-15AB-E811-810A-00505686417C
28-08-2018 17:53:34 - Actualiza estado de Requerimineto 61 :596
28-08-2018 17:53:35 - Secuencia Transaccion: obtieneClase(com.credibanco.tef.controller.param.TefParameters)->ejecutaMetodo([0]>[]>getInstance>[])->ejecutaMetodo([0]>[]>instanceDataManager>[])->ejecutaMetodo([0]>[]>instanceAuthorizationManager>[])->obtieneClase(com.credibanco.tef.controller.TEFTransactionManager)->ejecutaMetodo([4]>[*00*&[2]&[3]]>getTEFAuthorization>[01,4000,0,PRB00000,949,0,296,amaxpoint,0,0,05])
28-08-2018 17:53:35 - Respuesta obtenida: null
28-08-2018 17:53:35 - [Mensaje de respuesta]  Codigo:  ER, Mensaje:  Mensaje no especificado. ,   Secuencia:  insertar 
28-08-2018 17:53:35 - Ejecion recursiva iniciada.
28-08-2018 17:53:35 - Ejecutando secuencia segun mensajes de respuesta  intentos> 2 falntantes: : insertar
28-08-2018 17:53:35 - ------------Exception:  java.lang.StringIndexOutOfBoundsException: String index out of range: -1
28-08-2018 17:53:47 - ################################################################
28-08-2018 17:53:48 - Procesando ID Canal Movimineto :C1A41738-15AB-E811-810A-00505686417C
28-08-2018 17:53:48 - Actualiza estado de Canal Moviminetos 61 :C1A41738-15AB-E811-810A-00505686417C
28-08-2018 17:53:48 - Actualiza estado de Requerimineto 61 :597
28-08-2018 17:53:51 - Secuencia Transaccion: obtieneClase(com.credibanco.tef.controller.param.TefParameters)->ejecutaMetodo([0]>[]>getInstance>[])->ejecutaMetodo([0]>[]>instanceDataManager>[])->ejecutaMetodo([0]>[]>instanceAuthorizationManager>[])->obtieneClase(com.credibanco.tef.controller.TEFTransactionManager)->ejecutaMetodo([4]>[*00*&[2]&[3]]>getTEFAuthorization>[01,4000,0,PRB00000,950,0,296,amaxpoint,0,0,0D])
28-08-2018 17:54:05 - Respuesta obtenida: null
28-08-2018 17:54:05 - [Mensaje de respuesta]  Codigo:  ER, Mensaje:  Mensaje no especificado. ,   Secuencia:  insertar 
28-08-2018 17:54:05 - Ejecion recursiva iniciada.
28-08-2018 17:54:05 - Ejecutando secuencia segun mensajes de respuesta  intentos> 2 falntantes: : insertar
28-08-2018 17:54:37 - ################################################################
28-08-2018 17:54:37 - Procesando ID Canal Movimineto :94091556-15AB-E811-810A-00505686417C
28-08-2018 17:54:37 - Actualiza estado de Canal Moviminetos 61 :94091556-15AB-E811-810A-00505686417C
28-08-2018 17:54:37 - Actualiza estado de Requerimineto 61 :598
28-08-2018 17:54:45 - Secuencia Transaccion: obtieneClase(com.credibanco.tef.controller.param.TefParameters)->ejecutaMetodo([0]>[]>getInstance>[])->ejecutaMetodo([0]>[]>instanceDataManager>[])->ejecutaMetodo([0]>[]>instanceAuthorizationManager>[])->obtieneClase(com.credibanco.tef.controller.TEFTransactionManager)->ejecutaMetodo([4]>[*00*&[2]&[3]]>getTEFAuthorization>[01,4000,0,PRB00000,951,0,296,amaxpoint,0,0,0C])
28-08-2018 17:55:55 - ################################################################
28-08-2018 17:55:55 - Procesando ID Canal Movimineto :8AE84783-15AB-E811-810A-00505686417C
28-08-2018 17:55:55 - Actualiza estado de Canal Moviminetos 61 :8AE84783-15AB-E811-810A-00505686417C
28-08-2018 17:55:55 - Actualiza estado de Requerimineto 61 :599
28-08-2018 17:55:58 - Secuencia Transaccion: obtieneClase(com.credibanco.tef.controller.param.TefParameters)->ejecutaMetodo([0]>[]>getInstance>[])->ejecutaMetodo([0]>[]>instanceDataManager>[])->ejecutaMetodo([0]>[]>instanceAuthorizationManager>[])->obtieneClase(com.credibanco.tef.controller.TEFTransactionManager)->ejecutaMetodo([4]>[*00*&[2]&[3]]>getTEFAuthorization>[01,4000,0,PRB00000,952,0,296,amaxpoint,0,0,0F])
28-08-2018 17:56:22 - Respuesta obtenida: null
28-08-2018 17:56:22 - [Mensaje de respuesta]  Codigo:  ER, Mensaje:  Mensaje no especificado. ,   Secuencia:  insertar 
28-08-2018 17:56:22 - Ejecion recursiva iniciada.
28-08-2018 17:56:22 - Ejecutando secuencia segun mensajes de respuesta  intentos> 2 falntantes: : insertar
28-08-2018 17:56:30 - ################################################################
28-08-2018 17:56:30 - Procesando ID Canal Movimineto :5C50FF96-15AB-E811-810A-00505686417C
28-08-2018 17:56:30 - Actualiza estado de Canal Moviminetos 61 :5C50FF96-15AB-E811-810A-00505686417C
28-08-2018 17:56:30 - Actualiza estado de Requerimineto 61 :600
28-08-2018 17:56:34 - Secuencia Transaccion: obtieneClase(com.credibanco.tef.controller.param.TefParameters)->ejecutaMetodo([0]>[]>getInstance>[])->ejecutaMetodo([0]>[]>instanceDataManager>[])->ejecutaMetodo([0]>[]>instanceAuthorizationManager>[])->obtieneClase(com.credibanco.tef.controller.TEFTransactionManager)->ejecutaMetodo([4]>[*00*&[2]&[3]]>getTEFAuthorization>[01,4000,0,PRB00000,953,0,296,amaxpoint,0,0,0E])
28-08-2018 17:57:28 - ################################################################
28-08-2018 17:57:28 - Procesando ID Canal Movimineto :B15FD9B8-15AB-E811-810A-00505686417C
28-08-2018 17:57:28 - Actualiza estado de Canal Moviminetos 61 :B15FD9B8-15AB-E811-810A-00505686417C
28-08-2018 17:57:28 - Actualiza estado de Requerimineto 61 :601
28-08-2018 17:57:30 - Secuencia Transaccion: obtieneClase(com.credibanco.tef.controller.param.TefParameters)->ejecutaMetodo([0]>[]>getInstance>[])->ejecutaMetodo([0]>[]>instanceDataManager>[])->ejecutaMetodo([0]>[]>instanceAuthorizationManager>[])->obtieneClase(com.credibanco.tef.controller.TEFTransactionManager)->ejecutaMetodo([4]>[*00*&[2]&[3]]>getTEFAuthorization>[01,4000,0,PRB00000,954,0,296,amaxpoint,0,0,09])
28-08-2018 17:58:35 - ################################################################
28-08-2018 17:58:35 - Procesando ID Canal Movimineto :A28E92E1-15AB-E811-810A-00505686417C
28-08-2018 17:58:35 - Actualiza estado de Canal Moviminetos 61 :A28E92E1-15AB-E811-810A-00505686417C
28-08-2018 17:58:35 - Actualiza estado de Requerimineto 61 :602
28-08-2018 17:58:40 - Secuencia Transaccion: obtieneClase(com.credibanco.tef.controller.param.TefParameters)->ejecutaMetodo([0]>[]>getInstance>[])->ejecutaMetodo([0]>[]>instanceDataManager>[])->ejecutaMetodo([0]>[]>instanceAuthorizationManager>[])->obtieneClase(com.credibanco.tef.controller.TEFTransactionManager)->ejecutaMetodo([4]>[*00*&[2]&[3]]>getTEFAuthorization>[01,4000,0,PRB00000,955,0,296,amaxpoint,0,0,08])
28-08-2018 17:59:16 - Respuesta obtenida: null
28-08-2018 17:59:16 - [Mensaje de respuesta]  Codigo:  ER, Mensaje:  Mensaje no especificado. ,   Secuencia:  insertar 
28-08-2018 17:59:16 - Ejecion recursiva iniciada.
28-08-2018 17:59:16 - Ejecutando secuencia segun mensajes de respuesta  intentos> 2 falntantes: : insertar
28-08-2018 17:59:36 - ################################################################
28-08-2018 17:59:36 - Procesando ID Canal Movimineto :13E39507-16AB-E811-810A-00505686417C
28-08-2018 17:59:36 - Actualiza estado de Canal Moviminetos 61 :13E39507-16AB-E811-810A-00505686417C
28-08-2018 17:59:36 - Actualiza estado de Requerimineto 61 :603
28-08-2018 17:59:38 - Secuencia Transaccion: obtieneClase(com.credibanco.tef.controller.param.TefParameters)->ejecutaMetodo([0]>[]>getInstance>[])->ejecutaMetodo([0]>[]>instanceDataManager>[])->ejecutaMetodo([0]>[]>instanceAuthorizationManager>[])->obtieneClase(com.credibanco.tef.controller.TEFTransactionManager)->ejecutaMetodo([4]>[*00*&[2]&[3]]>getTEFAuthorization>[01,4000,0,PRB00000,956,0,296,amaxpoint,0,0,0B])
28-08-2018 18:01:05 - ################################################################
28-08-2018 18:01:05 - Procesando ID Canal Movimineto :625A913C-16AB-E811-810A-00505686417C
28-08-2018 18:01:05 - Actualiza estado de Canal Moviminetos 61 :625A913C-16AB-E811-810A-00505686417C
28-08-2018 18:01:05 - Actualiza estado de Requerimineto 61 :604
28-08-2018 18:01:09 - Secuencia Transaccion: obtieneClase(com.credibanco.tef.controller.param.TefParameters)->ejecutaMetodo([0]>[]>getInstance>[])->ejecutaMetodo([0]>[]>instanceDataManager>[])->ejecutaMetodo([0]>[]>instanceAuthorizationManager>[])->obtieneClase(com.credibanco.tef.controller.TEFTransactionManager)->ejecutaMetodo([4]>[*00*&[2]&[3]]>getTEFAuthorization>[01,4000,0,PRB00000,957,0,296,amaxpoint,0,0,0A])
28-08-2018 18:02:09 - Se obtubo un TIME_OUT esperando respuesta
28-08-2018 18:02:09 - Actualizar a estado 42 ID: 625A913C-16AB-E811-810A-00505686417C
28-08-2018 18:02:37 - ################################################################
28-08-2018 18:02:37 - Procesando ID Canal Movimineto :6CB55C73-16AB-E811-810A-00505686417C
28-08-2018 18:02:37 - Actualiza estado de Canal Moviminetos 61 :6CB55C73-16AB-E811-810A-00505686417C
28-08-2018 18:02:37 - Actualiza estado de Requerimineto 61 :605
28-08-2018 18:02:47 - Secuencia Transaccion: obtieneClase(com.credibanco.tef.controller.param.TefParameters)->ejecutaMetodo([0]>[]>getInstance>[])->ejecutaMetodo([0]>[]>instanceDataManager>[])->ejecutaMetodo([0]>[]>instanceAuthorizationManager>[])->obtieneClase(com.credibanco.tef.controller.TEFTransactionManager)->ejecutaMetodo([4]>[*00*&[2]&[3]]>getTEFAuthorization>[01,4000,0,PRB00000,958,0,296,amaxpoint,0,0,05])
28-08-2018 18:03:01 - ################################################################
28-08-2018 18:03:01 - Procesando ID Canal Movimineto :8D454B80-16AB-E811-810A-00505686417C
28-08-2018 18:03:01 - Actualiza estado de Canal Moviminetos 61 :8D454B80-16AB-E811-810A-00505686417C
28-08-2018 18:03:02 - Actualiza estado de Requerimineto 61 :606
28-08-2018 18:03:04 - Secuencia Transaccion: obtieneClase(com.credibanco.tef.controller.param.TefParameters)->ejecutaMetodo([0]>[]>getInstance>[])->ejecutaMetodo([0]>[]>instanceDataManager>[])->ejecutaMetodo([0]>[]>instanceAuthorizationManager>[])->obtieneClase(com.credibanco.tef.controller.TEFTransactionManager)->ejecutaMetodo([4]>[*00*&[2]&[3]]>getTEFAuthorization>[01,4000,0,PRB00000,959,0,296,amaxpoint,0,0,04])
28-08-2018 18:04:20 - ################################################################
28-08-2018 18:04:20 - Procesando ID Canal Movimineto :8DF62BB1-16AB-E811-810A-00505686417C
28-08-2018 18:04:20 - Actualiza estado de Canal Moviminetos 61 :8DF62BB1-16AB-E811-810A-00505686417C
28-08-2018 18:04:20 - Actualiza estado de Requerimineto 61 :607
28-08-2018 18:04:23 - Secuencia Transaccion: obtieneClase(com.credibanco.tef.controller.param.TefParameters)->ejecutaMetodo([0]>[]>getInstance>[])->ejecutaMetodo([0]>[]>instanceDataManager>[])->ejecutaMetodo([0]>[]>instanceAuthorizationManager>[])->obtieneClase(com.credibanco.tef.controller.TEFTransactionManager)->ejecutaMetodo([4]>[*00*&[2]&[3]]>getTEFAuthorization>[01,4000,0,PRB00000,960,0,296,amaxpoint,0,0,0E])
28-08-2018 18:05:50 - ################################################################
28-08-2018 18:05:50 - Procesando ID Canal Movimineto :3DF7AAE6-16AB-E811-810A-00505686417C
28-08-2018 18:05:50 - Actualiza estado de Canal Moviminetos 61 :3DF7AAE6-16AB-E811-810A-00505686417C
28-08-2018 18:05:50 - Actualiza estado de Requerimineto 61 :608
28-08-2018 18:05:51 - Secuencia Transaccion: obtieneClase(com.credibanco.tef.controller.param.TefParameters)->ejecutaMetodo([0]>[]>getInstance>[])->ejecutaMetodo([0]>[]>instanceDataManager>[])->ejecutaMetodo([0]>[]>instanceAuthorizationManager>[])->obtieneClase(com.credibanco.tef.controller.TEFTransactionManager)->ejecutaMetodo([4]>[*00*&[2]&[3]]>getTEFAuthorization>[01,4000,0,PRB00000,961,0,296,amaxpoint,0,0,0F])
28-08-2018 18:05:51 - Respuesta obtenida: null
28-08-2018 18:05:51 - [Mensaje de respuesta]  Codigo:  ER, Mensaje:  Mensaje no especificado. ,   Secuencia:  insertar 
28-08-2018 18:05:51 - Ejecion recursiva iniciada.
28-08-2018 18:05:51 - Ejecutando secuencia segun mensajes de respuesta  intentos> 2 falntantes: : insertar
28-08-2018 18:05:51 - ------------Exception:  java.lang.StringIndexOutOfBoundsException: String index out of range: -1
28-08-2018 18:06:30 - ################################################################
28-08-2018 18:06:30 - Procesando ID Canal Movimineto :A476ADFD-16AB-E811-810A-00505686417C
28-08-2018 18:06:30 - Actualiza estado de Canal Moviminetos 61 :A476ADFD-16AB-E811-810A-00505686417C
28-08-2018 18:06:30 - Actualiza estado de Requerimineto 61 :609
28-08-2018 18:06:32 - Secuencia Transaccion: obtieneClase(com.credibanco.tef.controller.param.TefParameters)->ejecutaMetodo([0]>[]>getInstance>[])->ejecutaMetodo([0]>[]>instanceDataManager>[])->ejecutaMetodo([0]>[]>instanceAuthorizationManager>[])->obtieneClase(com.credibanco.tef.controller.TEFTransactionManager)->ejecutaMetodo([4]>[*00*&[2]&[3]]>getTEFAuthorization>[01,4000,0,PRB00000,962,0,296,amaxpoint,0,0,0C])
28-08-2018 18:08:16 - ################################################################
28-08-2018 18:08:16 - Procesando ID Canal Movimineto :BAA70E3D-17AB-E811-810A-00505686417C
28-08-2018 18:08:16 - Actualiza estado de Canal Moviminetos 61 :BAA70E3D-17AB-E811-810A-00505686417C
28-08-2018 18:08:16 - Actualiza estado de Requerimineto 61 :610
28-08-2018 18:08:17 - Secuencia Transaccion: obtieneClase(com.credibanco.tef.controller.param.TefParameters)->ejecutaMetodo([0]>[]>getInstance>[])->ejecutaMetodo([0]>[]>instanceDataManager>[])->ejecutaMetodo([0]>[]>instanceAuthorizationManager>[])->obtieneClase(com.credibanco.tef.controller.TEFTransactionManager)->ejecutaMetodo([4]>[*00*&[2]&[3]]>getTEFAuthorization>[01,4000,0,PRB00000,963,0,296,amaxpoint,0,0,0D])
28-08-2018 18:09:10 - ################################################################
28-08-2018 18:09:10 - Procesando ID Canal Movimineto :8706075E-17AB-E811-810A-00505686417C
28-08-2018 18:09:10 - Actualiza estado de Canal Moviminetos 61 :8706075E-17AB-E811-810A-00505686417C
28-08-2018 18:09:10 - Actualiza estado de Requerimineto 61 :611
28-08-2018 18:09:12 - Secuencia Transaccion: obtieneClase(com.credibanco.tef.controller.param.TefParameters)->ejecutaMetodo([0]>[]>getInstance>[])->ejecutaMetodo([0]>[]>instanceDataManager>[])->ejecutaMetodo([0]>[]>instanceAuthorizationManager>[])->obtieneClase(com.credibanco.tef.controller.TEFTransactionManager)->ejecutaMetodo([4]>[*00*&[2]&[3]]>getTEFAuthorization>[01,4000,0,PRB00000,964,0,296,amaxpoint,0,0,0A])
28-08-2018 18:10:10 - ################################################################
28-08-2018 18:10:10 - Procesando ID Canal Movimineto :8E963080-17AB-E811-810A-00505686417C
28-08-2018 18:10:10 - Actualiza estado de Canal Moviminetos 61 :8E963080-17AB-E811-810A-00505686417C
28-08-2018 18:10:10 - Actualiza estado de Requerimineto 61 :612
28-08-2018 18:10:12 - Secuencia Transaccion: obtieneClase(com.credibanco.tef.controller.param.TefParameters)->ejecutaMetodo([0]>[]>getInstance>[])->ejecutaMetodo([0]>[]>instanceDataManager>[])->ejecutaMetodo([0]>[]>instanceAuthorizationManager>[])->obtieneClase(com.credibanco.tef.controller.TEFTransactionManager)->ejecutaMetodo([4]>[*00*&[2]&[3]]>getTEFAuthorization>[01,4000,0,PRB00000,965,0,296,amaxpoint,0,0,0B])
28-08-2018 18:10:53 - ################################################################
28-08-2018 18:10:53 - Procesando ID Canal Movimineto :1E97529B-17AB-E811-810A-00505686417C
28-08-2018 18:10:53 - Actualiza estado de Canal Moviminetos 61 :1E97529B-17AB-E811-810A-00505686417C
28-08-2018 18:10:53 - Actualiza estado de Requerimineto 61 :613
28-08-2018 18:10:53 - Secuencia Transaccion: obtieneClase(com.credibanco.tef.controller.param.TefParameters)->ejecutaMetodo([0]>[]>getInstance>[])->ejecutaMetodo([0]>[]>instanceDataManager>[])->ejecutaMetodo([0]>[]>instanceAuthorizationManager>[])->obtieneClase(com.credibanco.tef.controller.TEFTransactionManager)->ejecutaMetodo([4]>[*00*&[2]&[3]]>getTEFAuthorization>[01,4000,0,PRB00000,966,0,296,amaxpoint,0,0,08])
