16-08-2018 16:27:30 - ################################################################
16-08-2018 16:27:30 - Procesando ID Canal Movimineto :AF6AA12C-9BA1-E811-8109-00505686417C
16-08-2018 16:27:30 - Actualiza estado de Canal Moviminetos 61 :AF6AA12C-9BA1-E811-8109-00505686417C
16-08-2018 16:27:31 - Actualiza estado de Requerimineto 61 :226
16-08-2018 16:27:31 - Secuencia Transaccion: obtieneClase(com.credibanco.tef.controller.param.TefParameters)->ejecutaMetodo([0]>[]>getInstance>[])->ejecutaMetodo([0]>[]>instanceDataManager>[])->ejecutaMetodo([0]>[]>instanceAuthorizationManager>[])->obtieneClase(com.credibanco.tef.controller.TEFTransactionManager)->ejecutaMetodo([4]>[*00*&[2]&[3]]>getTEFAuthorization>[01,4000,296,PRB00000,597,0,0,amaxpoint,0,0,0A])
16-08-2018 16:27:54 - Respuesta obtenida: 05,,000000004000,000000000296,PRB00000  ,,,,,,,,,,,,,,,,,,7c
16-08-2018 16:27:54 - [Mensaje de respuesta]  Codigo:  05, Mensaje:  Transaccion con errores de apertura de puerto serial, o timeout sin recibir la solicitud inicial del datafono DATAFON ,   Secuencia:  insertar 
16-08-2018 16:27:54 - Se auto completo la trama: 05,      ,000000004000,000000000296,PRB00000  ,      ,      ,        ,      ,    ,  ,          ,  ,  ,    ,      ,    ,                       ,                       ,  ,            ,            ,7c
16-08-2018 16:27:54 - Actualizar a estado 42 ID: AF6AA12C-9BA1-E811-8109-00505686417C
16-08-2018 16:28:15 - ################################################################
16-08-2018 16:28:15 - Procesando ID Canal Movimineto :9BA23D47-9BA1-E811-8109-00505686417C
16-08-2018 16:28:15 - Actualiza estado de Canal Moviminetos 61 :9BA23D47-9BA1-E811-8109-00505686417C
16-08-2018 16:28:15 - Actualiza estado de Requerimineto 61 :227
16-08-2018 16:28:15 - Secuencia Transaccion: obtieneClase(com.credibanco.tef.controller.param.TefParameters)->ejecutaMetodo([0]>[]>getInstance>[])->ejecutaMetodo([0]>[]>instanceDataManager>[])->ejecutaMetodo([0]>[]>instanceAuthorizationManager>[])->obtieneClase(com.credibanco.tef.controller.TEFTransactionManager)->ejecutaMetodo([4]>[*00*&[2]&[3]]>getTEFAuthorization>[01,4000,296,PRB00000,598,0,0,amaxpoint,0,0,05])
16-08-2018 16:28:30 - Respuesta obtenida: 05,,000000004000,000000000296,PRB00000  ,,,,,,,,,,,,,,,,,,7c
16-08-2018 16:28:30 - [Mensaje de respuesta]  Codigo:  05, Mensaje:  Transaccion con errores de apertura de puerto serial, o timeout sin recibir la solicitud inicial del datafono DATAFON ,   Secuencia:  insertar 
16-08-2018 16:28:30 - Se auto completo la trama: 05,      ,000000004000,000000000296,PRB00000  ,      ,      ,        ,      ,    ,  ,          ,  ,  ,    ,      ,    ,                       ,                       ,  ,            ,            ,7c
16-08-2018 16:28:30 - Actualizar a estado 42 ID: 9BA23D47-9BA1-E811-8109-00505686417C
16-08-2018 16:28:36 - ################################################################
16-08-2018 16:28:36 - Procesando ID Canal Movimineto :3E554D54-9BA1-E811-8109-00505686417C
16-08-2018 16:28:36 - Actualiza estado de Canal Moviminetos 61 :3E554D54-9BA1-E811-8109-00505686417C
16-08-2018 16:28:36 - Actualiza estado de Requerimineto 61 :228
16-08-2018 16:28:36 - Secuencia Transaccion: obtieneClase(com.credibanco.tef.controller.param.TefParameters)->ejecutaMetodo([0]>[]>getInstance>[])->ejecutaMetodo([0]>[]>instanceDataManager>[])->ejecutaMetodo([0]>[]>instanceAuthorizationManager>[])->obtieneClase(com.credibanco.tef.controller.TEFTransactionManager)->ejecutaMetodo([4]>[*00*&[2]&[3]]>getTEFAuthorization>[01,4000,296,PRB00000,599,0,0,amaxpoint,0,0,04])
16-08-2018 16:28:51 - Respuesta obtenida: 02,      ,000000004000,000000000296,PRB00000  ,000000,000000,00000000,000000,0000,XX,VISA G    ,  ,00,6005,468570,0000,012304481              ,ECUADOR                ,00,000000000000,000000000000,68
16-08-2018 16:28:51 - [Mensaje de respuesta]  Codigo:  02, Mensaje:  Transaccion Negada Online DATAFONO ,   Secuencia:  insertar 
16-08-2018 16:28:51 - si cumple longitud - Trama insertada mediante ejecución normal: 02,      ,000000004000,000000000296,PRB00000  ,000000,000000,00000000,000000,0000,XX,VISA G    ,  ,00,6005,468570,0000,012304481              ,ECUADOR                ,00,000000000000,000000000000,68
16-08-2018 16:28:51 - Actualizar a estado 42 ID: 3E554D54-9BA1-E811-8109-00505686417C
16-08-2018 16:29:25 - ################################################################
16-08-2018 16:29:25 - Procesando ID Canal Movimineto :829E1272-9BA1-E811-8109-00505686417C
16-08-2018 16:29:25 - Actualiza estado de Canal Moviminetos 61 :829E1272-9BA1-E811-8109-00505686417C
16-08-2018 16:29:25 - Actualiza estado de Requerimineto 61 :229
16-08-2018 16:29:25 - Secuencia Transaccion: obtieneClase(com.credibanco.tef.controller.param.TefParameters)->ejecutaMetodo([0]>[]>getInstance>[])->ejecutaMetodo([0]>[]>instanceDataManager>[])->ejecutaMetodo([0]>[]>instanceAuthorizationManager>[])->obtieneClase(com.credibanco.tef.controller.TEFTransactionManager)->ejecutaMetodo([4]>[*00*&[2]&[3]]>getTEFAuthorization>[01,4000,296,PRB00000,600,0,0,amaxpoint,0,0,07])
16-08-2018 16:29:57 - Respuesta obtenida: 02,      ,000000004000,000000000296,PRB00000  ,000122,000000,00018487,000816,1629,XX,VISA G    ,EL,00,6005,468570,2011,012304481              ,ECUADOR                ,00,000000000000,000000000000,63
16-08-2018 16:29:57 - [Mensaje de respuesta]  Codigo:  02, Mensaje:  Transaccion Negada Online DATAFONO ,   Secuencia:  insertar 
16-08-2018 16:29:57 - si cumple longitud - Trama insertada mediante ejecución normal: 02,      ,000000004000,000000000296,PRB00000  ,000122,000000,00018487,000816,1629,XX,VISA G    ,EL,00,6005,468570,2011,012304481              ,ECUADOR                ,00,000000000000,000000000000,63
16-08-2018 16:29:57 - Actualizar a estado 42 ID: 829E1272-9BA1-E811-8109-00505686417C
16-08-2018 16:30:03 - ################################################################
16-08-2018 16:30:03 - Procesando ID Canal Movimineto :DCA66788-9BA1-E811-8109-00505686417C
16-08-2018 16:30:04 - Actualiza estado de Canal Moviminetos 61 :DCA66788-9BA1-E811-8109-00505686417C
16-08-2018 16:30:04 - Actualiza estado de Requerimineto 61 :230
16-08-2018 16:30:04 - Secuencia Transaccion: obtieneClase(com.credibanco.tef.controller.param.TefParameters)->ejecutaMetodo([0]>[]>getInstance>[])->ejecutaMetodo([0]>[]>instanceDataManager>[])->ejecutaMetodo([0]>[]>instanceAuthorizationManager>[])->obtieneClase(com.credibanco.tef.controller.TEFTransactionManager)->ejecutaMetodo([4]>[*00*&[2]&[3]]>getTEFAuthorization>[01,4000,296,PRB00000,601,0,0,amaxpoint,0,0,06])
16-08-2018 16:30:30 - Respuesta obtenida: 00,624491,000000004000,000000000296,PRB00000  ,000123,000124,00018487,000816,1630,00,VISA G    ,CR,01,5209,400558,2112,012304481              ,ECUADOR                ,00,000000000000,000000000000,71
16-08-2018 16:30:30 - [Mensaje de respuesta]  Codigo:  00, Mensaje:  Transaccion Aprobada DATAFONO ,   Secuencia:  insertar 
16-08-2018 16:30:30 - si cumple longitud - Trama insertada mediante ejecución normal: 00,624491,000000004000,000000000296,PRB00000  ,000123,000124,00018487,000816,1630,00,VISA G    ,CR,01,5209,400558,2112,012304481              ,ECUADOR                ,00,000000000000,000000000000,71
16-08-2018 16:30:30 - Actualizar a estado 42 ID: DCA66788-9BA1-E811-8109-00505686417C
16-08-2018 16:30:48 - ################################################################
16-08-2018 16:30:48 - Procesando ID Canal Movimineto :4C16B8A3-9BA1-E811-8109-00505686417C
16-08-2018 16:30:48 - Actualiza estado de Canal Moviminetos 61 :4C16B8A3-9BA1-E811-8109-00505686417C
16-08-2018 16:30:48 - Actualiza estado de Requerimineto 61 :231
16-08-2018 16:30:48 - Secuencia Transaccion: obtieneClase(com.credibanco.tef.controller.param.TefParameters)->ejecutaMetodo([0]>[]>getInstance>[])->ejecutaMetodo([0]>[]>instanceDataManager>[])->ejecutaMetodo([0]>[]>instanceAuthorizationManager>[])->obtieneClase(com.credibanco.tef.controller.TEFTransactionManager)->ejecutaMetodo([4]>[*00*&[2]&[3]]>getTEFAuthorization>[01,4000,296,PRB00000,602,0,0,amaxpoint,0,0,05])
16-08-2018 16:31:13 - Respuesta obtenida: 02,      ,000000004000,000000000296,PRB00000  ,000124,000000,00018487,000816,1631,XX,VISA G    ,EL,00,1486,438108,2102,012304481              ,ECUADOR                ,00,000000000000,000000000000,69
16-08-2018 16:31:13 - [Mensaje de respuesta]  Codigo:  02, Mensaje:  Transaccion Negada Online DATAFONO ,   Secuencia:  insertar 
16-08-2018 16:31:13 - si cumple longitud - Trama insertada mediante ejecución normal: 02,      ,000000004000,000000000296,PRB00000  ,000124,000000,00018487,000816,1631,XX,VISA G    ,EL,00,1486,438108,2102,012304481              ,ECUADOR                ,00,000000000000,000000000000,69
16-08-2018 16:31:13 - Actualizar a estado 42 ID: 4C16B8A3-9BA1-E811-8109-00505686417C
