#
# A fatal error has been detected by the Java Runtime Environment:
#
#  EXCEPTION_ACCESS_VIOLATION (0xc0000005) at pc=0x00000000049b41db, pid=19572, tid=0x0000000000004a58
#
# JRE version: Java(TM) SE Runtime Environment (8.0_111-b14) (build 1.8.0_111-b14)
# Java VM: Java HotSpot(TM) 64-Bit Server VM (25.111-b14 mixed mode windows-amd64 compressed oops)
# Problematic frame:
# v  ~BufferBlob::MethodHandles adapters
#
# Failed to write core dump. Minidumps are not enabled by default on client versions of Windows
#
# If you would like to submit a bug report, please visit:
#   http://bugreport.java.com/bugreport/crash.jsp
#

---------------  T H R E A D  ---------------

Current thread (0x000000001e8bd000):  JavaThread "pool-2-thread-1" [_thread_in_Java, id=19032, stack(0x000000001ef00000,0x000000001f000000)]

siginfo: ExceptionCode=0xc0000005, reading address 0xffffffffffffffff

Registers:
RAX=0x00000000048b8180, RBX=0x00000000d6897f28, RCX=0x000000001effe118, RDX=0x0000000000000004
RSP=0x000000001effe100, RBP=0x000000001effe158, RSI=0x000000001c391aa8, RDI=0x000000001c76b170
R8 =0x0000000000000006, R9 =0x000000001e1666d0, R10=0x00000000c85c8f70, R11=0xd790e8a081e05e20
R12=0x0000000000000000, R13=0x000000001effe100, R14=0x000000001effe188, R15=0x000000001e8bd000
RIP=0x00000000049b41db, EFLAGS=0x0000000000010202

Top of Stack: (sp=0x000000001effe100)
0x000000001effe100:   00000000048b8180 00000000d77618e0
0x000000001effe110:   00000000d7548238 000000001effe118
0x000000001effe120:   00000000190b91ee 000000001effe188
0x000000001effe130:   00000000190b9288 000000001dcdc9c8
0x000000001effe140:   00000000190b9200 000000001effe100
0x000000001effe150:   000000001effe190 000000001effe200
0x000000001effe160:   00000000048b8180 00000000d7762460
0x000000001effe170:   00000000d6897f28 00000000d77618e0
0x000000001effe180:   00000000d7548238 00000000d7762610
0x000000001effe190:   0000000000000000 00000000048b8180
0x000000001effe1a0:   00000000d6897f28 00000000d77618e0
0x000000001effe1b0:   00000000d7548238 00000000d7762610
0x000000001effe1c0:   000000001effe1c0 000000001f262257
0x000000001effe1d0:   000000001effe250 000000001f2622f0
0x000000001effe1e0:   0000000000000000 000000001f262268
0x000000001effe1f0:   000000001effe1a0 000000001effe260 

Instructions: (pc=0x00000000049b41db)
0x00000000049b41bb:   00 66 66 66 90 48 8b 53 08 0f b7 52 2c 48 8b 0c
0x00000000049b41cb:   d4 58 5b 50 44 8b 51 08 49 c1 e2 03 4c 8b 5b 10
0x00000000049b41db:   4b 8b 9c da b8 01 00 00 48 85 db 0f 84 10 00 00
0x00000000049b41eb:   00 41 80 bf 98 03 00 00 00 74 03 ff 63 30 ff 63 


Register to memory mapping:

RAX=0x00000000048b8180 is at code_begin+1664 in an Interpreter codelet
invoke return entry points  [0x00000000048b7b00, 0x00000000048b84e0]  2528 bytes
RBX=0x00000000d6897f28 is an oop
kfc.com.modelo.Respuesta_Autorizacion 
 - klass: 'kfc/com/modelo/Respuesta_Autorizacion'
RCX=0x000000001effe118 is pointing into the stack for thread: 0x000000001e8bd000
RDX=0x0000000000000004 is an unknown value
RSP=0x000000001effe100 is pointing into the stack for thread: 0x000000001e8bd000
RBP=0x000000001effe158 is pointing into the stack for thread: 0x000000001e8bd000
RSI=0x000000001c391aa8 is an unknown value
RDI=0x000000001c76b170 is an unknown value
R8 =0x0000000000000006 is an unknown value
R9 =0x000000001e1666d0 is an unknown value
R10=0x00000000c85c8f70 is an unallocated location in the heap
R11=0xd790e8a081e05e20 is an unknown value
R12=0x0000000000000000 is an unknown value
R13=0x000000001effe100 is pointing into the stack for thread: 0x000000001e8bd000
R14=0x000000001effe188 is pointing into the stack for thread: 0x000000001e8bd000
R15=0x000000001e8bd000 is a thread


Stack: [0x000000001ef00000,0x000000001f000000],  sp=0x000000001effe100,  free space=1016k
Native frames: (J=compiled Java code, j=interpreted, Vv=VM code, C=native code)
C  0x00000000049b41db


---------------  P R O C E S S  ---------------

Java Threads: ( => current thread )
=>0x000000001e8bd000 JavaThread "pool-2-thread-1" [_thread_in_Java, id=19032, stack(0x000000001ef00000,0x000000001f000000)]
  0x000000001b481000 JavaThread "Service Thread" daemon [_thread_blocked, id=14900, stack(0x000000001b920000,0x000000001ba20000)]
  0x000000001b430800 JavaThread "C1 CompilerThread2" daemon [_thread_blocked, id=2420, stack(0x000000001b820000,0x000000001b920000)]
  0x000000001940c000 JavaThread "C2 CompilerThread1" daemon [_thread_blocked, id=19724, stack(0x000000001b320000,0x000000001b420000)]
  0x0000000019406800 JavaThread "C2 CompilerThread0" daemon [_thread_blocked, id=2156, stack(0x000000001b220000,0x000000001b320000)]
  0x00000000193fb800 JavaThread "JDWP Command Reader" daemon [_thread_in_native, id=18680, stack(0x000000001b120000,0x000000001b220000)]
  0x00000000193f8800 JavaThread "JDWP Event Helper Thread" daemon [_thread_blocked, id=14876, stack(0x000000001b020000,0x000000001b120000)]
  0x00000000193e9800 JavaThread "JDWP Transport Listener: dt_socket" daemon [_thread_blocked, id=20288, stack(0x000000001ab40000,0x000000001ac40000)]
  0x00000000193e2800 JavaThread "Attach Listener" daemon [_thread_blocked, id=3360, stack(0x000000001aa40000,0x000000001ab40000)]
  0x00000000193e1000 JavaThread "Signal Dispatcher" daemon [_thread_blocked, id=14984, stack(0x000000001a940000,0x000000001aa40000)]
  0x00000000193ca800 JavaThread "Finalizer" daemon [_thread_blocked, id=14632, stack(0x000000001a630000,0x000000001a730000)]
  0x00000000048a2000 JavaThread "Reference Handler" daemon [_thread_blocked, id=19896, stack(0x000000001a530000,0x000000001a630000)]
  0x00000000047b3800 JavaThread "main" [_thread_blocked, id=19484, stack(0x00000000046b0000,0x00000000047b0000)]

Other Threads:
  0x00000000193a7000 VMThread [stack: 0x000000001a430000,0x000000001a530000] [id=21232]
  0x000000001b499000 WatcherThread [stack: 0x000000001bde0000,0x000000001bee0000] [id=10048]

VM state:not at safepoint (normal execution)

VM Mutex/Monitor currently owned by a thread: None

Heap:
 PSYoungGen      total 31232K, used 30633K [0x00000000d5f00000, 0x00000000d8c80000, 0x0000000100000000)
  eden space 29184K, 98% used [0x00000000d5f00000,0x00000000d7af2768,0x00000000d7b80000)
  from space 2048K, 98% used [0x00000000d7c00000,0x00000000d7df8000,0x00000000d7e00000)
  to   space 8704K, 0% used [0x00000000d8400000,0x00000000d8400000,0x00000000d8c80000)
 ParOldGen       total 87552K, used 6565K [0x0000000081c00000, 0x0000000087180000, 0x00000000d5f00000)
  object space 87552K, 7% used [0x0000000081c00000,0x0000000082269538,0x0000000087180000)
 Metaspace       used 16321K, capacity 17544K, committed 17792K, reserved 1064960K
  class space    used 1852K, capacity 2155K, committed 2176K, reserved 1048576K

Card table byte_map: [0x0000000013c70000,0x0000000014070000] byte_map_base: 0x0000000013862000

Marking Bits: (ParMarkBitMap*) 0x000000007644a6c0
 Begin Bits: [0x0000000014720000, 0x00000000166b0000)
 End Bits:   [0x00000000166b0000, 0x0000000018640000)

Polling page: 0x00000000029f0000

CodeCache: size=245760Kb used=9088Kb max_used=9118Kb free=236671Kb
 bounds [0x00000000048b0000, 0x00000000051a0000, 0x00000000138b0000]
 total_blobs=2909 nmethods=2498 adapters=331
 compilation: enabled

Compilation events (10 events):
Event: 609.990 Thread 0x000000001b430800 2746       3       org.codehaus.groovy.vmplugin.v7.Selector::removeRealReceiver (21 bytes)
Event: 609.990 Thread 0x000000001b430800 nmethod 2746 0x0000000004f680d0 code [0x0000000004f68240, 0x0000000004f684c8]
Event: 609.990 Thread 0x000000001b430800 2747   !   3       java.lang.invoke.LambdaForm$MH/1670993182::guardWithCatch (75 bytes)
Event: 609.990 Thread 0x000000001b430800 nmethod 2747 0x0000000004f69450 code [0x0000000004f69620, 0x0000000004f6a1a8]
Event: 609.992 Thread 0x000000001940c000 nmethod 2739 0x000000000518b290 code [0x000000000518b420, 0x000000000518bbf8]
Event: 609.992 Thread 0x000000001940c000 2740       4       java.lang.invoke.InvokerBytecodeGenerator::emitImplicitConversion (159 bytes)
Event: 610.000 Thread 0x0000000019406800 nmethod 2734 0x0000000005189390 code [0x0000000005189580, 0x000000000518a4c0]
Event: 610.001 Thread 0x0000000019406800 2741       4       java.lang.AbstractStringBuilder::newCapacity (39 bytes)
Event: 610.001 Thread 0x0000000019406800 nmethod 2741 0x0000000004f69110 code [0x0000000004f69260, 0x0000000004f69358]
Event: 610.143 Thread 0x000000001940c000 nmethod 2740 0x0000000005194dd0 code [0x0000000005195200, 0x0000000005199e40]

GC Heap History (10 events):
Event: 78.660 GC heap before
{Heap before GC invocations=4 (full 1):
 PSYoungGen      total 38400K, used 33280K [0x00000000d5f00000, 0x00000000d8980000, 0x0000000100000000)
  eden space 33280K, 100% used [0x00000000d5f00000,0x00000000d7f80000,0x00000000d7f80000)
  from space 5120K, 0% used [0x00000000d8480000,0x00000000d8480000,0x00000000d8980000)
  to   space 5120K, 0% used [0x00000000d7f80000,0x00000000d7f80000,0x00000000d8480000)
 ParOldGen       total 87552K, used 6541K [0x0000000081c00000, 0x0000000087180000, 0x00000000d5f00000)
  object space 87552K, 7% used [0x0000000081c00000,0x0000000082263538,0x0000000087180000)
 Metaspace       used 14492K, capacity 15228K, committed 15488K, reserved 1062912K
  class space    used 1641K, capacity 1846K, committed 1920K, reserved 1048576K
Event: 78.664 GC heap after
Heap after GC invocations=4 (full 1):
 PSYoungGen      total 38400K, used 2568K [0x00000000d5f00000, 0x00000000d8980000, 0x0000000100000000)
  eden space 33280K, 0% used [0x00000000d5f00000,0x00000000d5f00000,0x00000000d7f80000)
  from space 5120K, 50% used [0x00000000d7f80000,0x00000000d8202278,0x00000000d8480000)
  to   space 5120K, 0% used [0x00000000d8480000,0x00000000d8480000,0x00000000d8980000)
 ParOldGen       total 87552K, used 6541K [0x0000000081c00000, 0x0000000087180000, 0x00000000d5f00000)
  object space 87552K, 7% used [0x0000000081c00000,0x0000000082263538,0x0000000087180000)
 Metaspace       used 14492K, capacity 15228K, committed 15488K, reserved 1062912K
  class space    used 1641K, capacity 1846K, committed 1920K, reserved 1048576K
}
Event: 208.218 GC heap before
{Heap before GC invocations=5 (full 1):
 PSYoungGen      total 38400K, used 35848K [0x00000000d5f00000, 0x00000000d8980000, 0x0000000100000000)
  eden space 33280K, 100% used [0x00000000d5f00000,0x00000000d7f80000,0x00000000d7f80000)
  from space 5120K, 50% used [0x00000000d7f80000,0x00000000d8202278,0x00000000d8480000)
  to   space 5120K, 0% used [0x00000000d8480000,0x00000000d8480000,0x00000000d8980000)
 ParOldGen       total 87552K, used 6541K [0x0000000081c00000, 0x0000000087180000, 0x00000000d5f00000)
  object space 87552K, 7% used [0x0000000081c00000,0x0000000082263538,0x0000000087180000)
 Metaspace       used 14597K, capacity 15366K, committed 15488K, reserved 1062912K
  class space    used 1642K, capacity 1847K, committed 1920K, reserved 1048576K
Event: 208.221 GC heap after
Heap after GC invocations=5 (full 1):
 PSYoungGen      total 38400K, used 2144K [0x00000000d5f00000, 0x00000000d8980000, 0x0000000100000000)
  eden space 33280K, 0% used [0x00000000d5f00000,0x00000000d5f00000,0x00000000d7f80000)
  from space 5120K, 41% used [0x00000000d8480000,0x00000000d8698000,0x00000000d8980000)
  to   space 5120K, 0% used [0x00000000d7f80000,0x00000000d7f80000,0x00000000d8480000)
 ParOldGen       total 87552K, used 6549K [0x0000000081c00000, 0x0000000087180000, 0x00000000d5f00000)
  object space 87552K, 7% used [0x0000000081c00000,0x0000000082265538,0x0000000087180000)
 Metaspace       used 14597K, capacity 15366K, committed 15488K, reserved 1062912K
  class space    used 1642K, capacity 1847K, committed 1920K, reserved 1048576K
}
Event: 337.703 GC heap before
{Heap before GC invocations=6 (full 1):
 PSYoungGen      total 38400K, used 35424K [0x00000000d5f00000, 0x00000000d8980000, 0x0000000100000000)
  eden space 33280K, 100% used [0x00000000d5f00000,0x00000000d7f80000,0x00000000d7f80000)
  from space 5120K, 41% used [0x00000000d8480000,0x00000000d8698000,0x00000000d8980000)
  to   space 5120K, 0% used [0x00000000d7f80000,0x00000000d7f80000,0x00000000d8480000)
 ParOldGen       total 87552K, used 6549K [0x0000000081c00000, 0x0000000087180000, 0x00000000d5f00000)
  object space 87552K, 7% used [0x0000000081c00000,0x0000000082265538,0x0000000087180000)
 Metaspace       used 14655K, capacity 15486K, committed 15744K, reserved 1062912K
  class space    used 1642K, capacity 1847K, committed 1920K, reserved 1048576K
Event: 337.707 GC heap after
Heap after GC invocations=6 (full 1):
 PSYoungGen      total 38400K, used 2048K [0x00000000d5f00000, 0x00000000d8980000, 0x0000000100000000)
  eden space 33280K, 0% used [0x00000000d5f00000,0x00000000d5f00000,0x00000000d7f80000)
  from space 5120K, 40% used [0x00000000d7f80000,0x00000000d8180000,0x00000000d8480000)
  to   space 5120K, 0% used [0x00000000d8480000,0x00000000d8480000,0x00000000d8980000)
 ParOldGen       total 87552K, used 6549K [0x0000000081c00000, 0x0000000087180000, 0x00000000d5f00000)
  object space 87552K, 7% used [0x0000000081c00000,0x0000000082265538,0x0000000087180000)
 Metaspace       used 14655K, capacity 15486K, committed 15744K, reserved 1062912K
  class space    used 1642K, capacity 1847K, committed 1920K, reserved 1048576K
}
Event: 467.085 GC heap before
{Heap before GC invocations=7 (full 1):
 PSYoungGen      total 38400K, used 35328K [0x00000000d5f00000, 0x00000000d8980000, 0x0000000100000000)
  eden space 33280K, 100% used [0x00000000d5f00000,0x00000000d7f80000,0x00000000d7f80000)
  from space 5120K, 40% used [0x00000000d7f80000,0x00000000d8180000,0x00000000d8480000)
  to   space 5120K, 0% used [0x00000000d8480000,0x00000000d8480000,0x00000000d8980000)
 ParOldGen       total 87552K, used 6549K [0x0000000081c00000, 0x0000000087180000, 0x00000000d5f00000)
  object space 87552K, 7% used [0x0000000081c00000,0x0000000082265538,0x0000000087180000)
 Metaspace       used 14685K, capacity 15566K, committed 15744K, reserved 1062912K
  class space    used 1642K, capacity 1847K, committed 1920K, reserved 1048576K
Event: 467.088 GC heap after
Heap after GC invocations=7 (full 1):
 PSYoungGen      total 34816K, used 2144K [0x00000000d5f00000, 0x00000000d9000000, 0x0000000100000000)
  eden space 29696K, 0% used [0x00000000d5f00000,0x00000000d5f00000,0x00000000d7c00000)
  from space 5120K, 41% used [0x00000000d8480000,0x00000000d8698000,0x00000000d8980000)
  to   space 8704K, 0% used [0x00000000d7c00000,0x00000000d7c00000,0x00000000d8480000)
 ParOldGen       total 87552K, used 6557K [0x0000000081c00000, 0x0000000087180000, 0x00000000d5f00000)
  object space 87552K, 7% used [0x0000000081c00000,0x0000000082267538,0x0000000087180000)
 Metaspace       used 14685K, capacity 15566K, committed 15744K, reserved 1062912K
  class space    used 1642K, capacity 1847K, committed 1920K, reserved 1048576K
}
Event: 584.514 GC heap before
{Heap before GC invocations=8 (full 1):
 PSYoungGen      total 34816K, used 31840K [0x00000000d5f00000, 0x00000000d9000000, 0x0000000100000000)
  eden space 29696K, 100% used [0x00000000d5f00000,0x00000000d7c00000,0x00000000d7c00000)
  from space 5120K, 41% used [0x00000000d8480000,0x00000000d8698000,0x00000000d8980000)
  to   space 8704K, 0% used [0x00000000d7c00000,0x00000000d7c00000,0x00000000d8480000)
 ParOldGen       total 87552K, used 6557K [0x0000000081c00000, 0x0000000087180000, 0x00000000d5f00000)
  object space 87552K, 7% used [0x0000000081c00000,0x0000000082267538,0x0000000087180000)
 Metaspace       used 14724K, capacity 15638K, committed 15744K, reserved 1062912K
  class space    used 1642K, capacity 1847K, committed 1920K, reserved 1048576K
Event: 584.518 GC heap after
Heap after GC invocations=8 (full 1):
 PSYoungGen      total 31232K, used 2016K [0x00000000d5f00000, 0x00000000d8c80000, 0x0000000100000000)
  eden space 29184K, 0% used [0x00000000d5f00000,0x00000000d5f00000,0x00000000d7b80000)
  from space 2048K, 98% used [0x00000000d7c00000,0x00000000d7df8000,0x00000000d7e00000)
  to   space 8704K, 0% used [0x00000000d8400000,0x00000000d8400000,0x00000000d8c80000)
 ParOldGen       total 87552K, used 6565K [0x0000000081c00000, 0x0000000087180000, 0x00000000d5f00000)
  object space 87552K, 7% used [0x0000000081c00000,0x0000000082269538,0x0000000087180000)
 Metaspace       used 14724K, capacity 15638K, committed 15744K, reserved 1062912K
  class space    used 1642K, capacity 1847K, committed 1920K, reserved 1048576K
}

Deoptimization events (10 events):
Event: 609.877 Thread 0x00000000047b3800 Uncommon trap: reason=range_check action=none pc=0x0000000004ba929c method=sun.reflect.generics.parser.SignatureParser.current()C @ 34
Event: 609.877 Thread 0x00000000047b3800 Uncommon trap: reason=range_check action=none pc=0x0000000004ba929c method=sun.reflect.generics.parser.SignatureParser.current()C @ 34
Event: 609.879 Thread 0x00000000047b3800 Uncommon trap: reason=range_check action=none pc=0x0000000004ba929c method=sun.reflect.generics.parser.SignatureParser.current()C @ 34
Event: 609.883 Thread 0x00000000047b3800 Uncommon trap: reason=range_check action=none pc=0x0000000004ba929c method=sun.reflect.generics.parser.SignatureParser.current()C @ 34
Event: 609.883 Thread 0x00000000047b3800 Uncommon trap: reason=range_check action=none pc=0x0000000004ba929c method=sun.reflect.generics.parser.SignatureParser.current()C @ 34
Event: 609.884 Thread 0x00000000047b3800 Uncommon trap: reason=range_check action=none pc=0x0000000004ba929c method=sun.reflect.generics.parser.SignatureParser.current()C @ 34
Event: 609.884 Thread 0x00000000047b3800 Uncommon trap: reason=range_check action=none pc=0x0000000004ba929c method=sun.reflect.generics.parser.SignatureParser.current()C @ 34
Event: 609.884 Thread 0x000000001e8bd000 Uncommon trap: reason=class_check action=maybe_recompile pc=0x0000000004ac4c08 method=sun.misc.URLClassPath.getLoader(I)Lsun/misc/URLClassPath$Loader; @ 94
Event: 609.884 Thread 0x000000001e8bd000 Uncommon trap: reason=bimorphic action=maybe_recompile pc=0x00000000050bf568 method=sun.misc.URLClassPath.getResource(Ljava/lang/String;Z)Lsun/misc/Resource; @ 62
Event: 609.967 Thread 0x000000001e8bd000 Uncommon trap: reason=null_check action=make_not_entrant pc=0x0000000004d76650 method=java.lang.StringCoding.decode(Ljava/lang/String;[BII)[C @ 6

Internal exceptions (10 events):
Event: 609.884 Thread 0x00000000047b3800 Exception <a 'java/lang/ArrayIndexOutOfBoundsException': 94> (0x00000000d7794e78) thrown at [C:\re\workspace\8-2-build-windows-amd64-cygwin\jdk8u111\7883\hotspot\src\share\vm\interpreter\interpreterRuntime.cpp, line 366]
Event: 609.967 Thread 0x000000001e8bd000 Implicit null exception at 0x0000000004d72800 to 0x0000000004d76609
Event: 609.972 Thread 0x000000001e8bd000 Exception <a 'java/lang/ClassNotFoundException': org/json/JSONObjectBeanInfo> (0x00000000d78d9d18) thrown at [C:\re\workspace\8-2-build-windows-amd64-cygwin\jdk8u111\7883\hotspot\src\share\vm\classfile\systemDictionary.cpp, line 210]
Event: 609.972 Thread 0x000000001e8bd000 Exception <a 'java/lang/ClassNotFoundException': org/json/JSONObjectCustomizer> (0x00000000d78e0eb0) thrown at [C:\re\workspace\8-2-build-windows-amd64-cygwin\jdk8u111\7883\hotspot\src\share\vm\classfile\systemDictionary.cpp, line 210]
Event: 609.977 Thread 0x000000001e8bd000 Exception <a 'java/lang/ClassNotFoundException': org/json/JSONArrayBeanInfo> (0x00000000d7924260) thrown at [C:\re\workspace\8-2-build-windows-amd64-cygwin\jdk8u111\7883\hotspot\src\share\vm\classfile\systemDictionary.cpp, line 210]
Event: 609.978 Thread 0x000000001e8bd000 Exception <a 'java/lang/ClassNotFoundException': org/json/JSONArrayCustomizer> (0x00000000d792b680) thrown at [C:\re\workspace\8-2-build-windows-amd64-cygwin\jdk8u111\7883\hotspot\src\share\vm\classfile\systemDictionary.cpp, line 210]
Event: 609.982 Thread 0x000000001e8bd000 Exception <a 'java/lang/ClassNotFoundException': kfc/com/modelo/CatalogoBeanInfo> (0x00000000d798d298) thrown at [C:\re\workspace\8-2-build-windows-amd64-cygwin\jdk8u111\7883\hotspot\src\share\vm\classfile\systemDictionary.cpp, line 210]
Event: 609.982 Thread 0x000000001e8bd000 Exception <a 'java/lang/ClassNotFoundException': kfc/com/modelo/CatalogoCustomizer> (0x00000000d79947f8) thrown at [C:\re\workspace\8-2-build-windows-amd64-cygwin\jdk8u111\7883\hotspot\src\share\vm\classfile\systemDictionary.cpp, line 210]
Event: 615.116 Thread 0x000000001e8bd000 Exception <a 'java/lang/ClassNotFoundException': DF/EnvioProcesoPagoBeanInfo> (0x00000000d7a55fd8) thrown at [C:\re\workspace\8-2-build-windows-amd64-cygwin\jdk8u111\7883\hotspot\src\share\vm\classfile\systemDictionary.cpp, line 210]
Event: 615.161 Thread 0x000000001e8bd000 Exception <a 'java/lang/ClassNotFoundException': DF/EnvioProcesoPagoCustomizer> (0x00000000d7a6d918) thrown at [C:\re\workspace\8-2-build-windows-amd64-cygwin\jdk8u111\7883\hotspot\src\share\vm\classfile\systemDictionary.cpp, line 210]

Events (10 events):
Event: 658.004 Executing VM operation: ChangeBreakpoints
Event: 658.004 Executing VM operation: ChangeBreakpoints done
Event: 658.006 Executing VM operation: EnterInterpOnlyMode
Event: 658.006 Executing nested VM operation: Deoptimize
Event: 658.007 Executing nested VM operation: Deoptimize done
Event: 658.007 Executing VM operation: EnterInterpOnlyMode done
Event: 658.007 Executing VM operation: GetCurrentLocation
Event: 658.007 Executing VM operation: GetCurrentLocation done
Event: 658.007 Executing VM operation: ChangeSingleStep
Event: 658.007 Executing VM operation: ChangeSingleStep done


Dynamic libraries:
0x00007ff7933d0000 - 0x00007ff793407000 	C:\Program Files\Java\jdk1.8.0_111 v1\bin\javaw.exe
0x00007ff8fc130000 - 0x00007ff8fc310000 	C:\WINDOWS\SYSTEM32\ntdll.dll
0x00007ff8fb560000 - 0x00007ff8fb60e000 	C:\WINDOWS\System32\KERNEL32.dll
0x00007ff8f8150000 - 0x00007ff8f828e000 	C:\Windows\system32\hmpalert.dll
0x00007ff8f86d0000 - 0x00007ff8f8936000 	C:\WINDOWS\System32\KERNELBASE.dll
0x00007ff8fc050000 - 0x00007ff8fc0f1000 	C:\WINDOWS\System32\ADVAPI32.dll
0x00007ff8facb0000 - 0x00007ff8fad4d000 	C:\WINDOWS\System32\msvcrt.dll
0x00007ff8fb500000 - 0x00007ff8fb55b000 	C:\WINDOWS\System32\sechost.dll
0x00007ff8fb1d0000 - 0x00007ff8fb2ef000 	C:\WINDOWS\System32\RPCRT4.dll
0x00007ff8fb610000 - 0x00007ff8fb79f000 	C:\WINDOWS\System32\USER32.dll
0x00007ff8f95e0000 - 0x00007ff8f9600000 	C:\WINDOWS\System32\win32u.dll
0x00007ff8fad50000 - 0x00007ff8fad78000 	C:\WINDOWS\System32\GDI32.dll
0x00007ff8f8530000 - 0x00007ff8f86c3000 	C:\WINDOWS\System32\gdi32full.dll
0x00007ff8f9370000 - 0x00007ff8f940b000 	C:\WINDOWS\System32\msvcp_win.dll
0x00007ff8f9410000 - 0x00007ff8f9505000 	C:\WINDOWS\System32\ucrtbase.dll
0x00007ff8e8c10000 - 0x00007ff8e8e79000 	C:\WINDOWS\WinSxS\amd64_microsoft.windows.common-controls_6595b64144ccf1df_6.0.16299.551_none_15c7d58c93659c3c\COMCTL32.dll
0x00007ff8fb840000 - 0x00007ff8fbb47000 	C:\WINDOWS\System32\combase.dll
0x00007ff8f9510000 - 0x00007ff8f9582000 	C:\WINDOWS\System32\bcryptPrimitives.dll
0x00007ff8fad80000 - 0x00007ff8fadad000 	C:\WINDOWS\System32\IMM32.DLL
0x0000000051ca0000 - 0x0000000051d72000 	C:\Program Files\Java\jdk1.8.0_111 v1\bin\msvcr100.dll
0x0000000075c30000 - 0x00000000764ca000 	C:\Program Files\Java\jdk1.8.0_111 v1\bin\server\jvm.dll
0x00007ff8fadb0000 - 0x00007ff8fadb8000 	C:\WINDOWS\System32\PSAPI.DLL
0x00007ff8f3670000 - 0x00007ff8f3693000 	C:\WINDOWS\SYSTEM32\WINMM.dll
0x00007ff8e6b00000 - 0x00007ff8e6b0a000 	C:\WINDOWS\SYSTEM32\VERSION.dll
0x00007ff8f3f80000 - 0x00007ff8f3faa000 	C:\WINDOWS\SYSTEM32\WINMMBASE.dll
0x00007ff8f9590000 - 0x00007ff8f95da000 	C:\WINDOWS\System32\cfgmgr32.dll
0x00007ff8f5150000 - 0x00007ff8f5159000 	C:\WINDOWS\SYSTEM32\WSOCK32.dll
0x00007ff8fbb80000 - 0x00007ff8fbbec000 	C:\WINDOWS\System32\WS2_32.dll
0x0000000051c90000 - 0x0000000051c9f000 	C:\Program Files\Java\jdk1.8.0_111 v1\bin\verify.dll
0x0000000051c60000 - 0x0000000051c89000 	C:\Program Files\Java\jdk1.8.0_111 v1\bin\java.dll
0x0000000051c20000 - 0x0000000051c55000 	C:\Program Files\Java\jdk1.8.0_111 v1\bin\jdwp.dll
0x0000000051c10000 - 0x0000000051c18000 	C:\Program Files\Java\jdk1.8.0_111 v1\bin\npt.dll
0x0000000051bf0000 - 0x0000000051c06000 	C:\Program Files\Java\jdk1.8.0_111 v1\bin\zip.dll
0x00007ff8f9600000 - 0x00007ff8faa38000 	C:\WINDOWS\System32\SHELL32.dll
0x00007ff8fb040000 - 0x00007ff8fb0e6000 	C:\WINDOWS\System32\shcore.dll
0x00007ff8f8c20000 - 0x00007ff8f9367000 	C:\WINDOWS\System32\windows.storage.dll
0x00007ff8fb440000 - 0x00007ff8fb491000 	C:\WINDOWS\System32\shlwapi.dll
0x00007ff8f84c0000 - 0x00007ff8f84d1000 	C:\WINDOWS\System32\kernel.appcore.dll
0x00007ff8f84e0000 - 0x00007ff8f852c000 	C:\WINDOWS\System32\powrprof.dll
0x00007ff8f8480000 - 0x00007ff8f849b000 	C:\WINDOWS\System32\profapi.dll
0x0000000051be0000 - 0x0000000051be9000 	C:\Program Files\Java\jdk1.8.0_111 v1\bin\dt_socket.dll
0x00007ff8efea0000 - 0x00007ff8efeb6000 	C:\WINDOWS\system32\napinsp.dll
0x00007ff8efe80000 - 0x00007ff8efe9a000 	C:\WINDOWS\system32\pnrpnsp.dll
0x00007ff8f4010000 - 0x00007ff8f4028000 	C:\WINDOWS\system32\NLAapi.dll
0x00007ff8f7bd0000 - 0x00007ff8f7c36000 	C:\WINDOWS\System32\mswsock.dll
0x00007ff8f79b0000 - 0x00007ff8f7a66000 	C:\WINDOWS\SYSTEM32\DNSAPI.dll
0x00007ff8fbbf0000 - 0x00007ff8fbbf8000 	C:\WINDOWS\System32\NSI.dll
0x00007ff8f7960000 - 0x00007ff8f7999000 	C:\WINDOWS\SYSTEM32\IPHLPAPI.DLL
0x00007ff8f0460000 - 0x00007ff8f046e000 	C:\WINDOWS\System32\winrnr.dll
0x0000000051f50000 - 0x0000000051f76000 	C:\Program Files\Bonjour\mdnsNSP.dll
0x00007ff8f0770000 - 0x00007ff8f0785000 	C:\WINDOWS\System32\wshbth.dll
0x00007ff8f5e70000 - 0x00007ff8f5ee0000 	C:\WINDOWS\System32\fwpuclnt.dll
0x00007ff8f7ea0000 - 0x00007ff8f7ec5000 	C:\WINDOWS\SYSTEM32\bcrypt.dll
0x00007ff8f4000000 - 0x00007ff8f400a000 	C:\Windows\System32\rasadhlp.dll
0x0000000051bc0000 - 0x0000000051bda000 	C:\Program Files\Java\jdk1.8.0_111 v1\bin\net.dll
0x00007ff8f7d90000 - 0x00007ff8f7da7000 	C:\WINDOWS\SYSTEM32\CRYPTSP.dll
0x00007ff8f7770000 - 0x00007ff8f77a3000 	C:\WINDOWS\system32\rsaenh.dll
0x00007ff8f83b0000 - 0x00007ff8f83d9000 	C:\WINDOWS\SYSTEM32\USERENV.dll
0x00007ff8f7db0000 - 0x00007ff8f7dbb000 	C:\WINDOWS\SYSTEM32\CRYPTBASE.dll
0x00007ff8f52f0000 - 0x00007ff8f5306000 	C:\WINDOWS\SYSTEM32\dhcpcsvc6.DLL
0x00007ff8f5290000 - 0x00007ff8f52aa000 	C:\WINDOWS\SYSTEM32\dhcpcsvc.DLL
0x0000000076750000 - 0x0000000076761000 	C:\Program Files\Java\jdk1.8.0_111 v1\bin\nio.dll
0x0000000076720000 - 0x0000000076744000 	C:\Program Files\Java\jdk1.8.0_111 v1\bin\sunec.dll
0x0000000076710000 - 0x000000007671b000 	C:\Program Files\Java\jdk1.8.0_111 v1\bin\sunmscapi.dll
0x00007ff8f8940000 - 0x00007ff8f8b0e000 	C:\WINDOWS\System32\CRYPT32.dll
0x00007ff8f84a0000 - 0x00007ff8f84b2000 	C:\WINDOWS\System32\MSASN1.dll
0x0000000180000000 - 0x0000000180025000 	C:\Program Files\Java\jdk1.8.0_171 64 bits\bin\rxtxSerial.dll
0x00007ff8e1210000 - 0x00007ff8e13d8000 	C:\WINDOWS\SYSTEM32\dbghelp.dll

VM Arguments:
jvm_args: -agentlib:jdwp=transport=dt_socket,suspend=y,address=localhost:56572 -Dfile.encoding=Cp1252 
java_command: com.kfc.Main
java_class_path (initial): C:\Program Files\Java\jdk1.8.0_111 v1\lib\resources.jar;C:\Program Files\Java\jdk1.8.0_111 v1\lib\rt.jar;C:\Program Files\Java\jdk1.8.0_111 v1\lib\jsse.jar;C:\Program Files\Java\jdk1.8.0_111 v1\lib\jce.jar;C:\Program Files\Java\jdk1.8.0_111 v1\lib\charsets.jar;C:\Program Files\Java\jdk1.8.0_111 v1\lib\jfr.jar;C:\Program Files\Java\jdk1.8.0_111 v1\lib\ext\access-bridge-64.jar;C:\Program Files\Java\jdk1.8.0_111 v1\lib\ext\cldrdata.jar;C:\Program Files\Java\jdk1.8.0_111 v1\lib\ext\dnsns.jar;C:\Program Files\Java\jdk1.8.0_111 v1\lib\ext\jaccess.jar;C:\Program Files\Java\jdk1.8.0_111 v1\lib\ext\jfxrt.jar;C:\Program Files\Java\jdk1.8.0_111 v1\lib\ext\localedata.jar;C:\Program Files\Java\jdk1.8.0_111 v1\lib\ext\nashorn.jar;C:\Program Files\Java\jdk1.8.0_111 v1\lib\ext\sunec.jar;C:\Program Files\Java\jdk1.8.0_111 v1\lib\ext\sunjce_provider.jar;C:\Program Files\Java\jdk1.8.0_111 v1\lib\ext\sunmscapi.jar;C:\Program Files\Java\jdk1.8.0_111 v1\lib\ext\sunpkcs11.jar;C:\Program Files\Java\jdk1.8.0_111 v1\lib\ext\zipfs.jar;C:\eclipse\Projects\ServicioTarjetaGrupoKFC\bin;C:\eclipse\plugins\org.codehaus.groovy_2.6.0.xx-201806070044-e47\lib\groovy-2.6.0-indy.jar;C:\eclipse\plugins\org.codehaus.groovy_2.6.0.xx-201806070044-e47\lib\groovy-test-2.6.0-indy.jar;C:\eclipse\plugins\org.codehaus.groovy_2.6.0.xx-201806070044-e47\lib\ivy-2.4.0.jar;C:\Users\mychael.castro\.groovy\greclipse\global_dsld_support;C:\eclipse\plugins\org.codehaus.groovy_2.6.0.xx-201806070044-e47\plugin_dsld_support\;C:\eclipse\Projects\ServicioTarjetaGrupoKFC\src\sqljdbc4-4.0.jar;C:\eclipse\Projects\ServicioTarjetaGrupoKFC\src\java-json.jar;C:\eclipse\Projects\ServicioTarjetaGrupoKFC\src\RXTXcomm.jar
Launcher Type: SUN_STANDARD

Environment Variables:
JAVA_HOME=C:\Program Files\Java\jdk1.8.0_171 64 bits
PATH=C:/JRE 64 bita/bin/server;C:/JRE 64 bita/bin;C:/JRE 64 bita/lib/amd64;C:\Program Files (x86)\Common Files\Oracle\Java\javapath;C:\ProgramData\Oracle\Java\javapath;C:\WINDOWS\system32;C:\WINDOWS;C:\WINDOWS\System32\Wbem;C:\WINDOWS\System32\WindowsPowerShell\v1.0\;c:\Program Files (x86)\Microsoft SQL Server\110\Tools\Binn\;c:\Program Files (x86)\Microsoft SQL Server\110\DTS\Binn\;c:\Program Files (x86)\Microsoft SQL Server\110\Tools\Binn\ManagementStudio\;C:\Program Files (x86)\GitExtensions\;C:\WINDOWS\system32\config\systemprofile\.dnx\bin;C:\Program Files\Microsoft DNX\Dnvm\;C:\Program Files\Microsoft SQL Server\130\Tools\Binn\;C:\Program Files (x86)\Skype\Phone\;C:\Program Files\Microsoft SQL Server\110\Tools\Binn\;C:\Program Files (x86)\GtkSharp\2.12\bin;C:\Program Files (x86)\QuickTime\QTSystem\;C:\Program Files\nodejs\;C:\xampp\php;C:\ProgramData\ComposerSetup\bin;C:\Program Files\Microsoft SQL Server\120\DTS\Binn\;C:\Program Files\Microsoft SQL Server\Client SDK\ODBC\110\Tools\Binn\;C:\Program Files (x86)\Microsoft SQL Server\120\Tools\Binn\;C:\Program Files\Microsoft SQL Server\120\Tools\Binn\;C:\Program Files (x86)\Microsoft SQL Server\120\Tools\Binn\ManagementStudio\;C:\Program Files (x86)\Microsoft SQL Server\120\DTS\Binn\;C:\grails\bin;C:\Program Files\Java\jdk1.8.0_171 64 bits\bin;C:\Program Files\Git\cmd;C:\Users\mychael.castro\AppData\Local\Microsoft\WindowsApps;C:\Program Files\Microsoft VS Code\bin;C:\Users\mychael.castro\AppData\Roaming\npm;C:\Users\mychael.castro\AppData\Roaming\Composer\vendor\bin;C:\Program Files (x86)\Sophos\Sophos SSL VPN Client\bin;C:\eclipse;
USERNAME=mychael.castro
OS=Windows_NT
PROCESSOR_IDENTIFIER=Intel64 Family 6 Model 78 Stepping 3, GenuineIntel



---------------  S Y S T E M  ---------------

OS: Windows 10.0 , 64 bit Build 16299 (10.0.16299.431)

CPU:total 4 (2 cores per cpu, 2 threads per core) family 6 model 78 stepping 3, cmov, cx8, fxsr, mmx, sse, sse2, sse3, ssse3, sse4.1, sse4.2, popcnt, avx, avx2, aes, clmul, erms, 3dnowpref, lzcnt, ht, tsc, tscinvbit, bmi1, bmi2, adx

Memory: 4k page, physical 8272352k(1715472k free), swap 13253088k(2822280k free)

vm_info: Java HotSpot(TM) 64-Bit Server VM (25.111-b14) for windows-amd64 JRE (1.8.0_111-b14), built on Sep 22 2016 19:24:05 by "java_re" with MS VC++ 10.0 (VS2010)

time: Fri Aug 31 07:58:34 2018
elapsed time: 658 seconds (0d 0h 10m 58s)

