#
# A fatal error has been detected by the Java Runtime Environment:
#
#  EXCEPTION_ACCESS_VIOLATION (0xc0000005) at pc=0x0000000004553edb, pid=9992, tid=0x0000000000003fa8
#
# JRE version: Java(TM) SE Runtime Environment (8.0_111-b14) (build 1.8.0_111-b14)
# Java VM: Java HotSpot(TM) 64-Bit Server VM (25.111-b14 mixed mode windows-amd64 compressed oops)
# Problematic frame:
# v  ~BufferBlob::MethodHandles adapters
#
# Failed to write core dump. Minidumps are not enabled by default on client versions of Windows
#
# If you would like to submit a bug report, please visit:
#   http://bugreport.java.com/bugreport/crash.jsp
#

---------------  T H R E A D  ---------------

Current thread (0x000000001b1f1800):  JavaThread "pool-2-thread-1" [_thread_in_Java, id=16296, stack(0x000000001dc40000,0x000000001dd40000)]

siginfo: ExceptionCode=0xc0000005, reading address 0xffffffffffffffff

Registers:
RAX=0x0000000004458180, RBX=0x0000000082334928, RCX=0x000000001dd3cbe8, RDX=0x0000000000000004
RSP=0x000000001dd3cbd0, RBP=0x000000001dd3cc28, RSI=0x000000001b119268, RDI=0x000000001c52f440
R8 =0x0000000000000006, R9 =0x000000001bfae130, R10=0x00000000c6348f70, R11=0x82335138823354f0
R12=0x0000000000000000, R13=0x000000001dd3cbd0, R14=0x000000001dd3cc58, R15=0x000000001b1f1800
RIP=0x0000000004553edb, EFLAGS=0x0000000000010202

Top of Stack: (sp=0x000000001dd3cbd0)
0x000000001dd3cbd0:   0000000004458180 0000000082156f28
0x000000001dd3cbe0:   000000008224bb18 000000001dd3cbe8
0x000000001dd3cbf0:   0000000018c691ee 000000001dd3cc58
0x000000001dd3cc00:   0000000018c69288 000000001d8601c8
0x000000001dd3cc10:   0000000018c69200 000000001dd3cbd0
0x000000001dd3cc20:   000000001dd3cc60 000000001dd3ccc8
0x000000001dd3cc30:   0000000004458180 0000000082335668
0x000000001dd3cc40:   0000000082334928 0000000082156f28
0x000000001dd3cc50:   000000008224bb18 0000000082335648
0x000000001dd3cc60:   0000000004458180 00000000d64c5a98
0x000000001dd3cc70:   00000000d64abd80 00000000d8063b10
0x000000001dd3cc80:   00000000d6501320 000000001dd3cc88
0x000000001dd3cc90:   0000000018cd55e1 000000001dd3ccf8
0x000000001dd3cca0:   0000000018cd5678 0000000000000000
0x000000001dd3ccb0:   0000000018cd55f0 000000001dd3cc68
0x000000001dd3ccc0:   000000001dd3cce0 000000001dd3cd40 

Instructions: (pc=0x0000000004553edb)
0x0000000004553ebb:   00 66 66 66 90 48 8b 53 08 0f b7 52 2c 48 8b 0c
0x0000000004553ecb:   d4 58 5b 50 44 8b 51 08 49 c1 e2 03 4c 8b 5b 10
0x0000000004553edb:   4b 8b 9c da b8 01 00 00 48 85 db 0f 84 10 00 00
0x0000000004553eeb:   00 41 80 bf 98 03 00 00 00 74 03 ff 63 30 ff 63 


Register to memory mapping:

RAX=0x0000000004458180 is at code_begin+1664 in an Interpreter codelet
invoke return entry points  [0x0000000004457b00, 0x00000000044584e0]  2528 bytes
RBX=0x0000000082334928 is an oop
[Ljava.lang.Object; 
 - klass: 'java/lang/Object'[]
 - length: 3
RCX=0x000000001dd3cbe8 is pointing into the stack for thread: 0x000000001b1f1800
RDX=0x0000000000000004 is an unknown value
RSP=0x000000001dd3cbd0 is pointing into the stack for thread: 0x000000001b1f1800
RBP=0x000000001dd3cc28 is pointing into the stack for thread: 0x000000001b1f1800
RSI=0x000000001b119268 is an unknown value
RDI=0x000000001c52f440 is an unknown value
R8 =0x0000000000000006 is an unknown value
R9 =0x000000001bfae130 is an unknown value
R10=0x00000000c6348f70 is an unallocated location in the heap
R11=0x82335138823354f0 is an unknown value
R12=0x0000000000000000 is an unknown value
R13=0x000000001dd3cbd0 is pointing into the stack for thread: 0x000000001b1f1800
R14=0x000000001dd3cc58 is pointing into the stack for thread: 0x000000001b1f1800
R15=0x000000001b1f1800 is a thread


Stack: [0x000000001dc40000,0x000000001dd40000],  sp=0x000000001dd3cbd0,  free space=1010k
Native frames: (J=compiled Java code, j=interpreted, Vv=VM code, C=native code)
C  0x0000000004553edb


---------------  P R O C E S S  ---------------

Java Threads: ( => current thread )
=>0x000000001b1f1800 JavaThread "pool-2-thread-1" [_thread_in_Java, id=16296, stack(0x000000001dc40000,0x000000001dd40000)]
  0x000000001b111800 JavaThread "Service Thread" daemon [_thread_blocked, id=14276, stack(0x000000001b4b0000,0x000000001b5b0000)]
  0x0000000018faf000 JavaThread "C1 CompilerThread2" daemon [_thread_blocked, id=3864, stack(0x000000001afb0000,0x000000001b0b0000)]
  0x0000000018fab800 JavaThread "C2 CompilerThread1" daemon [_thread_blocked, id=16196, stack(0x000000001aeb0000,0x000000001afb0000)]
  0x0000000018fa6800 JavaThread "C2 CompilerThread0" daemon [_thread_blocked, id=12448, stack(0x000000001adb0000,0x000000001aeb0000)]
  0x0000000018fa5000 JavaThread "JDWP Command Reader" daemon [_thread_in_native, id=4696, stack(0x000000001acb0000,0x000000001adb0000)]
  0x0000000018f98000 JavaThread "JDWP Event Helper Thread" daemon [_thread_blocked, id=11896, stack(0x000000001abb0000,0x000000001acb0000)]
  0x0000000018f89800 JavaThread "JDWP Transport Listener: dt_socket" daemon [_thread_blocked, id=15900, stack(0x000000001a710000,0x000000001a810000)]
  0x0000000018f82000 JavaThread "Attach Listener" daemon [_thread_blocked, id=11388, stack(0x000000001a610000,0x000000001a710000)]
  0x0000000018f81000 JavaThread "Signal Dispatcher" daemon [_thread_blocked, id=3068, stack(0x000000001a510000,0x000000001a610000)]
  0x0000000018f6a800 JavaThread "Finalizer" daemon [_thread_blocked, id=16060, stack(0x000000001a200000,0x000000001a300000)]
  0x0000000018f49000 JavaThread "Reference Handler" daemon [_thread_blocked, id=16244, stack(0x000000001a100000,0x000000001a200000)]
  0x0000000004353800 JavaThread "main" [_thread_blocked, id=14484, stack(0x00000000041a0000,0x00000000042a0000)]

Other Threads:
  0x0000000018f47000 VMThread [stack: 0x000000001a000000,0x000000001a100000] [id=13004]
  0x000000001b121000 WatcherThread [stack: 0x000000001b970000,0x000000001ba70000] [id=2148]

VM state:not at safepoint (normal execution)

VM Mutex/Monitor currently owned by a thread: None

Heap:
 PSYoungGen      total 38400K, used 5022K [0x00000000d5f00000, 0x00000000d8980000, 0x0000000100000000)
  eden space 33280K, 15% used [0x00000000d5f00000,0x00000000d63e7bb0,0x00000000d7f80000)
  from space 5120K, 0% used [0x00000000d8480000,0x00000000d8480000,0x00000000d8980000)
  to   space 5120K, 0% used [0x00000000d7f80000,0x00000000d7f80000,0x00000000d8480000)
 ParOldGen       total 87552K, used 10254K [0x0000000081c00000, 0x0000000087180000, 0x00000000d5f00000)
  object space 87552K, 11% used [0x0000000081c00000,0x0000000082603b10,0x0000000087180000)
 Metaspace       used 16365K, capacity 17498K, committed 17536K, reserved 1064960K
  class space    used 1868K, capacity 2167K, committed 2176K, reserved 1048576K

Card table byte_map: [0x0000000013810000,0x0000000013c10000] byte_map_base: 0x0000000013402000

Marking Bits: (ParMarkBitMap*) 0x00000000756fa6c0
 Begin Bits: [0x00000000142c0000, 0x0000000016250000)
 End Bits:   [0x0000000016250000, 0x00000000181e0000)

Polling page: 0x00000000040d0000

CodeCache: size=245760Kb used=8407Kb max_used=8801Kb free=237352Kb
 bounds [0x0000000004450000, 0x0000000004d10000, 0x0000000013450000]
 total_blobs=2795 nmethods=2381 adapters=334
 compilation: enabled

Compilation events (10 events):
Event: 236.286 Thread 0x0000000018faf000 2681       3       org.codehaus.groovy.runtime.typehandling.DefaultTypeTransformation::castToBoolean (39 bytes)
Event: 236.286 Thread 0x0000000018faf000 nmethod 2681 0x00000000047be6d0 code [0x00000000047be860, 0x00000000047bee48]
Event: 236.286 Thread 0x0000000018faf000 2682       1       groovy.lang.GroovyObjectSupport::getMetaClass (5 bytes)
Event: 236.286 Thread 0x0000000018faf000 nmethod 2682 0x00000000045a18d0 code [0x00000000045a1a20, 0x00000000045a1b30]
Event: 236.287 Thread 0x0000000018faf000 2683       3       java.lang.invoke.LambdaForm$BMH/1722570594::reinvoke (27 bytes)
Event: 236.287 Thread 0x0000000018faf000 nmethod 2683 0x0000000004928490 code [0x0000000004928620, 0x0000000004928bb8]
Event: 239.528 Thread 0x0000000018faf000 2684       3       java.lang.invoke.LambdaForm$MH/76432244::exactInvoker (51 bytes)
Event: 239.528 Thread 0x0000000018faf000 nmethod 2684 0x00000000045c8310 code [0x00000000045c8520, 0x00000000045c9288]
Event: 239.528 Thread 0x0000000018faf000 2685   !   3       java.lang.invoke.LambdaForm$MH/1524960486::guardWithCatch (79 bytes)
Event: 239.529 Thread 0x0000000018faf000 nmethod 2685 0x00000000045bbc50 code [0x00000000045bbe20, 0x00000000045bca28]

GC Heap History (10 events):
Event: 2.631 GC heap before
{Heap before GC invocations=2 (full 0):
 PSYoungGen      total 38400K, used 15233K [0x00000000d5f00000, 0x00000000d8980000, 0x0000000100000000)
  eden space 33280K, 30% used [0x00000000d5f00000,0x00000000d68e6d98,0x00000000d7f80000)
  from space 5120K, 99% used [0x00000000d7f80000,0x00000000d8479a28,0x00000000d8480000)
  to   space 5120K, 0% used [0x00000000d8480000,0x00000000d8480000,0x00000000d8980000)
 ParOldGen       total 87552K, used 2029K [0x0000000081c00000, 0x0000000087180000, 0x00000000d5f00000)
  object space 87552K, 2% used [0x0000000081c00000,0x0000000081dfb560,0x0000000087180000)
 Metaspace       used 13226K, capacity 13774K, committed 13952K, reserved 1060864K
  class space    used 1486K, capacity 1661K, committed 1664K, reserved 1048576K
Event: 2.641 GC heap after
Heap after GC invocations=2 (full 0):
 PSYoungGen      total 38400K, used 5107K [0x00000000d5f00000, 0x00000000d8980000, 0x0000000100000000)
  eden space 33280K, 0% used [0x00000000d5f00000,0x00000000d5f00000,0x00000000d7f80000)
  from space 5120K, 99% used [0x00000000d8480000,0x00000000d897cf80,0x00000000d8980000)
  to   space 5120K, 0% used [0x00000000d7f80000,0x00000000d7f80000,0x00000000d8480000)
 ParOldGen       total 87552K, used 3536K [0x0000000081c00000, 0x0000000087180000, 0x00000000d5f00000)
  object space 87552K, 4% used [0x0000000081c00000,0x0000000081f743d0,0x0000000087180000)
 Metaspace       used 13226K, capacity 13774K, committed 13952K, reserved 1060864K
  class space    used 1486K, capacity 1661K, committed 1664K, reserved 1048576K
}
Event: 2.641 GC heap before
{Heap before GC invocations=3 (full 1):
 PSYoungGen      total 38400K, used 5107K [0x00000000d5f00000, 0x00000000d8980000, 0x0000000100000000)
  eden space 33280K, 0% used [0x00000000d5f00000,0x00000000d5f00000,0x00000000d7f80000)
  from space 5120K, 99% used [0x00000000d8480000,0x00000000d897cf80,0x00000000d8980000)
  to   space 5120K, 0% used [0x00000000d7f80000,0x00000000d7f80000,0x00000000d8480000)
 ParOldGen       total 87552K, used 3536K [0x0000000081c00000, 0x0000000087180000, 0x00000000d5f00000)
  object space 87552K, 4% used [0x0000000081c00000,0x0000000081f743d0,0x0000000087180000)
 Metaspace       used 13226K, capacity 13774K, committed 13952K, reserved 1060864K
  class space    used 1486K, capacity 1661K, committed 1664K, reserved 1048576K
Event: 2.694 GC heap after
Heap after GC invocations=3 (full 1):
 PSYoungGen      total 38400K, used 0K [0x00000000d5f00000, 0x00000000d8980000, 0x0000000100000000)
  eden space 33280K, 0% used [0x00000000d5f00000,0x00000000d5f00000,0x00000000d7f80000)
  from space 5120K, 0% used [0x00000000d8480000,0x00000000d8480000,0x00000000d8980000)
  to   space 5120K, 0% used [0x00000000d7f80000,0x00000000d7f80000,0x00000000d8480000)
 ParOldGen       total 87552K, used 6530K [0x0000000081c00000, 0x0000000087180000, 0x00000000d5f00000)
  object space 87552K, 7% used [0x0000000081c00000,0x0000000082260bd8,0x0000000087180000)
 Metaspace       used 13226K, capacity 13774K, committed 13952K, reserved 1060864K
  class space    used 1486K, capacity 1661K, committed 1664K, reserved 1048576K
}
Event: 105.983 GC heap before
{Heap before GC invocations=4 (full 1):
 PSYoungGen      total 38400K, used 33280K [0x00000000d5f00000, 0x00000000d8980000, 0x0000000100000000)
  eden space 33280K, 100% used [0x00000000d5f00000,0x00000000d7f80000,0x00000000d7f80000)
  from space 5120K, 0% used [0x00000000d8480000,0x00000000d8480000,0x00000000d8980000)
  to   space 5120K, 0% used [0x00000000d7f80000,0x00000000d7f80000,0x00000000d8480000)
 ParOldGen       total 87552K, used 6530K [0x0000000081c00000, 0x0000000087180000, 0x00000000d5f00000)
  object space 87552K, 7% used [0x0000000081c00000,0x0000000082260bd8,0x0000000087180000)
 Metaspace       used 15912K, capacity 17006K, committed 17280K, reserved 1064960K
  class space    used 1818K, capacity 2109K, committed 2176K, reserved 1048576K
Event: 105.991 GC heap after
Heap after GC invocations=4 (full 1):
 PSYoungGen      total 38400K, used 5096K [0x00000000d5f00000, 0x00000000d8980000, 0x0000000100000000)
  eden space 33280K, 0% used [0x00000000d5f00000,0x00000000d5f00000,0x00000000d7f80000)
  from space 5120K, 99% used [0x00000000d7f80000,0x00000000d847a278,0x00000000d8480000)
  to   space 5120K, 0% used [0x00000000d8480000,0x00000000d8480000,0x00000000d8980000)
 ParOldGen       total 87552K, used 6538K [0x0000000081c00000, 0x0000000087180000, 0x00000000d5f00000)
  object space 87552K, 7% used [0x0000000081c00000,0x0000000082262bd8,0x0000000087180000)
 Metaspace       used 15912K, capacity 17006K, committed 17280K, reserved 1064960K
  class space    used 1818K, capacity 2109K, committed 2176K, reserved 1048576K
}
Event: 167.902 GC heap before
{Heap before GC invocations=5 (full 1):
 PSYoungGen      total 38400K, used 12465K [0x00000000d5f00000, 0x00000000d8980000, 0x0000000100000000)
  eden space 33280K, 22% used [0x00000000d5f00000,0x00000000d6632350,0x00000000d7f80000)
  from space 5120K, 99% used [0x00000000d7f80000,0x00000000d847a278,0x00000000d8480000)
  to   space 5120K, 0% used [0x00000000d8480000,0x00000000d8480000,0x00000000d8980000)
 ParOldGen       total 87552K, used 6538K [0x0000000081c00000, 0x0000000087180000, 0x00000000d5f00000)
  object space 87552K, 7% used [0x0000000081c00000,0x0000000082262bd8,0x0000000087180000)
 Metaspace       used 16287K, capacity 17390K, committed 17536K, reserved 1064960K
  class space    used 1866K, capacity 2167K, committed 2176K, reserved 1048576K
Event: 167.909 GC heap after
Heap after GC invocations=5 (full 1):
 PSYoungGen      total 38400K, used 5120K [0x00000000d5f00000, 0x00000000d8980000, 0x0000000100000000)
  eden space 33280K, 0% used [0x00000000d5f00000,0x00000000d5f00000,0x00000000d7f80000)
  from space 5120K, 100% used [0x00000000d8480000,0x00000000d8980000,0x00000000d8980000)
  to   space 5120K, 0% used [0x00000000d7f80000,0x00000000d7f80000,0x00000000d8480000)
 ParOldGen       total 87552K, used 6643K [0x0000000081c00000, 0x0000000087180000, 0x00000000d5f00000)
  object space 87552K, 7% used [0x0000000081c00000,0x000000008227ce90,0x0000000087180000)
 Metaspace       used 16287K, capacity 17390K, committed 17536K, reserved 1064960K
  class space    used 1866K, capacity 2167K, committed 2176K, reserved 1048576K
}
Event: 167.909 GC heap before
{Heap before GC invocations=6 (full 2):
 PSYoungGen      total 38400K, used 5120K [0x00000000d5f00000, 0x00000000d8980000, 0x0000000100000000)
  eden space 33280K, 0% used [0x00000000d5f00000,0x00000000d5f00000,0x00000000d7f80000)
  from space 5120K, 100% used [0x00000000d8480000,0x00000000d8980000,0x00000000d8980000)
  to   space 5120K, 0% used [0x00000000d7f80000,0x00000000d7f80000,0x00000000d8480000)
 ParOldGen       total 87552K, used 6643K [0x0000000081c00000, 0x0000000087180000, 0x00000000d5f00000)
  object space 87552K, 7% used [0x0000000081c00000,0x000000008227ce90,0x0000000087180000)
 Metaspace       used 16287K, capacity 17390K, committed 17536K, reserved 1064960K
  class space    used 1866K, capacity 2167K, committed 2176K, reserved 1048576K
Event: 167.993 GC heap after
Heap after GC invocations=6 (full 2):
 PSYoungGen      total 38400K, used 0K [0x00000000d5f00000, 0x00000000d8980000, 0x0000000100000000)
  eden space 33280K, 0% used [0x00000000d5f00000,0x00000000d5f00000,0x00000000d7f80000)
  from space 5120K, 0% used [0x00000000d8480000,0x00000000d8480000,0x00000000d8980000)
  to   space 5120K, 0% used [0x00000000d7f80000,0x00000000d7f80000,0x00000000d8480000)
 ParOldGen       total 87552K, used 10254K [0x0000000081c00000, 0x0000000087180000, 0x00000000d5f00000)
  object space 87552K, 11% used [0x0000000081c00000,0x0000000082603b10,0x0000000087180000)
 Metaspace       used 16287K, capacity 17390K, committed 17536K, reserved 1064960K
  class space    used 1866K, capacity 2167K, committed 2176K, reserved 1048576K
}

Deoptimization events (10 events):
Event: 106.770 Thread 0x000000001b1f1800 Uncommon trap: reason=class_check action=maybe_recompile pc=0x0000000004677b58 method=sun.misc.URLClassPath.getLoader(I)Lsun/misc/URLClassPath$Loader; @ 94
Event: 106.771 Thread 0x000000001b1f1800 Uncommon trap: reason=class_check action=maybe_recompile pc=0x0000000004675190 method=sun.misc.URLClassPath.getLoader(I)Lsun/misc/URLClassPath$Loader; @ 94
Event: 106.780 Thread 0x000000001b1f1800 Uncommon trap: reason=bimorphic action=maybe_recompile pc=0x0000000004a4c508 method=sun.misc.URLClassPath.getResource(Ljava/lang/String;Z)Lsun/misc/Resource; @ 62
Event: 109.638 Thread 0x000000001b1f1800 Uncommon trap: reason=bimorphic action=maybe_recompile pc=0x0000000004a4c508 method=sun.misc.URLClassPath.getResource(Ljava/lang/String;Z)Lsun/misc/Resource; @ 62
Event: 109.639 Thread 0x000000001b1f1800 Uncommon trap: reason=bimorphic action=maybe_recompile pc=0x0000000004a4c508 method=sun.misc.URLClassPath.getResource(Ljava/lang/String;Z)Lsun/misc/Resource; @ 62
Event: 109.700 Thread 0x000000001b1f1800 Uncommon trap: reason=unstable_if action=reinterpret pc=0x0000000004bb8084 method=java.lang.invoke.MethodHandleImpl.profileBoolean(Z[I)Z @ 1
Event: 110.764 Thread 0x000000001b1f1800 Uncommon trap: reason=unstable_if action=reinterpret pc=0x0000000004aa9dec method=java.util.Properties$LineReader.readLine()I @ 234
Event: 133.161 Thread 0x000000001b1f1800 Uncommon trap: reason=unstable_if action=reinterpret pc=0x0000000004834000 method=java.lang.String.lastIndexOf([CII[CIII)I @ 66
Event: 133.167 Thread 0x000000001b1f1800 Uncommon trap: reason=unstable_if action=reinterpret pc=0x000000000468dbb8 method=java.lang.AbstractStringBuilder.append(Ljava/lang/String;)Ljava/lang/AbstractStringBuilder; @ 1
Event: 166.033 Thread 0x0000000004353800 Uncommon trap: reason=range_check action=none pc=0x000000000476c79c method=sun.reflect.generics.parser.SignatureParser.current()C @ 34

Internal exceptions (10 events):
Event: 173.230 Thread 0x000000001b1f1800 Exception <a 'java/lang/ArrayIndexOutOfBoundsException': 23> (0x00000000d6022ff8) thrown at [C:\re\workspace\8-2-build-windows-amd64-cygwin\jdk8u111\7883\hotspot\src\share\vm\interpreter\interpreterRuntime.cpp, line 366]
Event: 173.235 Thread 0x000000001b1f1800 Exception <a 'java/lang/ArrayIndexOutOfBoundsException': 73> (0x00000000d6024fe8) thrown at [C:\re\workspace\8-2-build-windows-amd64-cygwin\jdk8u111\7883\hotspot\src\share\vm\interpreter\interpreterRuntime.cpp, line 366]
Event: 173.242 Thread 0x000000001b1f1800 Exception <a 'java/lang/ArrayIndexOutOfBoundsException': 24> (0x00000000d6027ab8) thrown at [C:\re\workspace\8-2-build-windows-amd64-cygwin\jdk8u111\7883\hotspot\src\share\vm\interpreter\interpreterRuntime.cpp, line 366]
Event: 173.250 Thread 0x000000001b1f1800 Exception <a 'java/lang/ArrayIndexOutOfBoundsException': 23> (0x00000000d602caf8) thrown at [C:\re\workspace\8-2-build-windows-amd64-cygwin\jdk8u111\7883\hotspot\src\share\vm\interpreter\interpreterRuntime.cpp, line 366]
Event: 209.272 Thread 0x000000001b1f1800 Exception <a 'java/lang/ClassNotFoundException': com/credibanco/tef/controller/IDataManagerBeanInfo> (0x00000000d6170480) thrown at [C:\re\workspace\8-2-build-windows-amd64-cygwin\jdk8u111\7883\hotspot\src\share\vm\classfile\systemDictionary.cpp, line 210
Event: 209.320 Thread 0x000000001b1f1800 Exception <a 'java/lang/ClassNotFoundException': com/credibanco/tef/controller/IDataManagerCustomizer> (0x00000000d622cd58) thrown at [C:\re\workspace\8-2-build-windows-amd64-cygwin\jdk8u111\7883\hotspot\src\share\vm\classfile\systemDictionary.cpp, line 2
Event: 230.345 Thread 0x000000001b1f1800 Exception <a 'java/lang/ClassNotFoundException': com/credibanco/tef/controller/PlainDataManagerBeanInfo> (0x00000000d6307998) thrown at [C:\re\workspace\8-2-build-windows-amd64-cygwin\jdk8u111\7883\hotspot\src\share\vm\classfile\systemDictionary.cpp, line
Event: 230.390 Thread 0x000000001b1f1800 Exception <a 'java/lang/ClassNotFoundException': com/credibanco/tef/controller/AbstractDataManagerBeanInfo> (0x00000000d6321cf8) thrown at [C:\re\workspace\8-2-build-windows-amd64-cygwin\jdk8u111\7883\hotspot\src\share\vm\classfile\systemDictionary.cpp, l
Event: 230.436 Thread 0x000000001b1f1800 Exception <a 'java/lang/ClassNotFoundException': com/credibanco/tef/controller/AbstractDataManagerCustomizer> (0x00000000d633c8d0) thrown at [C:\re\workspace\8-2-build-windows-amd64-cygwin\jdk8u111\7883\hotspot\src\share\vm\classfile\systemDictionary.cpp,
Event: 230.508 Thread 0x000000001b1f1800 Exception <a 'java/lang/ClassNotFoundException': com/credibanco/tef/controller/PlainDataManagerCustomizer> (0x00000000d635fe98) thrown at [C:\re\workspace\8-2-build-windows-amd64-cygwin\jdk8u111\7883\hotspot\src\share\vm\classfile\systemDictionary.cpp, li

Events (10 events):
Event: 245.049 Executing VM operation: ChangeBreakpoints
Event: 245.050 Executing VM operation: ChangeBreakpoints done
Event: 245.053 Executing VM operation: EnterInterpOnlyMode
Event: 245.053 Executing nested VM operation: Deoptimize
Event: 245.053 Executing nested VM operation: Deoptimize done
Event: 245.053 Executing VM operation: EnterInterpOnlyMode done
Event: 245.053 Executing VM operation: GetCurrentLocation
Event: 245.053 Executing VM operation: GetCurrentLocation done
Event: 245.053 Executing VM operation: ChangeSingleStep
Event: 245.053 Executing VM operation: ChangeSingleStep done


Dynamic libraries:
0x00007ff64eee0000 - 0x00007ff64ef17000 	C:\Program Files\Java\jdk1.8.0_111 v1\bin\javaw.exe
0x00007ff8fc130000 - 0x00007ff8fc310000 	C:\WINDOWS\SYSTEM32\ntdll.dll
0x00007ff8fb560000 - 0x00007ff8fb60e000 	C:\WINDOWS\System32\KERNEL32.dll
0x00007ff8f8150000 - 0x00007ff8f828e000 	C:\Windows\system32\hmpalert.dll
0x00007ff8f86d0000 - 0x00007ff8f8936000 	C:\WINDOWS\System32\KERNELBASE.dll
0x00007ff8fc050000 - 0x00007ff8fc0f1000 	C:\WINDOWS\System32\ADVAPI32.dll
0x00007ff8facb0000 - 0x00007ff8fad4d000 	C:\WINDOWS\System32\msvcrt.dll
0x00007ff8fb500000 - 0x00007ff8fb55b000 	C:\WINDOWS\System32\sechost.dll
0x00007ff8fb1d0000 - 0x00007ff8fb2ef000 	C:\WINDOWS\System32\RPCRT4.dll
0x00007ff8fb610000 - 0x00007ff8fb79f000 	C:\WINDOWS\System32\USER32.dll
0x00007ff8f95e0000 - 0x00007ff8f9600000 	C:\WINDOWS\System32\win32u.dll
0x00007ff8fad50000 - 0x00007ff8fad78000 	C:\WINDOWS\System32\GDI32.dll
0x00007ff8f8530000 - 0x00007ff8f86c3000 	C:\WINDOWS\System32\gdi32full.dll
0x00007ff8f9370000 - 0x00007ff8f940b000 	C:\WINDOWS\System32\msvcp_win.dll
0x00007ff8f9410000 - 0x00007ff8f9505000 	C:\WINDOWS\System32\ucrtbase.dll
0x00007ff8e8c10000 - 0x00007ff8e8e79000 	C:\WINDOWS\WinSxS\amd64_microsoft.windows.common-controls_6595b64144ccf1df_6.0.16299.551_none_15c7d58c93659c3c\COMCTL32.dll
0x00007ff8fb840000 - 0x00007ff8fbb47000 	C:\WINDOWS\System32\combase.dll
0x00007ff8f9510000 - 0x00007ff8f9582000 	C:\WINDOWS\System32\bcryptPrimitives.dll
0x00007ff8fad80000 - 0x00007ff8fadad000 	C:\WINDOWS\System32\IMM32.DLL
0x0000000075780000 - 0x0000000075852000 	C:\Program Files\Java\jdk1.8.0_111 v1\bin\msvcr100.dll
0x0000000074ee0000 - 0x000000007577a000 	C:\Program Files\Java\jdk1.8.0_111 v1\bin\server\jvm.dll
0x00007ff8fadb0000 - 0x00007ff8fadb8000 	C:\WINDOWS\System32\PSAPI.DLL
0x00007ff8e6b00000 - 0x00007ff8e6b0a000 	C:\WINDOWS\SYSTEM32\VERSION.dll
0x00007ff8f5150000 - 0x00007ff8f5159000 	C:\WINDOWS\SYSTEM32\WSOCK32.dll
0x00007ff8fbb80000 - 0x00007ff8fbbec000 	C:\WINDOWS\System32\WS2_32.dll
0x00007ff8f3670000 - 0x00007ff8f3693000 	C:\WINDOWS\SYSTEM32\WINMM.dll
0x00007ff8f3f80000 - 0x00007ff8f3faa000 	C:\WINDOWS\SYSTEM32\winmmbase.dll
0x00007ff8f9590000 - 0x00007ff8f95da000 	C:\WINDOWS\System32\cfgmgr32.dll
0x0000000076720000 - 0x000000007672f000 	C:\Program Files\Java\jdk1.8.0_111 v1\bin\verify.dll
0x0000000074eb0000 - 0x0000000074ed9000 	C:\Program Files\Java\jdk1.8.0_111 v1\bin\java.dll
0x0000000074e70000 - 0x0000000074ea5000 	C:\Program Files\Java\jdk1.8.0_111 v1\bin\jdwp.dll
0x0000000076710000 - 0x0000000076718000 	C:\Program Files\Java\jdk1.8.0_111 v1\bin\npt.dll
0x0000000074e50000 - 0x0000000074e66000 	C:\Program Files\Java\jdk1.8.0_111 v1\bin\zip.dll
0x00007ff8f9600000 - 0x00007ff8faa38000 	C:\WINDOWS\System32\SHELL32.dll
0x00007ff8fb040000 - 0x00007ff8fb0e6000 	C:\WINDOWS\System32\shcore.dll
0x00007ff8f8c20000 - 0x00007ff8f9367000 	C:\WINDOWS\System32\windows.storage.dll
0x00007ff8fb440000 - 0x00007ff8fb491000 	C:\WINDOWS\System32\shlwapi.dll
0x00007ff8f84c0000 - 0x00007ff8f84d1000 	C:\WINDOWS\System32\kernel.appcore.dll
0x00007ff8f84e0000 - 0x00007ff8f852c000 	C:\WINDOWS\System32\powrprof.dll
0x00007ff8f8480000 - 0x00007ff8f849b000 	C:\WINDOWS\System32\profapi.dll
0x0000000074e40000 - 0x0000000074e49000 	C:\Program Files\Java\jdk1.8.0_111 v1\bin\dt_socket.dll
0x00007ff8efea0000 - 0x00007ff8efeb6000 	C:\WINDOWS\system32\napinsp.dll
0x00007ff8efe80000 - 0x00007ff8efe9a000 	C:\WINDOWS\system32\pnrpnsp.dll
0x00007ff8f4010000 - 0x00007ff8f4028000 	C:\WINDOWS\system32\NLAapi.dll
0x00007ff8f7bd0000 - 0x00007ff8f7c36000 	C:\WINDOWS\System32\mswsock.dll
0x00007ff8f79b0000 - 0x00007ff8f7a66000 	C:\WINDOWS\SYSTEM32\DNSAPI.dll
0x00007ff8fbbf0000 - 0x00007ff8fbbf8000 	C:\WINDOWS\System32\NSI.dll
0x00007ff8f7960000 - 0x00007ff8f7999000 	C:\WINDOWS\SYSTEM32\IPHLPAPI.DLL
0x00007ff8f0460000 - 0x00007ff8f046e000 	C:\WINDOWS\System32\winrnr.dll
0x0000000051f50000 - 0x0000000051f76000 	C:\Program Files\Bonjour\mdnsNSP.dll
0x00007ff8f0770000 - 0x00007ff8f0785000 	C:\WINDOWS\System32\wshbth.dll
0x00007ff8f5e70000 - 0x00007ff8f5ee0000 	C:\WINDOWS\System32\fwpuclnt.dll
0x00007ff8f7ea0000 - 0x00007ff8f7ec5000 	C:\WINDOWS\SYSTEM32\bcrypt.dll
0x00007ff8f4000000 - 0x00007ff8f400a000 	C:\Windows\System32\rasadhlp.dll
0x0000000074e20000 - 0x0000000074e3a000 	C:\Program Files\Java\jdk1.8.0_111 v1\bin\net.dll
0x00007ff8f7d90000 - 0x00007ff8f7da7000 	C:\WINDOWS\SYSTEM32\CRYPTSP.dll
0x00007ff8f7770000 - 0x00007ff8f77a3000 	C:\WINDOWS\system32\rsaenh.dll
0x00007ff8f83b0000 - 0x00007ff8f83d9000 	C:\WINDOWS\SYSTEM32\USERENV.dll
0x00007ff8f7db0000 - 0x00007ff8f7dbb000 	C:\WINDOWS\SYSTEM32\CRYPTBASE.dll
0x00007ff8f52f0000 - 0x00007ff8f5306000 	C:\WINDOWS\SYSTEM32\dhcpcsvc6.DLL
0x00007ff8f5290000 - 0x00007ff8f52aa000 	C:\WINDOWS\SYSTEM32\dhcpcsvc.DLL
0x0000000074a50000 - 0x0000000074a61000 	C:\Program Files\Java\jdk1.8.0_111 v1\bin\nio.dll
0x0000000074a20000 - 0x0000000074a44000 	C:\Program Files\Java\jdk1.8.0_111 v1\bin\sunec.dll
0x0000000074a10000 - 0x0000000074a1b000 	C:\Program Files\Java\jdk1.8.0_111 v1\bin\sunmscapi.dll
0x00007ff8f8940000 - 0x00007ff8f8b0e000 	C:\WINDOWS\System32\CRYPT32.dll
0x00007ff8f84a0000 - 0x00007ff8f84b2000 	C:\WINDOWS\System32\MSASN1.dll
0x0000000180000000 - 0x0000000180025000 	C:\Program Files\Java\jdk1.8.0_171 64 bits\bin\rxtxSerial.dll
0x00007ff8e1210000 - 0x00007ff8e13d8000 	C:\WINDOWS\SYSTEM32\dbghelp.dll

VM Arguments:
jvm_args: -agentlib:jdwp=transport=dt_socket,suspend=y,address=localhost:53530 -Dfile.encoding=Cp1252 
java_command: com.kfc.Main
java_class_path (initial): C:\Program Files\Java\jdk1.8.0_111 v1\lib\resources.jar;C:\Program Files\Java\jdk1.8.0_111 v1\lib\rt.jar;C:\Program Files\Java\jdk1.8.0_111 v1\lib\jsse.jar;C:\Program Files\Java\jdk1.8.0_111 v1\lib\jce.jar;C:\Program Files\Java\jdk1.8.0_111 v1\lib\charsets.jar;C:\Program Files\Java\jdk1.8.0_111 v1\lib\jfr.jar;C:\Program Files\Java\jdk1.8.0_111 v1\lib\ext\access-bridge-64.jar;C:\Program Files\Java\jdk1.8.0_111 v1\lib\ext\cldrdata.jar;C:\Program Files\Java\jdk1.8.0_111 v1\lib\ext\dnsns.jar;C:\Program Files\Java\jdk1.8.0_111 v1\lib\ext\jaccess.jar;C:\Program Files\Java\jdk1.8.0_111 v1\lib\ext\jfxrt.jar;C:\Program Files\Java\jdk1.8.0_111 v1\lib\ext\localedata.jar;C:\Program Files\Java\jdk1.8.0_111 v1\lib\ext\nashorn.jar;C:\Program Files\Java\jdk1.8.0_111 v1\lib\ext\sunec.jar;C:\Program Files\Java\jdk1.8.0_111 v1\lib\ext\sunjce_provider.jar;C:\Program Files\Java\jdk1.8.0_111 v1\lib\ext\sunmscapi.jar;C:\Program Files\Java\jdk1.8.0_111 v1\lib\ext\sunpkcs11.jar;C:\Program Files\Java\jdk1.8.0_111 v1\lib\ext\zipfs.jar;C:\eclipse\Projects\ServicioTarjetaGrupoKFC\bin;C:\eclipse\plugins\org.codehaus.groovy_2.6.0.xx-201806070044-e47\lib\groovy-2.6.0-indy.jar;C:\eclipse\plugins\org.codehaus.groovy_2.6.0.xx-201806070044-e47\lib\groovy-test-2.6.0-indy.jar;C:\eclipse\plugins\org.codehaus.groovy_2.6.0.xx-201806070044-e47\lib\ivy-2.4.0.jar;C:\Users\mychael.castro\.groovy\greclipse\global_dsld_support;C:\eclipse\plugins\org.codehaus.groovy_2.6.0.xx-201806070044-e47\plugin_dsld_support\;C:\eclipse\Projects\ServicioTarjetaGrupoKFC\src\sqljdbc4-4.0.jar;C:\eclipse\Projects\ServicioTarjetaGrupoKFC\src\java-json.jar;C:\eclipse\Projects\ServicioTarjetaGrupoKFC\src\RXTXcomm.jar
Launcher Type: SUN_STANDARD

Environment Variables:
JAVA_HOME=C:\Program Files\Java\jdk1.8.0_171 64 bits
PATH=C:/JRE 64 bita/bin/server;C:/JRE 64 bita/bin;C:/JRE 64 bita/lib/amd64;C:\Program Files (x86)\Common Files\Oracle\Java\javapath;C:\ProgramData\Oracle\Java\javapath;C:\WINDOWS\system32;C:\WINDOWS;C:\WINDOWS\System32\Wbem;C:\WINDOWS\System32\WindowsPowerShell\v1.0\;c:\Program Files (x86)\Microsoft SQL Server\110\Tools\Binn\;c:\Program Files (x86)\Microsoft SQL Server\110\DTS\Binn\;c:\Program Files (x86)\Microsoft SQL Server\110\Tools\Binn\ManagementStudio\;C:\Program Files (x86)\GitExtensions\;C:\WINDOWS\system32\config\systemprofile\.dnx\bin;C:\Program Files\Microsoft DNX\Dnvm\;C:\Program Files\Microsoft SQL Server\130\Tools\Binn\;C:\Program Files (x86)\Skype\Phone\;C:\Program Files\Microsoft SQL Server\110\Tools\Binn\;C:\Program Files (x86)\GtkSharp\2.12\bin;C:\Program Files (x86)\QuickTime\QTSystem\;C:\Program Files\nodejs\;C:\xampp\php;C:\ProgramData\ComposerSetup\bin;C:\Program Files\Microsoft SQL Server\120\DTS\Binn\;C:\Program Files\Microsoft SQL Server\Client SDK\ODBC\110\Tools\Binn\;C:\Program Files (x86)\Microsoft SQL Server\120\Tools\Binn\;C:\Program Files\Microsoft SQL Server\120\Tools\Binn\;C:\Program Files (x86)\Microsoft SQL Server\120\Tools\Binn\ManagementStudio\;C:\Program Files (x86)\Microsoft SQL Server\120\DTS\Binn\;C:\grails\bin;C:\Program Files\Java\jdk1.8.0_171 64 bits\bin;C:\Program Files\Git\cmd;C:\Users\mychael.castro\AppData\Local\Microsoft\WindowsApps;C:\Program Files\Microsoft VS Code\bin;C:\Users\mychael.castro\AppData\Roaming\npm;C:\Users\mychael.castro\AppData\Roaming\Composer\vendor\bin;C:\Program Files (x86)\Sophos\Sophos SSL VPN Client\bin;C:\eclipse;
USERNAME=mychael.castro
OS=Windows_NT
PROCESSOR_IDENTIFIER=Intel64 Family 6 Model 78 Stepping 3, GenuineIntel



---------------  S Y S T E M  ---------------

OS: Windows 10.0 , 64 bit Build 16299 (10.0.16299.431)

CPU:total 4 (2 cores per cpu, 2 threads per core) family 6 model 78 stepping 3, cmov, cx8, fxsr, mmx, sse, sse2, sse3, ssse3, sse4.1, sse4.2, popcnt, avx, avx2, aes, clmul, erms, 3dnowpref, lzcnt, ht, tsc, tscinvbit, bmi1, bmi2, adx

Memory: 4k page, physical 8272352k(2681564k free), swap 13253088k(4518912k free)

vm_info: Java HotSpot(TM) 64-Bit Server VM (25.111-b14) for windows-amd64 JRE (1.8.0_111-b14), built on Sep 22 2016 19:24:05 by "java_re" with MS VC++ 10.0 (VS2010)

time: Wed Aug 29 09:33:41 2018
elapsed time: 245 seconds (0d 0h 4m 5s)

