#
# A fatal error has been detected by the Java Runtime Environment:
#
#  EXCEPTION_ACCESS_VIOLATION (0xc0000005) at pc=0x000000000456351b, pid=9788, tid=0x0000000000004380
#
# JRE version: Java(TM) SE Runtime Environment (8.0_111-b14) (build 1.8.0_111-b14)
# Java VM: Java HotSpot(TM) 64-Bit Server VM (25.111-b14 mixed mode windows-amd64 compressed oops)
# Problematic frame:
# v  ~BufferBlob::MethodHandles adapters
#
# Failed to write core dump. Minidumps are not enabled by default on client versions of Windows
#
# If you would like to submit a bug report, please visit:
#   http://bugreport.java.com/bugreport/crash.jsp
#

---------------  T H R E A D  ---------------

Current thread (0x000000000414e800):  JavaThread "main" [_thread_in_Java, id=17280, stack(0x0000000004260000,0x0000000004360000)]

siginfo: ExceptionCode=0xc0000005, reading address 0x00000000c64cb110

Registers:
RAX=0x0000000004467e40, RBX=0x00000000d5f02800, RCX=0x000000000435bb00, RDX=0x0000000000000003
RSP=0x000000000435baf0, RBP=0x000000000435bb40, RSI=0x000000001db83128, RDI=0x000000001bdbf580
R8 =0x0000000000000004, R9 =0x0000000004147fc0, R10=0x00000000c64caf58, R11=0x0000000000000000
R12=0x0000000000000000, R13=0x000000000435baf0, R14=0x000000000435bb68, R15=0x000000000414e800
RIP=0x000000000456351b, EFLAGS=0x0000000000010202

Top of Stack: (sp=0x000000000435baf0)
0x000000000435baf0:   0000000004467e40 0000000082397ae8
0x000000000435bb00:   000000000435bb00 0000000018c995eb
0x000000000435bb10:   000000000435bb68 0000000018c99680
0x000000000435bb20:   000000001ef19dc0 0000000018c995f8
0x000000000435bb30:   000000000435baf0 000000000435bb70
0x000000000435bb40:   000000000435bbd0 0000000004467e40
0x000000000435bb50:   00000000d5f78730 00000000d5f02800
0x000000000435bb60:   0000000082397ae8 00000000d5f788d0
0x000000000435bb70:   0000000004467e40 00000000d5f02800
0x000000000435bb80:   0000000082397ae8 00000000d5f788d0
0x000000000435bb90:   000000000435bb90 0000000020e4c25a
0x000000000435bba0:   000000000435bc18 0000000020e4c300
0x000000000435bbb0:   0000000000000000 0000000020e4c278
0x000000000435bbc0:   000000000435bb78 000000000435bc08
0x000000000435bbd0:   000000000435bc60 0000000004468180
0x000000000435bbe0:   0000000000000000 0000000000000000 

Instructions: (pc=0x000000000456351b)
0x00000000045634fb:   00 66 66 66 90 48 8b 53 08 0f b7 52 2c 48 8b 0c
0x000000000456350b:   d4 58 5b 50 44 8b 51 08 49 c1 e2 03 4c 8b 5b 10
0x000000000456351b:   4b 8b 9c da b8 01 00 00 48 85 db 0f 84 10 00 00
0x000000000456352b:   00 41 80 bf 98 03 00 00 00 74 03 ff 63 30 ff 63 


Register to memory mapping:

RAX=0x0000000004467e40 is at code_begin+832 in an Interpreter codelet
invoke return entry points  [0x0000000004467b00, 0x00000000044684e0]  2528 bytes
RBX=0x00000000d5f02800 is an oop
java.lang.String 
 - klass: 'java/lang/String'
RCX=0x000000000435bb00 is pointing into the stack for thread: 0x000000000414e800
RDX=0x0000000000000003 is an unknown value
RSP=0x000000000435baf0 is pointing into the stack for thread: 0x000000000414e800
RBP=0x000000000435bb40 is pointing into the stack for thread: 0x000000000414e800
RSI=0x000000001db83128 is an unknown value
RDI=0x000000001bdbf580 is an unknown value
R8 =0x0000000000000004 is an unknown value
R9 =0x0000000004147fc0 is an unknown value
R10=0x00000000c64caf58 is an unallocated location in the heap
R11=0x0000000000000000 is an unknown value
R12=0x0000000000000000 is an unknown value
R13=0x000000000435baf0 is pointing into the stack for thread: 0x000000000414e800
R14=0x000000000435bb68 is pointing into the stack for thread: 0x000000000414e800
R15=0x000000000414e800 is a thread


Stack: [0x0000000004260000,0x0000000004360000],  sp=0x000000000435baf0,  free space=1006k
Native frames: (J=compiled Java code, j=interpreted, Vv=VM code, C=native code)
C  0x000000000456351b


---------------  P R O C E S S  ---------------

Java Threads: ( => current thread )
  0x000000001e1b1000 JavaThread "TimerQueue" daemon [_thread_blocked, id=18484, stack(0x0000000021070000,0x0000000021170000)]
  0x000000001ccfa000 JavaThread "AWT-Windows" daemon [_thread_in_native, id=15180, stack(0x000000001ef20000,0x000000001f020000)]
  0x000000001ccf8800 JavaThread "Java2D Disposer" daemon [_thread_blocked, id=11752, stack(0x000000001e9c0000,0x000000001eac0000)]
  0x000000001b091000 JavaThread "Service Thread" daemon [_thread_blocked, id=18052, stack(0x000000001b440000,0x000000001b540000)]
  0x0000000018fc1000 JavaThread "C1 CompilerThread2" daemon [_thread_blocked, id=16768, stack(0x000000001af40000,0x000000001b040000)]
  0x0000000018fbc800 JavaThread "C2 CompilerThread1" daemon [_thread_blocked, id=15100, stack(0x000000001ae40000,0x000000001af40000)]
  0x0000000018fb7800 JavaThread "C2 CompilerThread0" daemon [_thread_blocked, id=16204, stack(0x000000001ad40000,0x000000001ae40000)]
  0x0000000018fac800 JavaThread "JDWP Command Reader" daemon [_thread_in_native, id=12956, stack(0x000000001ac40000,0x000000001ad40000)]
  0x0000000018fa9000 JavaThread "JDWP Event Helper Thread" daemon [_thread_blocked, id=19232, stack(0x000000001ab40000,0x000000001ac40000)]
  0x0000000018f9a800 JavaThread "JDWP Transport Listener: dt_socket" daemon [_thread_blocked, id=9316, stack(0x000000001aa40000,0x000000001ab40000)]
  0x0000000018f93000 JavaThread "Attach Listener" daemon [_thread_blocked, id=12864, stack(0x000000001a600000,0x000000001a700000)]
  0x0000000018f92000 JavaThread "Signal Dispatcher" daemon [_thread_blocked, id=14548, stack(0x000000001a500000,0x000000001a600000)]
  0x0000000018f7a800 JavaThread "Finalizer" daemon [_thread_blocked, id=19468, stack(0x000000001a1f0000,0x000000001a2f0000)]
  0x0000000018f59800 JavaThread "Reference Handler" daemon [_thread_blocked, id=14124, stack(0x000000001a0f0000,0x000000001a1f0000)]
=>0x000000000414e800 JavaThread "main" [_thread_in_Java, id=17280, stack(0x0000000004260000,0x0000000004360000)]

Other Threads:
  0x0000000018f57000 VMThread [stack: 0x0000000019ff0000,0x000000001a0f0000] [id=13456]
  0x000000001b0a9800 WatcherThread [stack: 0x000000001b900000,0x000000001ba00000] [id=19312]

VM state:not at safepoint (normal execution)

VM Mutex/Monitor currently owned by a thread: None

Heap:
 PSYoungGen      total 38400K, used 1635K [0x00000000d5f00000, 0x00000000d8980000, 0x0000000100000000)
  eden space 33280K, 4% used [0x00000000d5f00000,0x00000000d6098e08,0x00000000d7f80000)
  from space 5120K, 0% used [0x00000000d8480000,0x00000000d8480000,0x00000000d8980000)
  to   space 5120K, 0% used [0x00000000d7f80000,0x00000000d7f80000,0x00000000d8480000)
 ParOldGen       total 87552K, used 10864K [0x0000000081c00000, 0x0000000087180000, 0x00000000d5f00000)
  object space 87552K, 12% used [0x0000000081c00000,0x000000008269c358,0x0000000087180000)
 Metaspace       used 21101K, capacity 22316K, committed 22656K, reserved 1069056K
  class space    used 2512K, capacity 2819K, committed 2944K, reserved 1048576K

Card table byte_map: [0x0000000013820000,0x0000000013c20000] byte_map_base: 0x0000000013412000

Marking Bits: (ParMarkBitMap*) 0x0000000057eea6c0
 Begin Bits: [0x00000000142d0000, 0x0000000016260000)
 End Bits:   [0x0000000016260000, 0x00000000181f0000)

Polling page: 0x0000000002590000

CodeCache: size=245760Kb used=8486Kb max_used=8862Kb free=237273Kb
 bounds [0x0000000004460000, 0x0000000004d40000, 0x0000000013460000]
 total_blobs=2972 nmethods=2426 adapters=466
 compilation: enabled

Compilation events (10 events):
Event: 201.059 Thread 0x0000000018fb7800 2643       4       java.lang.invoke.MethodType::parameterSlotCount (8 bytes)
Event: 201.059 Thread 0x0000000018fc1000 2644       3       jdk.internal.org.objectweb.asm.MethodWriter::addSuccessor (38 bytes)
Event: 201.060 Thread 0x0000000018fc1000 nmethod 2644 0x00000000047937d0 code [0x0000000004793940, 0x0000000004793bf0]
Event: 201.060 Thread 0x0000000018fb7800 nmethod 2643 0x0000000004d01710 code [0x0000000004d01840, 0x0000000004d018d8]
Event: 201.061 Thread 0x0000000018fbc800 2645       4       sun.invoke.util.Wrapper::forPrimitiveType (49 bytes)
Event: 201.061 Thread 0x0000000018fb7800 2646       4       java.lang.invoke.InvokerBytecodeGenerator::emitPushArgument (120 bytes)
Event: 201.064 Thread 0x0000000018fbc800 nmethod 2645 0x0000000004617bd0 code [0x0000000004617d20, 0x0000000004617f68]
Event: 201.329 Thread 0x0000000018fb7800 nmethod 2646 0x0000000004d27190 code [0x0000000004d27860, 0x0000000004d2f9f8]
Event: 233.366 Thread 0x0000000018fbc800 2647       4       java.util.Collections$UnmodifiableList$1::hasNext (10 bytes)
Event: 233.369 Thread 0x0000000018fbc800 nmethod 2647 0x0000000004586910 code [0x0000000004586a80, 0x0000000004586d18]

GC Heap History (10 events):
Event: 204.253 GC heap before
{Heap before GC invocations=26 (full 12):
 PSYoungGen      total 38400K, used 224K [0x00000000d5f00000, 0x00000000d8980000, 0x0000000100000000)
  eden space 33280K, 0% used [0x00000000d5f00000,0x00000000d5f00000,0x00000000d7f80000)
  from space 5120K, 4% used [0x00000000d8480000,0x00000000d84b8000,0x00000000d8980000)
  to   space 5120K, 0% used [0x00000000d7f80000,0x00000000d7f80000,0x00000000d8480000)
 ParOldGen       total 87552K, used 10820K [0x0000000081c00000, 0x0000000087180000, 0x00000000d5f00000)
  object space 87552K, 12% used [0x0000000081c00000,0x0000000082691110,0x0000000087180000)
 Metaspace       used 21026K, capacity 22250K, committed 22400K, reserved 1069056K
  class space    used 2506K, capacity 2818K, committed 2944K, reserved 1048576K
Event: 204.302 GC heap after
Heap after GC invocations=26 (full 12):
 PSYoungGen      total 38400K, used 0K [0x00000000d5f00000, 0x00000000d8980000, 0x0000000100000000)
  eden space 33280K, 0% used [0x00000000d5f00000,0x00000000d5f00000,0x00000000d7f80000)
  from space 5120K, 0% used [0x00000000d8480000,0x00000000d8480000,0x00000000d8980000)
  to   space 5120K, 0% used [0x00000000d7f80000,0x00000000d7f80000,0x00000000d8480000)
 ParOldGen       total 87552K, used 10868K [0x0000000081c00000, 0x0000000087180000, 0x00000000d5f00000)
  object space 87552K, 12% used [0x0000000081c00000,0x000000008269d188,0x0000000087180000)
 Metaspace       used 21026K, capacity 22250K, committed 22400K, reserved 1069056K
  class space    used 2506K, capacity 2818K, committed 2944K, reserved 1048576K
}
Event: 204.314 GC heap before
{Heap before GC invocations=27 (full 12):
 PSYoungGen      total 38400K, used 636K [0x00000000d5f00000, 0x00000000d8980000, 0x0000000100000000)
  eden space 33280K, 1% used [0x00000000d5f00000,0x00000000d5f9f340,0x00000000d7f80000)
  from space 5120K, 0% used [0x00000000d8480000,0x00000000d8480000,0x00000000d8980000)
  to   space 5120K, 0% used [0x00000000d7f80000,0x00000000d7f80000,0x00000000d8480000)
 ParOldGen       total 87552K, used 10868K [0x0000000081c00000, 0x0000000087180000, 0x00000000d5f00000)
  object space 87552K, 12% used [0x0000000081c00000,0x000000008269d188,0x0000000087180000)
 Metaspace       used 21026K, capacity 22250K, committed 22400K, reserved 1069056K
  class space    used 2506K, capacity 2818K, committed 2944K, reserved 1048576K
Event: 204.315 GC heap after
Heap after GC invocations=27 (full 12):
 PSYoungGen      total 38400K, used 96K [0x00000000d5f00000, 0x00000000d8980000, 0x0000000100000000)
  eden space 33280K, 0% used [0x00000000d5f00000,0x00000000d5f00000,0x00000000d7f80000)
  from space 5120K, 1% used [0x00000000d7f80000,0x00000000d7f98000,0x00000000d8480000)
  to   space 5120K, 0% used [0x00000000d8480000,0x00000000d8480000,0x00000000d8980000)
 ParOldGen       total 87552K, used 10868K [0x0000000081c00000, 0x0000000087180000, 0x00000000d5f00000)
  object space 87552K, 12% used [0x0000000081c00000,0x000000008269d188,0x0000000087180000)
 Metaspace       used 21026K, capacity 22250K, committed 22400K, reserved 1069056K
  class space    used 2506K, capacity 2818K, committed 2944K, reserved 1048576K
}
Event: 204.315 GC heap before
{Heap before GC invocations=28 (full 13):
 PSYoungGen      total 38400K, used 96K [0x00000000d5f00000, 0x00000000d8980000, 0x0000000100000000)
  eden space 33280K, 0% used [0x00000000d5f00000,0x00000000d5f00000,0x00000000d7f80000)
  from space 5120K, 1% used [0x00000000d7f80000,0x00000000d7f98000,0x00000000d8480000)
  to   space 5120K, 0% used [0x00000000d8480000,0x00000000d8480000,0x00000000d8980000)
 ParOldGen       total 87552K, used 10868K [0x0000000081c00000, 0x0000000087180000, 0x00000000d5f00000)
  object space 87552K, 12% used [0x0000000081c00000,0x000000008269d188,0x0000000087180000)
 Metaspace       used 21026K, capacity 22250K, committed 22400K, reserved 1069056K
  class space    used 2506K, capacity 2818K, committed 2944K, reserved 1048576K
Event: 204.339 GC heap after
Heap after GC invocations=28 (full 13):
 PSYoungGen      total 38400K, used 0K [0x00000000d5f00000, 0x00000000d8980000, 0x0000000100000000)
  eden space 33280K, 0% used [0x00000000d5f00000,0x00000000d5f00000,0x00000000d7f80000)
  from space 5120K, 0% used [0x00000000d7f80000,0x00000000d7f80000,0x00000000d8480000)
  to   space 5120K, 0% used [0x00000000d8480000,0x00000000d8480000,0x00000000d8980000)
 ParOldGen       total 87552K, used 10858K [0x0000000081c00000, 0x0000000087180000, 0x00000000d5f00000)
  object space 87552K, 12% used [0x0000000081c00000,0x000000008269aa18,0x0000000087180000)
 Metaspace       used 21026K, capacity 22250K, committed 22400K, reserved 1069056K
  class space    used 2506K, capacity 2818K, committed 2944K, reserved 1048576K
}
Event: 205.198 GC heap before
{Heap before GC invocations=29 (full 13):
 PSYoungGen      total 38400K, used 970K [0x00000000d5f00000, 0x00000000d8980000, 0x0000000100000000)
  eden space 33280K, 2% used [0x00000000d5f00000,0x00000000d5ff2860,0x00000000d7f80000)
  from space 5120K, 0% used [0x00000000d7f80000,0x00000000d7f80000,0x00000000d8480000)
  to   space 5120K, 0% used [0x00000000d8480000,0x00000000d8480000,0x00000000d8980000)
 ParOldGen       total 87552K, used 10858K [0x0000000081c00000, 0x0000000087180000, 0x00000000d5f00000)
  object space 87552K, 12% used [0x0000000081c00000,0x000000008269aa18,0x0000000087180000)
 Metaspace       used 21026K, capacity 22250K, committed 22400K, reserved 1069056K
  class space    used 2506K, capacity 2818K, committed 2944K, reserved 1048576K
Event: 205.200 GC heap after
Heap after GC invocations=29 (full 13):
 PSYoungGen      total 38400K, used 96K [0x00000000d5f00000, 0x00000000d8980000, 0x0000000100000000)
  eden space 33280K, 0% used [0x00000000d5f00000,0x00000000d5f00000,0x00000000d7f80000)
  from space 5120K, 1% used [0x00000000d8480000,0x00000000d8498000,0x00000000d8980000)
  to   space 5120K, 0% used [0x00000000d7f80000,0x00000000d7f80000,0x00000000d8480000)
 ParOldGen       total 87552K, used 10858K [0x0000000081c00000, 0x0000000087180000, 0x00000000d5f00000)
  object space 87552K, 12% used [0x0000000081c00000,0x000000008269aa18,0x0000000087180000)
 Metaspace       used 21026K, capacity 22250K, committed 22400K, reserved 1069056K
  class space    used 2506K, capacity 2818K, committed 2944K, reserved 1048576K
}
Event: 205.200 GC heap before
{Heap before GC invocations=30 (full 14):
 PSYoungGen      total 38400K, used 96K [0x00000000d5f00000, 0x00000000d8980000, 0x0000000100000000)
  eden space 33280K, 0% used [0x00000000d5f00000,0x00000000d5f00000,0x00000000d7f80000)
  from space 5120K, 1% used [0x00000000d8480000,0x00000000d8498000,0x00000000d8980000)
  to   space 5120K, 0% used [0x00000000d7f80000,0x00000000d7f80000,0x00000000d8480000)
 ParOldGen       total 87552K, used 10858K [0x0000000081c00000, 0x0000000087180000, 0x00000000d5f00000)
  object space 87552K, 12% used [0x0000000081c00000,0x000000008269aa18,0x0000000087180000)
 Metaspace       used 21026K, capacity 22250K, committed 22400K, reserved 1069056K
  class space    used 2506K, capacity 2818K, committed 2944K, reserved 1048576K
Event: 205.242 GC heap after
Heap after GC invocations=30 (full 14):
 PSYoungGen      total 38400K, used 0K [0x00000000d5f00000, 0x00000000d8980000, 0x0000000100000000)
  eden space 33280K, 0% used [0x00000000d5f00000,0x00000000d5f00000,0x00000000d7f80000)
  from space 5120K, 0% used [0x00000000d8480000,0x00000000d8480000,0x00000000d8980000)
  to   space 5120K, 0% used [0x00000000d7f80000,0x00000000d7f80000,0x00000000d8480000)
 ParOldGen       total 87552K, used 10864K [0x0000000081c00000, 0x0000000087180000, 0x00000000d5f00000)
  object space 87552K, 12% used [0x0000000081c00000,0x000000008269c358,0x0000000087180000)
 Metaspace       used 21026K, capacity 22250K, committed 22400K, reserved 1069056K
  class space    used 2506K, capacity 2818K, committed 2944K, reserved 1048576K
}

Deoptimization events (10 events):
Event: 14.769 Thread 0x000000000414e800 Uncommon trap: reason=unstable_if action=reinterpret pc=0x00000000047fd600 method=java.lang.String.lastIndexOf([CII[CIII)I @ 66
Event: 14.780 Thread 0x000000000414e800 Uncommon trap: reason=unstable_if action=reinterpret pc=0x0000000004687574 method=java.lang.AbstractStringBuilder.append(Ljava/lang/String;)Ljava/lang/AbstractStringBuilder; @ 1
Event: 14.857 Thread 0x000000000414e800 Uncommon trap: reason=unstable_if action=reinterpret pc=0x0000000004a92f0c method=java.lang.String.substring(I)Ljava/lang/String; @ 35
Event: 14.902 Thread 0x000000000414e800 Uncommon trap: reason=unstable_if action=reinterpret pc=0x0000000004ad56a4 method=java.io.WinNTFileSystem.isLetter(C)Z @ 3
Event: 14.907 Thread 0x000000001ccfa000 Uncommon trap: reason=unstable_if action=reinterpret pc=0x00000000049eacf0 method=sun.invoke.util.VerifyAccess.isSamePackage(Ljava/lang/Class;Ljava/lang/Class;)Z @ 101
Event: 14.954 Thread 0x000000000414e800 Uncommon trap: reason=unstable_if action=reinterpret pc=0x0000000004c8f47c method=java.util.HashMap.hash(Ljava/lang/Object;)I @ 1
Event: 14.954 Thread 0x000000000414e800 Uncommon trap: reason=unstable_if action=reinterpret pc=0x0000000004868470 method=java.util.HashMap.hash(Ljava/lang/Object;)I @ 1
Event: 14.956 Thread 0x000000000414e800 Uncommon trap: reason=unstable_if action=reinterpret pc=0x000000000462f42c method=java.util.HashMap.hash(Ljava/lang/Object;)I @ 1
Event: 15.139 Thread 0x000000000414e800 Uncommon trap: reason=unstable_if action=reinterpret pc=0x0000000004b5e6f4 method=java.lang.ref.SoftReference.get()Ljava/lang/Object; @ 6
Event: 88.700 Thread 0x000000000414e800 Uncommon trap: reason=unstable_if action=reinterpret pc=0x00000000045c33e8 method=java.lang.invoke.MethodHandleImpl$CountingWrapper.countDown()Z @ 4

Internal exceptions (10 events):
Event: 14.902 Thread 0x000000000414e800 Exception <a 'java/io/FileNotFoundException'> (0x00000000d7f17948) thrown at [C:\re\workspace\8-2-build-windows-amd64-cygwin\jdk8u111\7883\hotspot\src\share\vm\prims\jni.cpp, line 709]
Event: 14.954 Thread 0x000000000414e800 Implicit null exception at 0x0000000004c8f1b4 to 0x0000000004c8f46d
Event: 14.954 Thread 0x000000000414e800 Implicit null exception at 0x00000000048683d8 to 0x0000000004868466
Event: 14.956 Thread 0x000000000414e800 Implicit null exception at 0x000000000462f3af to 0x000000000462f41d
Event: 52.986 Thread 0x000000000414e800 Exception <a 'java/lang/ClassNotFoundException': org/json/JSONObjectBeanInfo> (0x00000000d6013b80) thrown at [C:\re\workspace\8-2-build-windows-amd64-cygwin\jdk8u111\7883\hotspot\src\share\vm\classfile\systemDictionary.cpp, line 210]
Event: 53.000 Thread 0x000000000414e800 Exception <a 'java/lang/ClassNotFoundException': org/json/JSONObjectCustomizer> (0x00000000d601a910) thrown at [C:\re\workspace\8-2-build-windows-amd64-cygwin\jdk8u111\7883\hotspot\src\share\vm\classfile\systemDictionary.cpp, line 210]
Event: 53.231 Thread 0x000000000414e800 Exception <a 'java/lang/ClassNotFoundException': org/json/JSONArrayBeanInfo> (0x00000000d606b868) thrown at [C:\re\workspace\8-2-build-windows-amd64-cygwin\jdk8u111\7883\hotspot\src\share\vm\classfile\systemDictionary.cpp, line 210]
Event: 53.243 Thread 0x000000000414e800 Exception <a 'java/lang/ClassNotFoundException': org/json/JSONArrayCustomizer> (0x00000000d6072660) thrown at [C:\re\workspace\8-2-build-windows-amd64-cygwin\jdk8u111\7883\hotspot\src\share\vm\classfile\systemDictionary.cpp, line 210]
Event: 53.517 Thread 0x000000000414e800 Exception <a 'java/lang/ClassNotFoundException': kfc/com/modelo/CatalogoBeanInfo> (0x00000000d60d8ef0) thrown at [C:\re\workspace\8-2-build-windows-amd64-cygwin\jdk8u111\7883\hotspot\src\share\vm\classfile\systemDictionary.cpp, line 210]
Event: 53.529 Thread 0x000000000414e800 Exception <a 'java/lang/ClassNotFoundException': kfc/com/modelo/CatalogoCustomizer> (0x00000000d60e0028) thrown at [C:\re\workspace\8-2-build-windows-amd64-cygwin\jdk8u111\7883\hotspot\src\share\vm\classfile\systemDictionary.cpp, line 210]

Events (10 events):
Event: 249.486 Executing VM operation: ChangeBreakpoints
Event: 249.487 Executing VM operation: ChangeBreakpoints done
Event: 249.491 Executing VM operation: EnterInterpOnlyMode
Event: 249.491 Executing nested VM operation: Deoptimize
Event: 249.492 Executing nested VM operation: Deoptimize done
Event: 249.492 Executing VM operation: EnterInterpOnlyMode done
Event: 249.492 Executing VM operation: GetCurrentLocation
Event: 249.492 Executing VM operation: GetCurrentLocation done
Event: 249.492 Executing VM operation: ChangeSingleStep
Event: 249.492 Executing VM operation: ChangeSingleStep done


Dynamic libraries:
0x00007ff66f280000 - 0x00007ff66f2b7000 	C:\Program Files\Java\jdk1.8.0_111 v1\bin\javaw.exe
0x00007ffbfab50000 - 0x00007ffbfad30000 	C:\WINDOWS\SYSTEM32\ntdll.dll
0x00007ffbf9e10000 - 0x00007ffbf9ebe000 	C:\WINDOWS\System32\KERNEL32.dll
0x00007ffbf6b70000 - 0x00007ffbf6caa000 	C:\Windows\system32\hmpalert.dll
0x00007ffbf7590000 - 0x00007ffbf77f6000 	C:\WINDOWS\System32\KERNELBASE.dll
0x00007ffbfa060000 - 0x00007ffbfa101000 	C:\WINDOWS\System32\ADVAPI32.dll
0x00007ffbfaa20000 - 0x00007ffbfaabd000 	C:\WINDOWS\System32\msvcrt.dll
0x00007ffbf99c0000 - 0x00007ffbf9a1b000 	C:\WINDOWS\System32\sechost.dll
0x00007ffbfa3c0000 - 0x00007ffbfa4df000 	C:\WINDOWS\System32\RPCRT4.dll
0x00007ffbf9460000 - 0x00007ffbf95ef000 	C:\WINDOWS\System32\USER32.dll
0x00007ffbf6f50000 - 0x00007ffbf6f70000 	C:\WINDOWS\System32\win32u.dll
0x00007ffbfa310000 - 0x00007ffbfa338000 	C:\WINDOWS\System32\GDI32.dll
0x00007ffbf6f70000 - 0x00007ffbf7103000 	C:\WINDOWS\System32\gdi32full.dll
0x00007ffbf7110000 - 0x00007ffbf71ab000 	C:\WINDOWS\System32\msvcp_win.dll
0x00007ffbf7380000 - 0x00007ffbf7475000 	C:\WINDOWS\System32\ucrtbase.dll
0x00007ffbea630000 - 0x00007ffbea899000 	C:\WINDOWS\WinSxS\amd64_microsoft.windows.common-controls_6595b64144ccf1df_6.0.16299.551_none_15c7d58c93659c3c\COMCTL32.dll
0x00007ffbf95f0000 - 0x00007ffbf98f7000 	C:\WINDOWS\System32\combase.dll
0x00007ffbf7fa0000 - 0x00007ffbf8012000 	C:\WINDOWS\System32\bcryptPrimitives.dll
0x00007ffbf9ac0000 - 0x00007ffbf9aed000 	C:\WINDOWS\System32\IMM32.DLL
0x00000000591e0000 - 0x00000000592b2000 	C:\Program Files\Java\jdk1.8.0_111 v1\bin\msvcr100.dll
0x00000000576d0000 - 0x0000000057f6a000 	C:\Program Files\Java\jdk1.8.0_111 v1\bin\server\jvm.dll
0x00007ffbfa4e0000 - 0x00007ffbfa4e8000 	C:\WINDOWS\System32\PSAPI.DLL
0x00007ffbf0e00000 - 0x00007ffbf0e23000 	C:\WINDOWS\SYSTEM32\WINMM.dll
0x00007ffbe6c30000 - 0x00007ffbe6c3a000 	C:\WINDOWS\SYSTEM32\VERSION.dll
0x00007ffbf0cc0000 - 0x00007ffbf0cea000 	C:\WINDOWS\SYSTEM32\WINMMBASE.dll
0x00007ffbf7f50000 - 0x00007ffbf7f9a000 	C:\WINDOWS\System32\cfgmgr32.dll
0x00007ffbf4bf0000 - 0x00007ffbf4bf9000 	C:\WINDOWS\SYSTEM32\WSOCK32.dll
0x00007ffbf9c60000 - 0x00007ffbf9ccc000 	C:\WINDOWS\System32\WS2_32.dll
0x000000005a290000 - 0x000000005a29f000 	C:\Program Files\Java\jdk1.8.0_111 v1\bin\verify.dll
0x000000005a260000 - 0x000000005a289000 	C:\Program Files\Java\jdk1.8.0_111 v1\bin\java.dll
0x0000000059860000 - 0x0000000059895000 	C:\Program Files\Java\jdk1.8.0_111 v1\bin\jdwp.dll
0x0000000059ac0000 - 0x0000000059ac8000 	C:\Program Files\Java\jdk1.8.0_111 v1\bin\npt.dll
0x0000000059840000 - 0x0000000059856000 	C:\Program Files\Java\jdk1.8.0_111 v1\bin\zip.dll
0x00007ffbf8020000 - 0x00007ffbf9458000 	C:\WINDOWS\System32\SHELL32.dll
0x00007ffbfa260000 - 0x00007ffbfa306000 	C:\WINDOWS\System32\shcore.dll
0x00007ffbf7800000 - 0x00007ffbf7f47000 	C:\WINDOWS\System32\windows.storage.dll
0x00007ffbf9900000 - 0x00007ffbf9951000 	C:\WINDOWS\System32\shlwapi.dll
0x00007ffbf6f30000 - 0x00007ffbf6f41000 	C:\WINDOWS\System32\kernel.appcore.dll
0x00007ffbf6ec0000 - 0x00007ffbf6f0c000 	C:\WINDOWS\System32\powrprof.dll
0x00007ffbf6f10000 - 0x00007ffbf6f2b000 	C:\WINDOWS\System32\profapi.dll
0x0000000059ab0000 - 0x0000000059ab9000 	C:\Program Files\Java\jdk1.8.0_111 v1\bin\dt_socket.dll
0x00007ffbe2b70000 - 0x00007ffbe2b86000 	C:\WINDOWS\system32\napinsp.dll
0x00007ffbe2980000 - 0x00007ffbe299a000 	C:\WINDOWS\system32\pnrpnsp.dll
0x00007ffbf2140000 - 0x00007ffbf2158000 	C:\WINDOWS\system32\NLAapi.dll
0x00007ffbf6590000 - 0x00007ffbf65f6000 	C:\WINDOWS\System32\mswsock.dll
0x00007ffbf6370000 - 0x00007ffbf6426000 	C:\WINDOWS\SYSTEM32\DNSAPI.dll
0x00007ffbf9cf0000 - 0x00007ffbf9cf8000 	C:\WINDOWS\System32\NSI.dll
0x00007ffbf6320000 - 0x00007ffbf6359000 	C:\WINDOWS\SYSTEM32\IPHLPAPI.DLL
0x00007ffbe2ac0000 - 0x00007ffbe2ace000 	C:\WINDOWS\System32\winrnr.dll
0x000000005a420000 - 0x000000005a446000 	C:\Program Files\Bonjour\mdnsNSP.dll
0x00007ffbf0e30000 - 0x00007ffbf0e45000 	C:\WINDOWS\System32\wshbth.dll
0x00007ffbf4110000 - 0x00007ffbf4180000 	C:\WINDOWS\System32\fwpuclnt.dll
0x00007ffbf68c0000 - 0x00007ffbf68e5000 	C:\WINDOWS\SYSTEM32\bcrypt.dll
0x00007ffbe7940000 - 0x00007ffbe794a000 	C:\Windows\System32\rasadhlp.dll
0x0000000059820000 - 0x000000005983a000 	C:\Program Files\Java\jdk1.8.0_111 v1\bin\net.dll
0x00007ffbf6750000 - 0x00007ffbf6767000 	C:\WINDOWS\SYSTEM32\CRYPTSP.dll
0x00007ffbf6190000 - 0x00007ffbf61c3000 	C:\WINDOWS\system32\rsaenh.dll
0x00007ffbf6da0000 - 0x00007ffbf6dc9000 	C:\WINDOWS\SYSTEM32\USERENV.dll
0x00007ffbf6770000 - 0x00007ffbf677b000 	C:\WINDOWS\SYSTEM32\CRYPTBASE.dll
0x00007ffbf4920000 - 0x00007ffbf4936000 	C:\WINDOWS\SYSTEM32\dhcpcsvc6.DLL
0x00007ffbf48e0000 - 0x00007ffbf48fa000 	C:\WINDOWS\SYSTEM32\dhcpcsvc.DLL
0x0000000059760000 - 0x0000000059771000 	C:\Program Files\Java\jdk1.8.0_111 v1\bin\nio.dll
0x0000000059730000 - 0x0000000059754000 	C:\Program Files\Java\jdk1.8.0_111 v1\bin\sunec.dll
0x0000000059810000 - 0x000000005981b000 	C:\Program Files\Java\jdk1.8.0_111 v1\bin\sunmscapi.dll
0x00007ffbf71b0000 - 0x00007ffbf737e000 	C:\WINDOWS\System32\CRYPT32.dll
0x00007ffbf6ea0000 - 0x00007ffbf6eb2000 	C:\WINDOWS\System32\MSASN1.dll
0x0000000180000000 - 0x0000000180025000 	C:\Program Files\Java\jdk1.8.0_171 64 bits\bin\rxtxSerial.dll
0x0000000058a00000 - 0x0000000058b98000 	C:\Program Files\Java\jdk1.8.0_111 v1\bin\awt.dll
0x00007ffbfa4f0000 - 0x00007ffbfa5b5000 	C:\WINDOWS\System32\OLEAUT32.dll
0x00007ffbf2f70000 - 0x00007ffbf2ff8000 	C:\WINDOWS\SYSTEM32\apphelp.dll
0x00007ffbf5130000 - 0x00007ffbf515a000 	C:\WINDOWS\system32\DWMAPI.DLL
0x00007ffbf4f60000 - 0x00007ffbf4ff5000 	C:\WINDOWS\system32\uxtheme.dll
0x00007ffbf9af0000 - 0x00007ffbf9c57000 	C:\WINDOWS\System32\MSCTF.dll
0x00007ffbfa110000 - 0x00007ffbfa259000 	C:\WINDOWS\System32\ole32.dll
0x00000000589b0000 - 0x00000000589f7000 	C:\Program Files\Java\jdk1.8.0_111 v1\bin\fontmanager.dll
0x0000000058960000 - 0x00000000589a2000 	C:\Program Files\Java\jdk1.8.0_111 v1\bin\t2k.dll
0x00007ffbe10b0000 - 0x00007ffbe1278000 	C:\WINDOWS\SYSTEM32\dbghelp.dll

VM Arguments:
jvm_args: -agentlib:jdwp=transport=dt_socket,suspend=y,address=localhost:52252 -Dfile.encoding=Cp1252 
java_command: com.kfc.Main
java_class_path (initial): C:\Program Files\Java\jdk1.8.0_111 v1\lib\resources.jar;C:\Program Files\Java\jdk1.8.0_111 v1\lib\rt.jar;C:\Program Files\Java\jdk1.8.0_111 v1\lib\jsse.jar;C:\Program Files\Java\jdk1.8.0_111 v1\lib\jce.jar;C:\Program Files\Java\jdk1.8.0_111 v1\lib\charsets.jar;C:\Program Files\Java\jdk1.8.0_111 v1\lib\jfr.jar;C:\Program Files\Java\jdk1.8.0_111 v1\lib\ext\access-bridge-64.jar;C:\Program Files\Java\jdk1.8.0_111 v1\lib\ext\cldrdata.jar;C:\Program Files\Java\jdk1.8.0_111 v1\lib\ext\dnsns.jar;C:\Program Files\Java\jdk1.8.0_111 v1\lib\ext\jaccess.jar;C:\Program Files\Java\jdk1.8.0_111 v1\lib\ext\jfxrt.jar;C:\Program Files\Java\jdk1.8.0_111 v1\lib\ext\localedata.jar;C:\Program Files\Java\jdk1.8.0_111 v1\lib\ext\nashorn.jar;C:\Program Files\Java\jdk1.8.0_111 v1\lib\ext\sunec.jar;C:\Program Files\Java\jdk1.8.0_111 v1\lib\ext\sunjce_provider.jar;C:\Program Files\Java\jdk1.8.0_111 v1\lib\ext\sunmscapi.jar;C:\Program Files\Java\jdk1.8.0_111 v1\lib\ext\sunpkcs11.jar;C:\Program Files\Java\jdk1.8.0_111 v1\lib\ext\zipfs.jar;C:\eclipse\Projects\ServicioTarjetaGrupoKFC\bin;C:\eclipse\plugins\org.codehaus.groovy_2.6.0.xx-201806070044-e47\lib\groovy-2.6.0-indy.jar;C:\eclipse\plugins\org.codehaus.groovy_2.6.0.xx-201806070044-e47\lib\groovy-test-2.6.0-indy.jar;C:\eclipse\plugins\org.codehaus.groovy_2.6.0.xx-201806070044-e47\lib\ivy-2.4.0.jar;C:\Users\mychael.castro\.groovy\greclipse\global_dsld_support;C:\eclipse\plugins\org.codehaus.groovy_2.6.0.xx-201806070044-e47\plugin_dsld_support\;C:\eclipse\Projects\ServicioTarjetaGrupoKFC\src\sqljdbc4-4.0.jar;C:\eclipse\Projects\ServicioTarjetaGrupoKFC\src\java-json.jar
Launcher Type: SUN_STANDARD

Environment Variables:
JAVA_HOME=C:\Program Files\Java\jdk1.8.0_171 64 bits
PATH=C:/JRE 64 bita/bin/server;C:/JRE 64 bita/bin;C:/JRE 64 bita/lib/amd64;C:\Program Files (x86)\Common Files\Oracle\Java\javapath;C:\ProgramData\Oracle\Java\javapath;C:\WINDOWS\system32;C:\WINDOWS;C:\WINDOWS\System32\Wbem;C:\WINDOWS\System32\WindowsPowerShell\v1.0\;c:\Program Files (x86)\Microsoft SQL Server\110\Tools\Binn\;c:\Program Files (x86)\Microsoft SQL Server\110\DTS\Binn\;c:\Program Files (x86)\Microsoft SQL Server\110\Tools\Binn\ManagementStudio\;C:\Program Files (x86)\GitExtensions\;C:\Program Files\Git\cmd;C:\WINDOWS\system32\config\systemprofile\.dnx\bin;C:\Program Files\Microsoft DNX\Dnvm\;C:\Program Files\Microsoft SQL Server\130\Tools\Binn\;C:\Program Files (x86)\Skype\Phone\;C:\Program Files\Microsoft SQL Server\110\Tools\Binn\;C:\Program Files (x86)\GtkSharp\2.12\bin;C:\Program Files (x86)\QuickTime\QTSystem\;C:\Program Files\nodejs\;C:\xampp\php;C:\ProgramData\ComposerSetup\bin;C:\Program Files\Microsoft SQL Server\120\DTS\Binn\;C:\Program Files\Microsoft SQL Server\Client SDK\ODBC\110\Tools\Binn\;C:\Program Files (x86)\Microsoft SQL Server\120\Tools\Binn\;C:\Program Files\Microsoft SQL Server\120\Tools\Binn\;C:\Program Files (x86)\Microsoft SQL Server\120\Tools\Binn\ManagementStudio\;C:\Program Files (x86)\Microsoft SQL Server\120\DTS\Binn\;C:\grails\bin;C:\Program Files\Java\jdk1.8.0_171 64 bits\bin;C:\Users\mychael.castro\AppData\Local\Microsoft\WindowsApps;C:\Program Files\Microsoft VS Code\bin;C:\Users\mychael.castro\AppData\Roaming\npm;C:\Users\mychael.castro\AppData\Roaming\Composer\vendor\bin;C:\Program Files (x86)\Sophos\Sophos SSL VPN Client\bin;C:\eclipse;
USERNAME=mychael.castro
OS=Windows_NT
PROCESSOR_IDENTIFIER=Intel64 Family 6 Model 78 Stepping 3, GenuineIntel



---------------  S Y S T E M  ---------------

OS: Windows 10.0 , 64 bit Build 16299 (10.0.16299.431)

CPU:total 4 (2 cores per cpu, 2 threads per core) family 6 model 78 stepping 3, cmov, cx8, fxsr, mmx, sse, sse2, sse3, ssse3, sse4.1, sse4.2, popcnt, avx, avx2, aes, clmul, erms, 3dnowpref, lzcnt, ht, tsc, tscinvbit, bmi1, bmi2, adx

Memory: 4k page, physical 8272352k(1628344k free), swap 13777376k(4774668k free)

vm_info: Java HotSpot(TM) 64-Bit Server VM (25.111-b14) for windows-amd64 JRE (1.8.0_111-b14), built on Sep 22 2016 19:24:05 by "java_re" with MS VC++ 10.0 (VS2010)

time: Thu Aug 09 13:39:04 2018
elapsed time: 249 seconds (0d 0h 4m 9s)

