#
# A fatal error has been detected by the Java Runtime Environment:
#
#  EXCEPTION_ACCESS_VIOLATION (0xc0000005) at pc=0x0000000004df341b, pid=16224, tid=0x0000000000003d4c
#
# JRE version: Java(TM) SE Runtime Environment (8.0_111-b14) (build 1.8.0_111-b14)
# Java VM: Java HotSpot(TM) 64-Bit Server VM (25.111-b14 mixed mode windows-amd64 compressed oops)
# Problematic frame:
# v  ~BufferBlob::MethodHandles adapters
#
# Failed to write core dump. Minidumps are not enabled by default on client versions of Windows
#
# If you would like to submit a bug report, please visit:
#   http://bugreport.java.com/bugreport/crash.jsp
#

---------------  T H R E A D  ---------------

Current thread (0x0000000004ace800):  JavaThread "main" [_thread_in_Java, id=15692, stack(0x0000000004ad0000,0x0000000004bd0000)]

siginfo: ExceptionCode=0xc0000005, reading address 0xffffffffffffffff

Registers:
RAX=0x0000000004cf8180, RBX=0x00000000d6fe1620, RCX=0x0000000004bcd748, RDX=0x0000000000000002
RSP=0x0000000004bcd740, RBP=0x0000000004bcd788, RSI=0x000000001d2f53c8, RDI=0x000000001bb3a080
R8 =0x0000000000000004, R9 =0x0000000004ac8590, R10=0x00000000c9646f50, R11=0xd7151e98d714f048
R12=0x0000000000000000, R13=0x0000000004bcd740, R14=0x0000000004bcd7a8, R15=0x0000000004ace800
RIP=0x0000000004df341b, EFLAGS=0x0000000000010206

Top of Stack: (sp=0x0000000004bcd740)
0x0000000004bcd740:   0000000004cf8180 0000000004bcd748
0x0000000004bcd750:   00000000192c8dea 0000000004bcd7a8
0x0000000004bcd760:   00000000192c8e80 000000001e35d1c8
0x0000000004bcd770:   00000000192c8df8 0000000004bcd740
0x0000000004bcd780:   0000000004bcd7b0 0000000004bcd808
0x0000000004bcd790:   0000000004cf8180 00000000d7315538
0x0000000004bcd7a0:   00000000d6fe1620 00000000d73156d0
0x0000000004bcd7b0:   0000000004cf8180 00000000d6fe1620
0x0000000004bcd7c0:   00000000d73156d0 0000000004bcd7c8
0x0000000004bcd7d0:   00000000192c9ddd 0000000004bcd828
0x0000000004bcd7e0:   00000000192c9e78 0000000000000000
0x0000000004bcd7f0:   00000000192c9df0 0000000004bcd7b8
0x0000000004bcd800:   0000000004bcd820 0000000004bcd870
0x0000000004bcd810:   0000000004cf8180 00000000d73156d0
0x0000000004bcd820:   00000000d6fe1620 00000000d7315770
0x0000000004bcd830:   0000000004bcd830 0000000019559ebe 

Instructions: (pc=0x0000000004df341b)
0x0000000004df33fb:   00 66 66 66 90 48 8b 53 08 0f b7 52 2c 48 8b 0c
0x0000000004df340b:   d4 58 5b 50 44 8b 51 08 49 c1 e2 03 4c 8b 5b 10
0x0000000004df341b:   4b 8b 9c da b8 01 00 00 48 85 db 0f 84 10 00 00
0x0000000004df342b:   00 41 80 bf 98 03 00 00 00 74 03 ff 63 30 ff 63 


Register to memory mapping:

RAX=0x0000000004cf8180 is at code_begin+1664 in an Interpreter codelet
invoke return entry points  [0x0000000004cf7b00, 0x0000000004cf84e0]  2528 bytes
RBX=0x00000000d6fe1620 is an oop
kfc.com.modelo.RequerimientoAutorizacion 
 - klass: 'kfc/com/modelo/RequerimientoAutorizacion'
RCX=0x0000000004bcd748 is pointing into the stack for thread: 0x0000000004ace800
RDX=0x0000000000000002 is an unknown value
RSP=0x0000000004bcd740 is pointing into the stack for thread: 0x0000000004ace800
RBP=0x0000000004bcd788 is pointing into the stack for thread: 0x0000000004ace800
RSI=0x000000001d2f53c8 is an unknown value
RDI=0x000000001bb3a080 is an unknown value
R8 =0x0000000000000004 is an unknown value
R9 =0x0000000004ac8590 is an unknown value
R10=0x00000000c9646f50 is an unallocated location in the heap
R11=0xd7151e98d714f048 is an unknown value
R12=0x0000000000000000 is an unknown value
R13=0x0000000004bcd740 is pointing into the stack for thread: 0x0000000004ace800
R14=0x0000000004bcd7a8 is pointing into the stack for thread: 0x0000000004ace800
R15=0x0000000004ace800 is a thread


Stack: [0x0000000004ad0000,0x0000000004bd0000],  sp=0x0000000004bcd740,  free space=1013k
Native frames: (J=compiled Java code, j=interpreted, Vv=VM code, C=native code)
C  0x0000000004df341b


---------------  P R O C E S S  ---------------

Java Threads: ( => current thread )
  0x00000000198ae800 JavaThread "Service Thread" daemon [_thread_blocked, id=2336, stack(0x000000001be10000,0x000000001bf10000)]
  0x0000000019881000 JavaThread "C1 CompilerThread2" daemon [_thread_blocked, id=14964, stack(0x000000001b910000,0x000000001ba10000)]
  0x000000001987f000 JavaThread "C2 CompilerThread1" daemon [_thread_blocked, id=3848, stack(0x000000001b810000,0x000000001b910000)]
  0x000000001987e000 JavaThread "C2 CompilerThread0" daemon [_thread_blocked, id=14104, stack(0x000000001b710000,0x000000001b810000)]
  0x000000001986b800 JavaThread "JDWP Command Reader" daemon [_thread_in_native, id=15040, stack(0x000000001b610000,0x000000001b710000)]
  0x0000000019868000 JavaThread "JDWP Event Helper Thread" daemon [_thread_blocked, id=4156, stack(0x000000001b510000,0x000000001b610000)]
  0x0000000019858000 JavaThread "JDWP Transport Listener: dt_socket" daemon [_thread_blocked, id=6664, stack(0x000000001aff0000,0x000000001b0f0000)]
  0x0000000019851000 JavaThread "Attach Listener" daemon [_thread_blocked, id=13440, stack(0x000000001aee0000,0x000000001afe0000)]
  0x0000000019850000 JavaThread "Signal Dispatcher" daemon [_thread_blocked, id=15576, stack(0x000000001ade0000,0x000000001aee0000)]
  0x000000001983a800 JavaThread "Finalizer" daemon [_thread_blocked, id=15400, stack(0x000000001aac0000,0x000000001abc0000)]
  0x0000000004cd3000 JavaThread "Reference Handler" daemon [_thread_blocked, id=5528, stack(0x000000001a9c0000,0x000000001aac0000)]
=>0x0000000004ace800 JavaThread "main" [_thread_in_Java, id=15692, stack(0x0000000004ad0000,0x0000000004bd0000)]

Other Threads:
  0x0000000019817800 VMThread [stack: 0x000000001a8c0000,0x000000001a9c0000] [id=12652]
  0x000000001ba68000 WatcherThread [stack: 0x000000001c2d0000,0x000000001c3d0000] [id=13424]

VM state:not at safepoint (normal execution)

VM Mutex/Monitor currently owned by a thread: None

Heap:
 PSYoungGen      total 38400K, used 20906K [0x00000000d5f00000, 0x00000000d8980000, 0x0000000100000000)
  eden space 33280K, 62% used [0x00000000d5f00000,0x00000000d736a8f8,0x00000000d7f80000)
  from space 5120K, 0% used [0x00000000d8480000,0x00000000d8480000,0x00000000d8980000)
  to   space 5120K, 0% used [0x00000000d7f80000,0x00000000d7f80000,0x00000000d8480000)
 ParOldGen       total 87552K, used 6293K [0x0000000081c00000, 0x0000000087180000, 0x00000000d5f00000)
  object space 87552K, 7% used [0x0000000081c00000,0x0000000082225460,0x0000000087180000)
 Metaspace       used 15103K, capacity 15928K, committed 16128K, reserved 1062912K
  class space    used 1726K, capacity 1976K, committed 2048K, reserved 1048576K

Card table byte_map: [0x00000000140b0000,0x00000000144b0000] byte_map_base: 0x0000000013ca2000

Marking Bits: (ParMarkBitMap*) 0x0000000058dea6c0
 Begin Bits: [0x0000000014b60000, 0x0000000016af0000)
 End Bits:   [0x0000000016af0000, 0x0000000018a80000)

Polling page: 0x0000000002fe0000

CodeCache: size=245760Kb used=7272Kb max_used=7330Kb free=238487Kb
 bounds [0x0000000004cf0000, 0x0000000005420000, 0x0000000013cf0000]
 total_blobs=2477 nmethods=2067 adapters=330
 compilation: enabled

Compilation events (10 events):
Event: 5.301 Thread 0x0000000019881000 2065       3       java.lang.invoke.LambdaForm$MH/1564984895::linkToCallSite (14 bytes)
Event: 5.302 Thread 0x0000000019881000 nmethod 2065 0x00000000053f2b50 code [0x00000000053f2ce0, 0x00000000053f3368]
Event: 5.302 Thread 0x0000000019881000 2061       1       com.microsoft.sqlserver.jdbc.SQLServerResultSet::getClassNameLogging (5 bytes)
Event: 5.302 Thread 0x0000000019881000 nmethod 2061 0x00000000053e9e90 code [0x00000000053e9fe0, 0x00000000053ea0f0]
Event: 5.302 Thread 0x0000000019881000 2067       3       java.lang.invoke.LambdaForm$MH/1176968662::identity_I (14 bytes)
Event: 5.302 Thread 0x0000000019881000 nmethod 2067 0x00000000053e9a90 code [0x00000000053e9be0, 0x00000000053e9d70]
Event: 5.306 Thread 0x000000001987e000 nmethod 2057 0x00000000053f66d0 code [0x00000000053f6840, 0x00000000053f6df8]
Event: 5.306 Thread 0x000000001987e000 2066       4       java.lang.invoke.MethodTypeForm::unpack (30 bytes)
Event: 5.307 Thread 0x000000001987e000 nmethod 2066 0x00000000053f3890 code [0x00000000053f39c0, 0x00000000053f3a18]
Event: 5.722 Thread 0x000000001987f000 nmethod 1966 0x0000000005404510 code [0x0000000005404d80, 0x0000000005410640]

GC Heap History (6 events):
Event: 1.494 GC heap before
{Heap before GC invocations=1 (full 0):
 PSYoungGen      total 38400K, used 33280K [0x00000000d5f00000, 0x00000000d8980000, 0x0000000100000000)
  eden space 33280K, 100% used [0x00000000d5f00000,0x00000000d7f80000,0x00000000d7f80000)
  from space 5120K, 0% used [0x00000000d8480000,0x00000000d8480000,0x00000000d8980000)
  to   space 5120K, 0% used [0x00000000d7f80000,0x00000000d7f80000,0x00000000d8480000)
 ParOldGen       total 87552K, used 0K [0x0000000081c00000, 0x0000000087180000, 0x00000000d5f00000)
  object space 87552K, 0% used [0x0000000081c00000,0x0000000081c00000,0x0000000087180000)
 Metaspace       used 11949K, capacity 12420K, committed 12544K, reserved 1060864K
  class space    used 1369K, capacity 1488K, committed 1536K, reserved 1048576K
Event: 1.502 GC heap after
Heap after GC invocations=1 (full 0):
 PSYoungGen      total 38400K, used 5096K [0x00000000d5f00000, 0x00000000d8980000, 0x0000000100000000)
  eden space 33280K, 0% used [0x00000000d5f00000,0x00000000d5f00000,0x00000000d7f80000)
  from space 5120K, 99% used [0x00000000d7f80000,0x00000000d847a158,0x00000000d8480000)
  to   space 5120K, 0% used [0x00000000d8480000,0x00000000d8480000,0x00000000d8980000)
 ParOldGen       total 87552K, used 2002K [0x0000000081c00000, 0x0000000087180000, 0x00000000d5f00000)
  object space 87552K, 2% used [0x0000000081c00000,0x0000000081df4b58,0x0000000087180000)
 Metaspace       used 11949K, capacity 12420K, committed 12544K, reserved 1060864K
  class space    used 1369K, capacity 1488K, committed 1536K, reserved 1048576K
}
Event: 1.671 GC heap before
{Heap before GC invocations=2 (full 0):
 PSYoungGen      total 38400K, used 14110K [0x00000000d5f00000, 0x00000000d8980000, 0x0000000100000000)
  eden space 33280K, 27% used [0x00000000d5f00000,0x00000000d67cd840,0x00000000d7f80000)
  from space 5120K, 99% used [0x00000000d7f80000,0x00000000d847a158,0x00000000d8480000)
  to   space 5120K, 0% used [0x00000000d8480000,0x00000000d8480000,0x00000000d8980000)
 ParOldGen       total 87552K, used 2002K [0x0000000081c00000, 0x0000000087180000, 0x00000000d5f00000)
  object space 87552K, 2% used [0x0000000081c00000,0x0000000081df4b58,0x0000000087180000)
 Metaspace       used 13123K, capacity 13642K, committed 13952K, reserved 1060864K
  class space    used 1483K, capacity 1661K, committed 1664K, reserved 1048576K
Event: 1.679 GC heap after
Heap after GC invocations=2 (full 0):
 PSYoungGen      total 38400K, used 5115K [0x00000000d5f00000, 0x00000000d8980000, 0x0000000100000000)
  eden space 33280K, 0% used [0x00000000d5f00000,0x00000000d5f00000,0x00000000d7f80000)
  from space 5120K, 99% used [0x00000000d8480000,0x00000000d897ecf8,0x00000000d8980000)
  to   space 5120K, 0% used [0x00000000d7f80000,0x00000000d7f80000,0x00000000d8480000)
 ParOldGen       total 87552K, used 3259K [0x0000000081c00000, 0x0000000087180000, 0x00000000d5f00000)
  object space 87552K, 3% used [0x0000000081c00000,0x0000000081f2ed20,0x0000000087180000)
 Metaspace       used 13123K, capacity 13642K, committed 13952K, reserved 1060864K
  class space    used 1483K, capacity 1661K, committed 1664K, reserved 1048576K
}
Event: 1.679 GC heap before
{Heap before GC invocations=3 (full 1):
 PSYoungGen      total 38400K, used 5115K [0x00000000d5f00000, 0x00000000d8980000, 0x0000000100000000)
  eden space 33280K, 0% used [0x00000000d5f00000,0x00000000d5f00000,0x00000000d7f80000)
  from space 5120K, 99% used [0x00000000d8480000,0x00000000d897ecf8,0x00000000d8980000)
  to   space 5120K, 0% used [0x00000000d7f80000,0x00000000d7f80000,0x00000000d8480000)
 ParOldGen       total 87552K, used 3259K [0x0000000081c00000, 0x0000000087180000, 0x00000000d5f00000)
  object space 87552K, 3% used [0x0000000081c00000,0x0000000081f2ed20,0x0000000087180000)
 Metaspace       used 13123K, capacity 13642K, committed 13952K, reserved 1060864K
  class space    used 1483K, capacity 1661K, committed 1664K, reserved 1048576K
Event: 1.715 GC heap after
Heap after GC invocations=3 (full 1):
 PSYoungGen      total 38400K, used 0K [0x00000000d5f00000, 0x00000000d8980000, 0x0000000100000000)
  eden space 33280K, 0% used [0x00000000d5f00000,0x00000000d5f00000,0x00000000d7f80000)
  from space 5120K, 0% used [0x00000000d8480000,0x00000000d8480000,0x00000000d8980000)
  to   space 5120K, 0% used [0x00000000d7f80000,0x00000000d7f80000,0x00000000d8480000)
 ParOldGen       total 87552K, used 6293K [0x0000000081c00000, 0x0000000087180000, 0x00000000d5f00000)
  object space 87552K, 7% used [0x0000000081c00000,0x0000000082225460,0x0000000087180000)
 Metaspace       used 13123K, capacity 13642K, committed 13952K, reserved 1060864K
  class space    used 1483K, capacity 1661K, committed 1664K, reserved 1048576K
}

Deoptimization events (10 events):
Event: 2.022 Thread 0x0000000004ace800 Uncommon trap: reason=range_check action=none pc=0x000000000501791c method=sun.reflect.generics.parser.SignatureParser.current()C @ 34
Event: 2.022 Thread 0x0000000004ace800 Uncommon trap: reason=range_check action=none pc=0x000000000501791c method=sun.reflect.generics.parser.SignatureParser.current()C @ 34
Event: 2.044 Thread 0x0000000004ace800 Uncommon trap: reason=unstable_if action=reinterpret pc=0x00000000052dcd64 method=org.codehaus.groovy.runtime.metaclass.MetaMethodIndex.isNonRealMethod(Lgroovy/lang/MetaMethod;)Z @ 11
Event: 2.047 Thread 0x0000000004ace800 Uncommon trap: reason=range_check action=none pc=0x000000000501791c method=sun.reflect.generics.parser.SignatureParser.current()C @ 34
Event: 5.067 Thread 0x0000000004ace800 Uncommon trap: reason=bimorphic action=maybe_recompile pc=0x00000000052159b8 method=java.util.regex.Pattern$BmpCharProperty.match(Ljava/util/regex/Matcher;ILjava/lang/CharSequence;)Z @ 16
Event: 5.196 Thread 0x0000000004ace800 Uncommon trap: reason=range_check action=none pc=0x000000000501791c method=sun.reflect.generics.parser.SignatureParser.current()C @ 34
Event: 5.197 Thread 0x0000000004ace800 Uncommon trap: reason=range_check action=none pc=0x000000000501791c method=sun.reflect.generics.parser.SignatureParser.current()C @ 34
Event: 5.208 Thread 0x0000000004ace800 Uncommon trap: reason=range_check action=none pc=0x000000000501791c method=sun.reflect.generics.parser.SignatureParser.current()C @ 34
Event: 5.241 Thread 0x0000000004ace800 Uncommon trap: reason=unstable_if action=reinterpret pc=0x0000000004eb4870 method=java.io.DataInputStream.readUTF(Ljava/io/DataInput;)Ljava/lang/String; @ 31
Event: 5.255 Thread 0x0000000004ace800 Uncommon trap: reason=null_check action=make_not_entrant pc=0x00000000053a4b28 method=sun.invoke.util.VerifyType.isNullConversion(Ljava/lang/Class;Ljava/lang/Class;Z)Z @ 67

Internal exceptions (10 events):
Event: 5.208 Thread 0x0000000004ace800 Exception <a 'java/lang/ClassNotFoundException': java/util/DateCustomizer> (0x00000000d7034290) thrown at [C:\re\workspace\8-2-build-windows-amd64-cygwin\jdk8u111\7883\hotspot\src\share\vm\classfile\systemDictionary.cpp, line 210]
Event: 5.208 Thread 0x0000000004ace800 Exception <a 'java/lang/ArrayIndexOutOfBoundsException': 101> (0x00000000d7037140) thrown at [C:\re\workspace\8-2-build-windows-amd64-cygwin\jdk8u111\7883\hotspot\src\share\vm\interpreter\interpreterRuntime.cpp, line 366]
Event: 5.216 Thread 0x0000000004ace800 Exception <a 'java/lang/ClassNotFoundException': java/text/SimpleDateFormatBeanInfo> (0x00000000d707a698) thrown at [C:\re\workspace\8-2-build-windows-amd64-cygwin\jdk8u111\7883\hotspot\src\share\vm\classfile\systemDictionary.cpp, line 210]
Event: 5.217 Thread 0x0000000004ace800 Exception <a 'java/lang/ClassNotFoundException': java/text/DateFormatBeanInfo> (0x00000000d707e2f8) thrown at [C:\re\workspace\8-2-build-windows-amd64-cygwin\jdk8u111\7883\hotspot\src\share\vm\classfile\systemDictionary.cpp, line 210]
Event: 5.218 Thread 0x0000000004ace800 Exception <a 'java/lang/ClassNotFoundException': java/text/FormatBeanInfo> (0x00000000d7081d38) thrown at [C:\re\workspace\8-2-build-windows-amd64-cygwin\jdk8u111\7883\hotspot\src\share\vm\classfile\systemDictionary.cpp, line 210]
Event: 5.218 Thread 0x0000000004ace800 Exception <a 'java/lang/ClassNotFoundException': java/text/FormatCustomizer> (0x00000000d70859b0) thrown at [C:\re\workspace\8-2-build-windows-amd64-cygwin\jdk8u111\7883\hotspot\src\share\vm\classfile\systemDictionary.cpp, line 210]
Event: 5.219 Thread 0x0000000004ace800 Exception <a 'java/lang/ClassNotFoundException': java/text/DateFormatCustomizer> (0x00000000d708dce8) thrown at [C:\re\workspace\8-2-build-windows-amd64-cygwin\jdk8u111\7883\hotspot\src\share\vm\classfile\systemDictionary.cpp, line 210]
Event: 5.219 Thread 0x0000000004ace800 Exception <a 'java/lang/ClassNotFoundException': java/text/SimpleDateFormatCustomizer> (0x00000000d70a5910) thrown at [C:\re\workspace\8-2-build-windows-amd64-cygwin\jdk8u111\7883\hotspot\src\share\vm\classfile\systemDictionary.cpp, line 210]
Event: 5.287 Thread 0x0000000004ace800 Exception <a 'java/lang/ClassNotFoundException': kfc/com/modelo/Configuracion_Canal_MovimientoBeanInfo> (0x00000000d7270670) thrown at [C:\re\workspace\8-2-build-windows-amd64-cygwin\jdk8u111\7883\hotspot\src\share\vm\classfile\systemDictionary.cpp, line 
Event: 5.288 Thread 0x0000000004ace800 Exception <a 'java/lang/ClassNotFoundException': kfc/com/modelo/Configuracion_Canal_MovimientoCustomizer> (0x00000000d7279028) thrown at [C:\re\workspace\8-2-build-windows-amd64-cygwin\jdk8u111\7883\hotspot\src\share\vm\classfile\systemDictionary.cpp, lin

Events (10 events):
Event: 22.278 Executing VM operation: ChangeBreakpoints
Event: 22.278 Executing VM operation: ChangeBreakpoints done
Event: 22.281 Executing VM operation: EnterInterpOnlyMode
Event: 22.281 Executing nested VM operation: Deoptimize
Event: 22.282 Executing nested VM operation: Deoptimize done
Event: 22.282 Executing VM operation: EnterInterpOnlyMode done
Event: 22.282 Executing VM operation: GetCurrentLocation
Event: 22.282 Executing VM operation: GetCurrentLocation done
Event: 22.282 Executing VM operation: ChangeSingleStep
Event: 22.282 Executing VM operation: ChangeSingleStep done


Dynamic libraries:
0x00007ff69c8d0000 - 0x00007ff69c907000 	C:\Program Files\Java\jdk1.8.0_111 v1\bin\javaw.exe
0x00007ffbfab50000 - 0x00007ffbfad30000 	C:\WINDOWS\SYSTEM32\ntdll.dll
0x00007ffbf9e10000 - 0x00007ffbf9ebe000 	C:\WINDOWS\System32\KERNEL32.dll
0x00007ffbf6b70000 - 0x00007ffbf6caa000 	C:\Windows\system32\hmpalert.dll
0x00007ffbf7590000 - 0x00007ffbf77f6000 	C:\WINDOWS\System32\KERNELBASE.dll
0x00007ffbfa060000 - 0x00007ffbfa101000 	C:\WINDOWS\System32\ADVAPI32.dll
0x00007ffbfaa20000 - 0x00007ffbfaabd000 	C:\WINDOWS\System32\msvcrt.dll
0x00007ffbf99c0000 - 0x00007ffbf9a1b000 	C:\WINDOWS\System32\sechost.dll
0x00007ffbfa3c0000 - 0x00007ffbfa4df000 	C:\WINDOWS\System32\RPCRT4.dll
0x00007ffbf9460000 - 0x00007ffbf95ef000 	C:\WINDOWS\System32\USER32.dll
0x00007ffbf6f50000 - 0x00007ffbf6f70000 	C:\WINDOWS\System32\win32u.dll
0x00007ffbfa310000 - 0x00007ffbfa338000 	C:\WINDOWS\System32\GDI32.dll
0x00007ffbf6f70000 - 0x00007ffbf7103000 	C:\WINDOWS\System32\gdi32full.dll
0x00007ffbf7110000 - 0x00007ffbf71ab000 	C:\WINDOWS\System32\msvcp_win.dll
0x00007ffbf7380000 - 0x00007ffbf7475000 	C:\WINDOWS\System32\ucrtbase.dll
0x00007ffbea630000 - 0x00007ffbea899000 	C:\WINDOWS\WinSxS\amd64_microsoft.windows.common-controls_6595b64144ccf1df_6.0.16299.551_none_15c7d58c93659c3c\COMCTL32.dll
0x00007ffbf95f0000 - 0x00007ffbf98f7000 	C:\WINDOWS\System32\combase.dll
0x00007ffbf7fa0000 - 0x00007ffbf8012000 	C:\WINDOWS\System32\bcryptPrimitives.dll
0x00007ffbf9ac0000 - 0x00007ffbf9aed000 	C:\WINDOWS\System32\IMM32.DLL
0x0000000058e70000 - 0x0000000058f42000 	C:\Program Files\Java\jdk1.8.0_111 v1\bin\msvcr100.dll
0x00000000585d0000 - 0x0000000058e6a000 	C:\Program Files\Java\jdk1.8.0_111 v1\bin\server\jvm.dll
0x00007ffbfa4e0000 - 0x00007ffbfa4e8000 	C:\WINDOWS\System32\PSAPI.DLL
0x00007ffbe6c30000 - 0x00007ffbe6c3a000 	C:\WINDOWS\SYSTEM32\VERSION.dll
0x00007ffbe6b90000 - 0x00007ffbe6b99000 	C:\WINDOWS\SYSTEM32\WSOCK32.dll
0x00007ffbf0e00000 - 0x00007ffbf0e23000 	C:\WINDOWS\SYSTEM32\WINMM.dll
0x00007ffbf9c60000 - 0x00007ffbf9ccc000 	C:\WINDOWS\System32\WS2_32.dll
0x00007ffbf0cc0000 - 0x00007ffbf0cea000 	C:\WINDOWS\SYSTEM32\winmmbase.dll
0x00007ffbf7f50000 - 0x00007ffbf7f9a000 	C:\WINDOWS\System32\cfgmgr32.dll
0x00000000585c0000 - 0x00000000585cf000 	C:\Program Files\Java\jdk1.8.0_111 v1\bin\verify.dll
0x0000000058590000 - 0x00000000585b9000 	C:\Program Files\Java\jdk1.8.0_111 v1\bin\java.dll
0x0000000058550000 - 0x0000000058585000 	C:\Program Files\Java\jdk1.8.0_111 v1\bin\jdwp.dll
0x0000000058540000 - 0x0000000058548000 	C:\Program Files\Java\jdk1.8.0_111 v1\bin\npt.dll
0x0000000058520000 - 0x0000000058536000 	C:\Program Files\Java\jdk1.8.0_111 v1\bin\zip.dll
0x00007ffbf8020000 - 0x00007ffbf9458000 	C:\WINDOWS\System32\SHELL32.dll
0x00007ffbfa260000 - 0x00007ffbfa306000 	C:\WINDOWS\System32\shcore.dll
0x00007ffbf7800000 - 0x00007ffbf7f47000 	C:\WINDOWS\System32\windows.storage.dll
0x00007ffbf9900000 - 0x00007ffbf9951000 	C:\WINDOWS\System32\shlwapi.dll
0x00007ffbf6f30000 - 0x00007ffbf6f41000 	C:\WINDOWS\System32\kernel.appcore.dll
0x00007ffbf6ec0000 - 0x00007ffbf6f0c000 	C:\WINDOWS\System32\powrprof.dll
0x00007ffbf6f10000 - 0x00007ffbf6f2b000 	C:\WINDOWS\System32\profapi.dll
0x0000000058510000 - 0x0000000058519000 	C:\Program Files\Java\jdk1.8.0_111 v1\bin\dt_socket.dll
0x00007ffbe2b70000 - 0x00007ffbe2b86000 	C:\WINDOWS\system32\napinsp.dll
0x00007ffbe2980000 - 0x00007ffbe299a000 	C:\WINDOWS\system32\pnrpnsp.dll
0x00007ffbf2140000 - 0x00007ffbf2158000 	C:\WINDOWS\system32\NLAapi.dll
0x00007ffbf6590000 - 0x00007ffbf65f6000 	C:\WINDOWS\System32\mswsock.dll
0x00007ffbf6370000 - 0x00007ffbf6426000 	C:\WINDOWS\SYSTEM32\DNSAPI.dll
0x00007ffbf9cf0000 - 0x00007ffbf9cf8000 	C:\WINDOWS\System32\NSI.dll
0x00007ffbf6320000 - 0x00007ffbf6359000 	C:\WINDOWS\SYSTEM32\IPHLPAPI.DLL
0x00007ffbe2ac0000 - 0x00007ffbe2ace000 	C:\WINDOWS\System32\winrnr.dll
0x000000005a420000 - 0x000000005a446000 	C:\Program Files\Bonjour\mdnsNSP.dll
0x00007ffbf0e30000 - 0x00007ffbf0e45000 	C:\WINDOWS\System32\wshbth.dll
0x00007ffbf4110000 - 0x00007ffbf4180000 	C:\WINDOWS\System32\fwpuclnt.dll
0x00007ffbf68c0000 - 0x00007ffbf68e5000 	C:\WINDOWS\SYSTEM32\bcrypt.dll
0x00007ffbe7940000 - 0x00007ffbe794a000 	C:\Windows\System32\rasadhlp.dll
0x00000000584f0000 - 0x000000005850a000 	C:\Program Files\Java\jdk1.8.0_111 v1\bin\net.dll
0x00007ffbf6750000 - 0x00007ffbf6767000 	C:\WINDOWS\SYSTEM32\CRYPTSP.dll
0x00007ffbf6190000 - 0x00007ffbf61c3000 	C:\WINDOWS\system32\rsaenh.dll
0x00007ffbf6da0000 - 0x00007ffbf6dc9000 	C:\WINDOWS\SYSTEM32\USERENV.dll
0x00007ffbf6770000 - 0x00007ffbf677b000 	C:\WINDOWS\SYSTEM32\CRYPTBASE.dll
0x00007ffbf4920000 - 0x00007ffbf4936000 	C:\WINDOWS\SYSTEM32\dhcpcsvc6.DLL
0x00007ffbf48e0000 - 0x00007ffbf48fa000 	C:\WINDOWS\SYSTEM32\dhcpcsvc.DLL
0x00000000584d0000 - 0x00000000584e1000 	C:\Program Files\Java\jdk1.8.0_111 v1\bin\nio.dll
0x00000000584a0000 - 0x00000000584c4000 	C:\Program Files\Java\jdk1.8.0_111 v1\bin\sunec.dll
0x0000000058490000 - 0x000000005849b000 	C:\Program Files\Java\jdk1.8.0_111 v1\bin\sunmscapi.dll
0x00007ffbf71b0000 - 0x00007ffbf737e000 	C:\WINDOWS\System32\CRYPT32.dll
0x00007ffbf6ea0000 - 0x00007ffbf6eb2000 	C:\WINDOWS\System32\MSASN1.dll
0x00007ffbe10b0000 - 0x00007ffbe1278000 	C:\WINDOWS\SYSTEM32\dbghelp.dll

VM Arguments:
jvm_args: -agentlib:jdwp=transport=dt_socket,suspend=y,address=localhost:62694 -Dfile.encoding=Cp1252 
java_command: com.kfc.Main
java_class_path (initial): C:\Program Files\Java\jdk1.8.0_111 v1\lib\resources.jar;C:\Program Files\Java\jdk1.8.0_111 v1\lib\rt.jar;C:\Program Files\Java\jdk1.8.0_111 v1\lib\jsse.jar;C:\Program Files\Java\jdk1.8.0_111 v1\lib\jce.jar;C:\Program Files\Java\jdk1.8.0_111 v1\lib\charsets.jar;C:\Program Files\Java\jdk1.8.0_111 v1\lib\jfr.jar;C:\Program Files\Java\jdk1.8.0_111 v1\lib\ext\access-bridge-64.jar;C:\Program Files\Java\jdk1.8.0_111 v1\lib\ext\cldrdata.jar;C:\Program Files\Java\jdk1.8.0_111 v1\lib\ext\dnsns.jar;C:\Program Files\Java\jdk1.8.0_111 v1\lib\ext\jaccess.jar;C:\Program Files\Java\jdk1.8.0_111 v1\lib\ext\jfxrt.jar;C:\Program Files\Java\jdk1.8.0_111 v1\lib\ext\localedata.jar;C:\Program Files\Java\jdk1.8.0_111 v1\lib\ext\nashorn.jar;C:\Program Files\Java\jdk1.8.0_111 v1\lib\ext\sunec.jar;C:\Program Files\Java\jdk1.8.0_111 v1\lib\ext\sunjce_provider.jar;C:\Program Files\Java\jdk1.8.0_111 v1\lib\ext\sunmscapi.jar;C:\Program Files\Java\jdk1.8.0_111 v1\lib\ext\sunpkcs11.jar;C:\Program Files\Java\jdk1.8.0_111 v1\lib\ext\zipfs.jar;C:\eclipse\Projects\ServicioTarjetaGrupoKFC\bin;C:\eclipse\plugins\org.codehaus.groovy_2.6.0.xx-201806070044-e47\lib\groovy-2.6.0-indy.jar;C:\eclipse\plugins\org.codehaus.groovy_2.6.0.xx-201806070044-e47\lib\groovy-test-2.6.0-indy.jar;C:\eclipse\plugins\org.codehaus.groovy_2.6.0.xx-201806070044-e47\lib\ivy-2.4.0.jar;C:\Users\mychael.castro\.groovy\greclipse\global_dsld_support;C:\eclipse\plugins\org.codehaus.groovy_2.6.0.xx-201806070044-e47\plugin_dsld_support\;C:\eclipse\Projects\ServicioTarjetaGrupoKFC\src\sqljdbc4-4.0.jar;C:\eclipse\Projects\ServicioTarjetaGrupoKFC\src\java-json.jar
Launcher Type: SUN_STANDARD

Environment Variables:
JAVA_HOME=C:\Program Files\Java\jdk1.8.0_171 64 bits
PATH=C:/JRE 64 bita/bin/server;C:/JRE 64 bita/bin;C:/JRE 64 bita/lib/amd64;C:\Program Files (x86)\Common Files\Oracle\Java\javapath;C:\ProgramData\Oracle\Java\javapath;C:\WINDOWS\system32;C:\WINDOWS;C:\WINDOWS\System32\Wbem;C:\WINDOWS\System32\WindowsPowerShell\v1.0\;c:\Program Files (x86)\Microsoft SQL Server\110\Tools\Binn\;c:\Program Files (x86)\Microsoft SQL Server\110\DTS\Binn\;c:\Program Files (x86)\Microsoft SQL Server\110\Tools\Binn\ManagementStudio\;C:\Program Files (x86)\GitExtensions\;C:\Program Files\Git\cmd;C:\WINDOWS\system32\config\systemprofile\.dnx\bin;C:\Program Files\Microsoft DNX\Dnvm\;C:\Program Files\Microsoft SQL Server\130\Tools\Binn\;C:\Program Files (x86)\Skype\Phone\;C:\Program Files\Microsoft SQL Server\110\Tools\Binn\;C:\Program Files (x86)\GtkSharp\2.12\bin;C:\Program Files (x86)\QuickTime\QTSystem\;C:\Program Files\nodejs\;C:\xampp\php;C:\ProgramData\ComposerSetup\bin;C:\Program Files\Microsoft SQL Server\120\DTS\Binn\;C:\Program Files\Microsoft SQL Server\Client SDK\ODBC\110\Tools\Binn\;C:\Program Files (x86)\Microsoft SQL Server\120\Tools\Binn\;C:\Program Files\Microsoft SQL Server\120\Tools\Binn\;C:\Program Files (x86)\Microsoft SQL Server\120\Tools\Binn\ManagementStudio\;C:\Program Files (x86)\Microsoft SQL Server\120\DTS\Binn\;C:\grails\bin;C:\Program Files\Java\jdk1.8.0_171 64 bits\bin;C:\Users\mychael.castro\AppData\Local\Microsoft\WindowsApps;C:\Program Files\Microsoft VS Code\bin;C:\Users\mychael.castro\AppData\Roaming\npm;C:\Users\mychael.castro\AppData\Roaming\Composer\vendor\bin;C:\Program Files (x86)\Sophos\Sophos SSL VPN Client\bin;C:\eclipse;
USERNAME=mychael.castro
OS=Windows_NT
PROCESSOR_IDENTIFIER=Intel64 Family 6 Model 78 Stepping 3, GenuineIntel



---------------  S Y S T E M  ---------------

OS: Windows 10.0 , 64 bit Build 16299 (10.0.16299.431)

CPU:total 4 (2 cores per cpu, 2 threads per core) family 6 model 78 stepping 3, cmov, cx8, fxsr, mmx, sse, sse2, sse3, ssse3, sse4.1, sse4.2, popcnt, avx, avx2, aes, clmul, erms, 3dnowpref, lzcnt, ht, tsc, tscinvbit, bmi1, bmi2, adx

Memory: 4k page, physical 8272352k(2210024k free), swap 13777376k(4968984k free)

vm_info: Java HotSpot(TM) 64-Bit Server VM (25.111-b14) for windows-amd64 JRE (1.8.0_111-b14), built on Sep 22 2016 19:24:05 by "java_re" with MS VC++ 10.0 (VS2010)

time: Tue Aug 07 15:57:05 2018
elapsed time: 22 seconds (0d 0h 0m 22s)

